<?xml version="1.0" encoding="UTF-8"?>
<!-- Generated by org.testng.reporters.JUnitReportReporter -->
<testsuite hostname="Techno-311" failures="0" tests="285" name="io.mosip.testscripts.SimplePost" time="221.332" errors="16" timestamp="14 Jul 2023 17:24:05 GMT" skipped="0">
  <testcase classname="io.mosip.testscripts.SimplePost" name="MasterData_SearchDocCategories_inValid_filter_value" time="0.871"/>
  <testcase classname="io.mosip.testscripts.SimplePost" name="MasterData_SearchRegCenterType_inValid_columnName_blank" time="0.838"/>
  <testcase classname="io.mosip.testscripts.SimplePost" name="Masterdata_SearchMachineSpec_Equals_Name_eng_smoke" time="0.752"/>
  <testcase classname="io.mosip.testscripts.SimplePost" name="MasterData_DeviceTypeFilter_Valid_Smoke" time="0.822"/>
  <testcase classname="io.mosip.testscripts.SimplePost" name="MasterData_SearchRegCenterType_valid_typeFilter_startsWith" time="0.748"/>
  <testcase classname="io.mosip.testscripts.SimplePost" name="Masterdata_FilterBlockListedWords_Valid_TypeAll" time="0.825">
    <error message="Failed at output validation" type="io.mosip.admin.fw.util.AdminTestException">
      <![CDATA[io.mosip.admin.fw.util.AdminTestException: Failed at output validation
	at io.mosip.testscripts.SimplePost.test(SimplePost.java:102)
	at jdk.internal.reflect.GeneratedMethodAccessor183.invoke(Unknown Source)
	at java.base/jdk.internal.reflect.DelegatingMethodAccessorImpl.invoke(DelegatingMethodAccessorImpl.java:43)
	at java.base/java.lang.reflect.Method.invoke(Method.java:566)
	at org.testng.internal.MethodInvocationHelper.invokeMethod(MethodInvocationHelper.java:108)
	at org.testng.internal.Invoker.invokeMethod(Invoker.java:661)
	at org.testng.internal.Invoker.invokeTestMethod(Invoker.java:869)
	at org.testng.internal.Invoker.invokeTestMethods(Invoker.java:1193)
	at org.testng.internal.TestMethodWorker.invokeTestMethods(TestMethodWorker.java:126)
	at org.testng.internal.TestMethodWorker.run(TestMethodWorker.java:109)
	at org.testng.TestRunner.privateRun(TestRunner.java:744)
	at org.testng.TestRunner.run(TestRunner.java:602)
	at org.testng.SuiteRunner.runTest(SuiteRunner.java:380)
	at org.testng.SuiteRunner.runSequentially(SuiteRunner.java:375)
	at org.testng.SuiteRunner.privateRun(SuiteRunner.java:340)
	at org.testng.SuiteRunner.run(SuiteRunner.java:289)
	at org.testng.SuiteRunnerWorker.runSuite(SuiteRunnerWorker.java:52)
	at org.testng.SuiteRunnerWorker.run(SuiteRunnerWorker.java:86)
	at org.testng.TestNG.runSuitesSequentially(TestNG.java:1301)
	at org.testng.TestNG.runSuitesLocally(TestNG.java:1226)
	at org.testng.TestNG.runSuites(TestNG.java:1144)
	at org.testng.TestNG.run(TestNG.java:1115)
	at io.mosip.testrunner.MosipTestRunner.startTestRunner(MosipTestRunner.java:161)
	at io.mosip.testrunner.MosipTestRunner.main(MosipTestRunner.java:103)
]]>
    </error>
  </testcase> <!-- Masterdata_FilterBlockListedWords_Valid_TypeAll -->
  <testcase classname="io.mosip.testscripts.SimplePost" name="MasterData_SearchDocCategories_Valid_sortType_DESC" time="0.778"/>
  <testcase classname="io.mosip.testscripts.SimplePost" name="MasterData_SearchRegCenterType_inValid_columnName" time="0.761"/>
  <testcase classname="io.mosip.testscripts.SimplePost" name="MasterData_DeviceSearch_Invalid_Value_Name_smoke" time="0.854"/>
  <testcase classname="io.mosip.testscripts.SimplePost" name="Masterdata_SearchMachine_Valid_ColumnMacAddressNFilterTypeEquals" time="0.788"/>
  <testcase classname="io.mosip.testscripts.SimplePost" name="MasterData_DeviceFilter_MacAddress_All_smoke" time="0.755"/>
  <testcase classname="io.mosip.testscripts.SimplePost" name="MasterData_DeviceSpecFilter_Unique_Brand_eng_smoke" time="0.816">
    <error message="Failed at output validation" type="io.mosip.admin.fw.util.AdminTestException">
      <![CDATA[io.mosip.admin.fw.util.AdminTestException: Failed at output validation
	at io.mosip.testscripts.SimplePost.test(SimplePost.java:102)
	at jdk.internal.reflect.GeneratedMethodAccessor183.invoke(Unknown Source)
	at java.base/jdk.internal.reflect.DelegatingMethodAccessorImpl.invoke(DelegatingMethodAccessorImpl.java:43)
	at java.base/java.lang.reflect.Method.invoke(Method.java:566)
	at org.testng.internal.MethodInvocationHelper.invokeMethod(MethodInvocationHelper.java:108)
	at org.testng.internal.Invoker.invokeMethod(Invoker.java:661)
	at org.testng.internal.Invoker.invokeTestMethod(Invoker.java:869)
	at org.testng.internal.Invoker.invokeTestMethods(Invoker.java:1193)
	at org.testng.internal.TestMethodWorker.invokeTestMethods(TestMethodWorker.java:126)
	at org.testng.internal.TestMethodWorker.run(TestMethodWorker.java:109)
	at org.testng.TestRunner.privateRun(TestRunner.java:744)
	at org.testng.TestRunner.run(TestRunner.java:602)
	at org.testng.SuiteRunner.runTest(SuiteRunner.java:380)
	at org.testng.SuiteRunner.runSequentially(SuiteRunner.java:375)
	at org.testng.SuiteRunner.privateRun(SuiteRunner.java:340)
	at org.testng.SuiteRunner.run(SuiteRunner.java:289)
	at org.testng.SuiteRunnerWorker.runSuite(SuiteRunnerWorker.java:52)
	at org.testng.SuiteRunnerWorker.run(SuiteRunnerWorker.java:86)
	at org.testng.TestNG.runSuitesSequentially(TestNG.java:1301)
	at org.testng.TestNG.runSuitesLocally(TestNG.java:1226)
	at org.testng.TestNG.runSuites(TestNG.java:1144)
	at org.testng.TestNG.run(TestNG.java:1115)
	at io.mosip.testrunner.MosipTestRunner.startTestRunner(MosipTestRunner.java:161)
	at io.mosip.testrunner.MosipTestRunner.main(MosipTestRunner.java:103)
]]>
    </error>
  </testcase> <!-- MasterData_DeviceSpecFilter_Unique_Brand_eng_smoke -->
  <testcase classname="io.mosip.testscripts.SimplePost" name="Masterdata_MachineTypeSearch_invalidPaginationValue" time="0.734"/>
  <testcase classname="io.mosip.testscripts.SimplePost" name="MasterData_SearchRegCenterType_inValid_sortType" time="0.758"/>
  <testcase classname="io.mosip.testscripts.SimplePost" name="Masterdata_SearchMachineSpec_Valid_col_as_Model" time="0.770"/>
  <testcase classname="io.mosip.testscripts.SimplePost" name="MasterData_FilterRegCenterType_inValid_filterType" time="0.781"/>
  <testcase classname="io.mosip.testscripts.SimplePost" name="Masterdata_CreateBlockListedWords_All_Valid_Smoke" time="1.185"/>
  <testcase classname="io.mosip.testscripts.SimplePost" name="MasterData_SearchDocumentType_inValid_sortType" time="0.755"/>
  <testcase classname="io.mosip.testscripts.SimplePost" name="Masterdata_SearchBlockListedWords_Invalid_EmptyFilterType" time="0.763"/>
  <testcase classname="io.mosip.testscripts.SimplePost" name="MasterData_SearchDocumentType_inValid_columnName_blank" time="0.766"/>
  <testcase classname="io.mosip.testscripts.SimplePost" name="Masterdata_SearchMachineSpec_inValid_sortType" time="0.735"/>
  <testcase classname="io.mosip.testscripts.SimplePost" name="Masterdata_CreateMachineType_InputParameter_Name_Empty" time="0.705"/>
  <testcase classname="io.mosip.testscripts.SimplePost" name="Masterdata_FilterMachineType_inValid_filterType" time="0.798"/>
  <testcase classname="io.mosip.testscripts.SimplePost" name="MasterData_DeviceSpecSearch_TwoValueSearch_pos" time="0.829"/>
  <testcase classname="io.mosip.testscripts.SimplePost" name="Masterdata_SearchMachine_Valid_TwoFilterValues_TypeEqualsNEquals" time="0.883"/>
  <testcase classname="io.mosip.testscripts.SimplePost" name="MasterData_SearchDocumentType_inValid_filterType_blank" time="0.722"/>
  <testcase classname="io.mosip.testscripts.SimplePost" name="MasterData_DeviceSpecFilter_Invalid_FilterType_neg" time="0.727"/>
  <testcase classname="io.mosip.testscripts.SimplePost" name="MasterData_FilterDocCategory_inValid_RequestTime_format" time="0.754"/>
  <testcase classname="io.mosip.testscripts.SimplePost" name="MasterData_CreateDocumentCategory_Invalid_InputParameter_Name_Missing" time="0.712"/>
  <testcase classname="io.mosip.testscripts.SimplePost" name="MasterData_SearchRegCenterType_valid_col_isActive_true" time="0.724"/>
  <testcase classname="io.mosip.testscripts.SimplePost" name="MasterData_SearchDocumentType_inValid_typeFilter_startsWith" time="0.751"/>
  <testcase classname="io.mosip.testscripts.SimplePost" name="Masterdata_MachineTypeSearch_invalid_SortField" time="0.757"/>
  <testcase classname="io.mosip.testscripts.SimplePost" name="MasterData_DeviceFilter_inValid_columnName" time="0.814"/>
  <testcase classname="io.mosip.testscripts.SimplePost" name="Masterdata_MachineTypeSearch_columnName_empty" time="0.803"/>
  <testcase classname="io.mosip.testscripts.SimplePost" name="Masterdata_SearchMachineSpec_inValid_sortField" time="0.902"/>
  <testcase classname="io.mosip.testscripts.SimplePost" name="MasterData_DeviceSpecFilter_Unique_Name_eng_smoke" time="0.721"/>
  <testcase classname="io.mosip.testscripts.SimplePost" name="Masterdata_SearchMachine_Invalid_EmptyFilterType" time="0.758"/>
  <testcase classname="io.mosip.testscripts.SimplePost" name="MasterData_DeviceSpecSearch_Equals_Model" time="0.736"/>
  <testcase classname="io.mosip.testscripts.SimplePost" name="MasterData_SearchDocumentType_inValid_sortField" time="0.751"/>
  <testcase classname="io.mosip.testscripts.SimplePost" name="MasterData_SearchDocumentType_inValid_pagesize" time="0.720"/>
  <testcase classname="io.mosip.testscripts.SimplePost" name="MasterData_SearchRegCenterType_inValid_sortType_blank" time="0.709"/>
  <testcase classname="io.mosip.testscripts.SimplePost" name="MasterData_FilterHolidays_inValid_filterType" time="0.741"/>
  <testcase classname="io.mosip.testscripts.SimplePost" name="MasterData_DeviceTypeSearch_Contains_Name_eng_smoke" time="0.880"/>
  <testcase classname="io.mosip.testscripts.SimplePost" name="MasterData_DeviceSpecSearch_Invalid_SortType" time="0.769"/>
  <testcase classname="io.mosip.testscripts.SimplePost" name="MasterData_FilterDocumentType_inValid_filterColumnName" time="0.803"/>
  <testcase classname="io.mosip.testscripts.SimplePost" name="MasterData_DeviceSpecSearch_DESC_Name_eng" time="0.827"/>
  <testcase classname="io.mosip.testscripts.SimplePost" name="MasterData_CreateDeviceType_InputParameter_Name_Empty" time="0.706"/>
  <testcase classname="io.mosip.testscripts.SimplePost" name="MasterData_RegCenterFilter_Invalid_RequestTime" time="0.750"/>
  <testcase classname="io.mosip.testscripts.SimplePost" name="MasterData_CreateDocumentType_All_Valid_Mandatory_Fields_Eng" time="0.912"/>
  <testcase classname="io.mosip.testscripts.SimplePost" name="MasterData_CreateDocumentCategory_Invalid_InputParameter_Code_Empty" time="0.700"/>
  <testcase classname="io.mosip.testscripts.SimplePost" name="Masterdata_SearchBlockListedWords_Valid_SortFieldDESC" time="0.774"/>
  <testcase classname="io.mosip.testscripts.SimplePost" name="MasterData_DeviceSpecSearch_ASC_Name_eng" time="0.778"/>
  <testcase classname="io.mosip.testscripts.SimplePost" name="MasterData_SearchRegCenterType_inValid_sortField" time="0.719"/>
  <testcase classname="io.mosip.testscripts.SimplePost" name="Masterdata_SearchBlockListedWords_Invalid_ColumnName" time="0.767"/>
  <testcase classname="io.mosip.testscripts.SimplePost" name="MasterData_DeviceSearch_Invalid_SortType_neg" time="0.719"/>
  <testcase classname="io.mosip.testscripts.SimplePost" name="MasterData_FilterRegCenterType_inValid_filterColumnName_blank" time="0.697"/>
  <testcase classname="io.mosip.testscripts.SimplePost" name="Masterdata_FilterMachineType_inValid_RequestTime_format" time="0.794"/>
  <testcase classname="io.mosip.testscripts.SimplePost" name="MasterData_SearchRegCenterType_inValid_filter_value" time="0.803"/>
  <testcase classname="io.mosip.testscripts.SimplePost" name="MasterData_FilterDocCategory_inValid_filterType" time="0.758"/>
  <testcase classname="io.mosip.testscripts.SimplePost" name="Masterdata_SearchMachineSpec_inValid_requestTime_format" time="0.702"/>
  <testcase classname="io.mosip.testscripts.SimplePost" name="Masterdata_FilterMachineSpec_inValid_RequestTime_format" time="0.712"/>
  <testcase classname="io.mosip.testscripts.SimplePost" name="Masterdata_SearchMachine_Valid_FilterTypeContains" time="0.778"/>
  <testcase classname="io.mosip.testscripts.SimplePost" name="MasterData_SearchDocumentType_inValid_requestTime_format" time="0.755"/>
  <testcase classname="io.mosip.testscripts.SimplePost" name="MasterData_FilterDocCategory_inValid_FilterText" time="0.752"/>
  <testcase classname="io.mosip.testscripts.SimplePost" name="MasterData_FilterDocCategory_inValid_filterColumnName_blank" time="0.700"/>
  <testcase classname="io.mosip.testscripts.SimplePost" name="MasterData_SearchDocumentType_inValid_typeFilter_contains" time="0.734"/>
  <testcase classname="io.mosip.testscripts.SimplePost" name="Masterdata_FilterMachineSpec_Valid_col_model" time="0.778"/>
  <testcase classname="io.mosip.testscripts.SimplePost" name="MasterData_DeviceTypeFilter_Invalid_Value_Name_neg" time="0.765"/>
  <testcase classname="io.mosip.testscripts.SimplePost" name="Masterdata_SearchMachine_Invalid_ColumnName" time="0.765"/>
  <testcase classname="io.mosip.testscripts.SimplePost" name="MasterData_SearchDocumnetType_Valid_Smoke" time="0.814">
    <error message="Failed at output validation" type="io.mosip.admin.fw.util.AdminTestException">
      <![CDATA[io.mosip.admin.fw.util.AdminTestException: Failed at output validation
	at io.mosip.testscripts.SimplePost.test(SimplePost.java:102)
	at jdk.internal.reflect.GeneratedMethodAccessor183.invoke(Unknown Source)
	at java.base/jdk.internal.reflect.DelegatingMethodAccessorImpl.invoke(DelegatingMethodAccessorImpl.java:43)
	at java.base/java.lang.reflect.Method.invoke(Method.java:566)
	at org.testng.internal.MethodInvocationHelper.invokeMethod(MethodInvocationHelper.java:108)
	at org.testng.internal.Invoker.invokeMethod(Invoker.java:661)
	at org.testng.internal.Invoker.invokeTestMethod(Invoker.java:869)
	at org.testng.internal.Invoker.invokeTestMethods(Invoker.java:1193)
	at org.testng.internal.TestMethodWorker.invokeTestMethods(TestMethodWorker.java:126)
	at org.testng.internal.TestMethodWorker.run(TestMethodWorker.java:109)
	at org.testng.TestRunner.privateRun(TestRunner.java:744)
	at org.testng.TestRunner.run(TestRunner.java:602)
	at org.testng.SuiteRunner.runTest(SuiteRunner.java:380)
	at org.testng.SuiteRunner.runSequentially(SuiteRunner.java:375)
	at org.testng.SuiteRunner.privateRun(SuiteRunner.java:340)
	at org.testng.SuiteRunner.run(SuiteRunner.java:289)
	at org.testng.SuiteRunnerWorker.runSuite(SuiteRunnerWorker.java:52)
	at org.testng.SuiteRunnerWorker.run(SuiteRunnerWorker.java:86)
	at org.testng.TestNG.runSuitesSequentially(TestNG.java:1301)
	at org.testng.TestNG.runSuitesLocally(TestNG.java:1226)
	at org.testng.TestNG.runSuites(TestNG.java:1144)
	at org.testng.TestNG.run(TestNG.java:1115)
	at io.mosip.testrunner.MosipTestRunner.startTestRunner(MosipTestRunner.java:161)
	at io.mosip.testrunner.MosipTestRunner.main(MosipTestRunner.java:103)
]]>
    </error>
  </testcase> <!-- MasterData_SearchDocumnetType_Valid_Smoke -->
  <testcase classname="io.mosip.testscripts.SimplePost" name="Masterdata_SearchMachineSpec_inValid_filterType" time="0.721"/>
  <testcase classname="io.mosip.testscripts.SimplePost" name="Masterdata_SearchMachine_Valid_ColumnMacAddressNTypeStartsWith" time="0.798"/>
  <testcase classname="io.mosip.testscripts.SimplePost" name="MasterData_SearchDocumentType_inValid_filter_value" time="0.802"/>
  <testcase classname="io.mosip.testscripts.SimplePost" name="Masterdata_SearchMachineSpec_inValid_sortField_blank" time="0.705"/>
  <testcase classname="io.mosip.testscripts.SimplePost" name="MasterData_DeviceSpecFilter_Unique_IsActive_smoke" time="0.731"/>
  <testcase classname="io.mosip.testscripts.SimplePost" name="Masterdata_SearchMachineSpec_inValid_pagesize" time="0.768"/>
  <testcase classname="io.mosip.testscripts.SimplePost" name="MasterData_DeviceSpecFilter_All_Brand_eng_smoke" time="0.800">
    <error message="Failed at output validation" type="io.mosip.admin.fw.util.AdminTestException">
      <![CDATA[io.mosip.admin.fw.util.AdminTestException: Failed at output validation
	at io.mosip.testscripts.SimplePost.test(SimplePost.java:102)
	at jdk.internal.reflect.GeneratedMethodAccessor183.invoke(Unknown Source)
	at java.base/jdk.internal.reflect.DelegatingMethodAccessorImpl.invoke(DelegatingMethodAccessorImpl.java:43)
	at java.base/java.lang.reflect.Method.invoke(Method.java:566)
	at org.testng.internal.MethodInvocationHelper.invokeMethod(MethodInvocationHelper.java:108)
	at org.testng.internal.Invoker.invokeMethod(Invoker.java:661)
	at org.testng.internal.Invoker.invokeTestMethod(Invoker.java:869)
	at org.testng.internal.Invoker.invokeTestMethods(Invoker.java:1193)
	at org.testng.internal.TestMethodWorker.invokeTestMethods(TestMethodWorker.java:126)
	at org.testng.internal.TestMethodWorker.run(TestMethodWorker.java:109)
	at org.testng.TestRunner.privateRun(TestRunner.java:744)
	at org.testng.TestRunner.run(TestRunner.java:602)
	at org.testng.SuiteRunner.runTest(SuiteRunner.java:380)
	at org.testng.SuiteRunner.runSequentially(SuiteRunner.java:375)
	at org.testng.SuiteRunner.privateRun(SuiteRunner.java:340)
	at org.testng.SuiteRunner.run(SuiteRunner.java:289)
	at org.testng.SuiteRunnerWorker.runSuite(SuiteRunnerWorker.java:52)
	at org.testng.SuiteRunnerWorker.run(SuiteRunnerWorker.java:86)
	at org.testng.TestNG.runSuitesSequentially(TestNG.java:1301)
	at org.testng.TestNG.runSuitesLocally(TestNG.java:1226)
	at org.testng.TestNG.runSuites(TestNG.java:1144)
	at org.testng.TestNG.run(TestNG.java:1115)
	at io.mosip.testrunner.MosipTestRunner.startTestRunner(MosipTestRunner.java:161)
	at io.mosip.testrunner.MosipTestRunner.main(MosipTestRunner.java:103)
]]>
    </error>
  </testcase> <!-- MasterData_DeviceSpecFilter_All_Brand_eng_smoke -->
  <testcase classname="io.mosip.testscripts.SimplePost" name="MasterData_DeviceFilter_Name_eng_All_smoke" time="0.793"/>
  <testcase classname="io.mosip.testscripts.SimplePost" name="MasterData_DeviceSpecSearch_Invalid_ColumnName" time="0.759"/>
  <testcase classname="io.mosip.testscripts.SimplePost" name="Masterdata_FilterMachineSpec_Valid_name_tro_filterType_unique" time="0.762"/>
  <testcase classname="io.mosip.testscripts.SimplePost" name="MasterData_DeviceSpecSearch_Equals_DeviceTypeName" time="0.802"/>
  <testcase classname="io.mosip.testscripts.SimplePost" name="MasterData_CreateDocumentCategory_Invalid_InputParameter_Code_AboveMaxLen36" time="0.747"/>
  <testcase classname="io.mosip.testscripts.SimplePost" name="MasterData_SearchDocCategories_inValid_filterType_blank" time="0.715"/>
  <testcase classname="io.mosip.testscripts.SimplePost" name="MasterData_DeviceFilter_MacAddress_Unique_smoke" time="0.759"/>
  <testcase classname="io.mosip.testscripts.SimplePost" name="MasterData_CreateDocumentCategory_All_Valid_Mandatory_Fields" time="0.760">
    <error message="Failed at output validation" type="io.mosip.admin.fw.util.AdminTestException">
      <![CDATA[io.mosip.admin.fw.util.AdminTestException: Failed at output validation
	at io.mosip.testscripts.SimplePost.test(SimplePost.java:102)
	at jdk.internal.reflect.GeneratedMethodAccessor183.invoke(Unknown Source)
	at java.base/jdk.internal.reflect.DelegatingMethodAccessorImpl.invoke(DelegatingMethodAccessorImpl.java:43)
	at java.base/java.lang.reflect.Method.invoke(Method.java:566)
	at org.testng.internal.MethodInvocationHelper.invokeMethod(MethodInvocationHelper.java:108)
	at org.testng.internal.Invoker.invokeMethod(Invoker.java:661)
	at org.testng.internal.Invoker.invokeTestMethod(Invoker.java:869)
	at org.testng.internal.Invoker.invokeTestMethods(Invoker.java:1193)
	at org.testng.internal.TestMethodWorker.invokeTestMethods(TestMethodWorker.java:126)
	at org.testng.internal.TestMethodWorker.run(TestMethodWorker.java:109)
	at org.testng.TestRunner.privateRun(TestRunner.java:744)
	at org.testng.TestRunner.run(TestRunner.java:602)
	at org.testng.SuiteRunner.runTest(SuiteRunner.java:380)
	at org.testng.SuiteRunner.runSequentially(SuiteRunner.java:375)
	at org.testng.SuiteRunner.privateRun(SuiteRunner.java:340)
	at org.testng.SuiteRunner.run(SuiteRunner.java:289)
	at org.testng.SuiteRunnerWorker.runSuite(SuiteRunnerWorker.java:52)
	at org.testng.SuiteRunnerWorker.run(SuiteRunnerWorker.java:86)
	at org.testng.TestNG.runSuitesSequentially(TestNG.java:1301)
	at org.testng.TestNG.runSuitesLocally(TestNG.java:1226)
	at org.testng.TestNG.runSuites(TestNG.java:1144)
	at org.testng.TestNG.run(TestNG.java:1115)
	at io.mosip.testrunner.MosipTestRunner.startTestRunner(MosipTestRunner.java:161)
	at io.mosip.testrunner.MosipTestRunner.main(MosipTestRunner.java:103)
]]>
    </error>
  </testcase> <!-- MasterData_CreateDocumentCategory_All_Valid_Mandatory_Fields -->
  <testcase classname="io.mosip.testscripts.SimplePost" name="Masterdata_SearchBlockListedWords_Valid_Request_Smoke" time="0.759"/>
  <testcase classname="io.mosip.testscripts.SimplePost" name="MasterData_DeviceSpecFilter_Invalid_Value_Name_neg" time="0.795"/>
  <testcase classname="io.mosip.testscripts.SimplePost" name="MasterData_CreateDeviceType_InputParameter_isActive_Missing" time="0.719"/>
  <testcase classname="io.mosip.testscripts.SimplePost" name="MasterData_SearchRegCenterType_inValid_filterType_blank" time="0.716"/>
  <testcase classname="io.mosip.testscripts.SimplePost" name="MasterData_SearchDocCategories_inValid_sortField_blank" time="0.908"/>
  <testcase classname="io.mosip.testscripts.SimplePost" name="MasterData_DeviceTypeSearch_Invalid_ColumnName_neg" time="0.725"/>
  <testcase classname="io.mosip.testscripts.SimplePost" name="Masterdata_BlockListedWordValidation_eng_All_Valid_Smoke" time="0.733"/>
  <testcase classname="io.mosip.testscripts.SimplePost" name="Masterdata_FilterMachineSpec_Valid_name_tro_filterType_all" time="0.743"/>
  <testcase classname="io.mosip.testscripts.SimplePost" name="MasterData_SearchDocumentType_inValid_sortField_blank" time="0.757"/>
  <testcase classname="io.mosip.testscripts.SimplePost" name="MasterData_CreateDocumentCategory_InputParameter_isActive_Missing" time="0.786"/>
  <testcase classname="io.mosip.testscripts.SimplePost" name="MasterData_CreateDeviceType_InputParameter_Name_Missing" time="0.737"/>
  <testcase classname="io.mosip.testscripts.SimplePost" name="Masterdata_SearchMachine_Valid_SortFieldDESC" time="0.841"/>
  <testcase classname="io.mosip.testscripts.SimplePost" name="MasterData_DeviceSpecFilter_inValid_columnName" time="0.722"/>
  <testcase classname="io.mosip.testscripts.SimplePost" name="Masterdata_MachineTypeSearch_invalid_sortType" time="1.090"/>
  <testcase classname="io.mosip.testscripts.SimplePost" name="MasterData_DeviceSearch_Equals_MacAddress_smoke" time="0.809"/>
  <testcase classname="io.mosip.testscripts.SimplePost" name="MasterData_HolidaySearch_Invalid_FilterType_neg" time="0.726"/>
  <testcase classname="io.mosip.testscripts.SimplePost" name="MasterData_RegCenterSearch_Equals_Name_eng_smoke" time="0.743"/>
  <testcase classname="io.mosip.testscripts.SimplePost" name="Masterdata_FilterMachineType_inValid_filterType_blank" time="1.106"/>
  <testcase classname="io.mosip.testscripts.SimplePost" name="MasterData_DeviceSpecFilter_Unique_Model_smoke" time="0.746">
    <error message="Failed at output validation" type="io.mosip.admin.fw.util.AdminTestException">
      <![CDATA[io.mosip.admin.fw.util.AdminTestException: Failed at output validation
	at io.mosip.testscripts.SimplePost.test(SimplePost.java:102)
	at jdk.internal.reflect.GeneratedMethodAccessor183.invoke(Unknown Source)
	at java.base/jdk.internal.reflect.DelegatingMethodAccessorImpl.invoke(DelegatingMethodAccessorImpl.java:43)
	at java.base/java.lang.reflect.Method.invoke(Method.java:566)
	at org.testng.internal.MethodInvocationHelper.invokeMethod(MethodInvocationHelper.java:108)
	at org.testng.internal.Invoker.invokeMethod(Invoker.java:661)
	at org.testng.internal.Invoker.invokeTestMethod(Invoker.java:869)
	at org.testng.internal.Invoker.invokeTestMethods(Invoker.java:1193)
	at org.testng.internal.TestMethodWorker.invokeTestMethods(TestMethodWorker.java:126)
	at org.testng.internal.TestMethodWorker.run(TestMethodWorker.java:109)
	at org.testng.TestRunner.privateRun(TestRunner.java:744)
	at org.testng.TestRunner.run(TestRunner.java:602)
	at org.testng.SuiteRunner.runTest(SuiteRunner.java:380)
	at org.testng.SuiteRunner.runSequentially(SuiteRunner.java:375)
	at org.testng.SuiteRunner.privateRun(SuiteRunner.java:340)
	at org.testng.SuiteRunner.run(SuiteRunner.java:289)
	at org.testng.SuiteRunnerWorker.runSuite(SuiteRunnerWorker.java:52)
	at org.testng.SuiteRunnerWorker.run(SuiteRunnerWorker.java:86)
	at org.testng.TestNG.runSuitesSequentially(TestNG.java:1301)
	at org.testng.TestNG.runSuitesLocally(TestNG.java:1226)
	at org.testng.TestNG.runSuites(TestNG.java:1144)
	at org.testng.TestNG.run(TestNG.java:1115)
	at io.mosip.testrunner.MosipTestRunner.startTestRunner(MosipTestRunner.java:161)
	at io.mosip.testrunner.MosipTestRunner.main(MosipTestRunner.java:103)
]]>
    </error>
  </testcase> <!-- MasterData_DeviceSpecFilter_Unique_Model_smoke -->
  <testcase classname="io.mosip.testscripts.SimplePost" name="MasterData_CreateDocumentType_Invalid_Descr_Char129" time="0.940"/>
  <testcase classname="io.mosip.testscripts.SimplePost" name="MasterData_FilterDocumentType_Valid_TypeAll" time="0.710">
    <error message="Failed at output validation" type="io.mosip.admin.fw.util.AdminTestException">
      <![CDATA[io.mosip.admin.fw.util.AdminTestException: Failed at output validation
	at io.mosip.testscripts.SimplePost.test(SimplePost.java:102)
	at jdk.internal.reflect.GeneratedMethodAccessor183.invoke(Unknown Source)
	at java.base/jdk.internal.reflect.DelegatingMethodAccessorImpl.invoke(DelegatingMethodAccessorImpl.java:43)
	at java.base/java.lang.reflect.Method.invoke(Method.java:566)
	at org.testng.internal.MethodInvocationHelper.invokeMethod(MethodInvocationHelper.java:108)
	at org.testng.internal.Invoker.invokeMethod(Invoker.java:661)
	at org.testng.internal.Invoker.invokeTestMethod(Invoker.java:869)
	at org.testng.internal.Invoker.invokeTestMethods(Invoker.java:1193)
	at org.testng.internal.TestMethodWorker.invokeTestMethods(TestMethodWorker.java:126)
	at org.testng.internal.TestMethodWorker.run(TestMethodWorker.java:109)
	at org.testng.TestRunner.privateRun(TestRunner.java:744)
	at org.testng.TestRunner.run(TestRunner.java:602)
	at org.testng.SuiteRunner.runTest(SuiteRunner.java:380)
	at org.testng.SuiteRunner.runSequentially(SuiteRunner.java:375)
	at org.testng.SuiteRunner.privateRun(SuiteRunner.java:340)
	at org.testng.SuiteRunner.run(SuiteRunner.java:289)
	at org.testng.SuiteRunnerWorker.runSuite(SuiteRunnerWorker.java:52)
	at org.testng.SuiteRunnerWorker.run(SuiteRunnerWorker.java:86)
	at org.testng.TestNG.runSuitesSequentially(TestNG.java:1301)
	at org.testng.TestNG.runSuitesLocally(TestNG.java:1226)
	at org.testng.TestNG.runSuites(TestNG.java:1144)
	at org.testng.TestNG.run(TestNG.java:1115)
	at io.mosip.testrunner.MosipTestRunner.startTestRunner(MosipTestRunner.java:161)
	at io.mosip.testrunner.MosipTestRunner.main(MosipTestRunner.java:103)
]]>
    </error>
  </testcase> <!-- MasterData_FilterDocumentType_Valid_TypeAll -->
  <testcase classname="io.mosip.testscripts.SimplePost" name="Masterdata_SearchMachineSpec_inValid_filter_value" time="0.793"/>
  <testcase classname="io.mosip.testscripts.SimplePost" name="MasterData_DeviceTypeFilter_inValid_columnName" time="0.798"/>
  <testcase classname="io.mosip.testscripts.SimplePost" name="MasterData_DeviceSpecSearch_Invalid_RequestTime" time="0.693"/>
  <testcase classname="io.mosip.testscripts.SimplePost" name="MasterData_FilterRegCenterType_inValid_RequestTime_format" time="0.768"/>
  <testcase classname="io.mosip.testscripts.SimplePost" name="MasterData_FilterDocCategory_Valid_Request_Smoke" time="0.751"/>
  <testcase classname="io.mosip.testscripts.SimplePost" name="Masterdata_FilterMachineType_inValid_filterColumnName_blank" time="0.881"/>
  <testcase classname="io.mosip.testscripts.SimplePost" name="MasterData_DeviceSpecSearch_Equals_Name_eng_smoke" time="0.738"/>
  <testcase classname="io.mosip.testscripts.SimplePost" name="Masterdata_FilterMachines_Invalid_EmptyColumnName" time="0.697"/>
  <testcase classname="io.mosip.testscripts.SimplePost" name="Masterdata_FilterMachines_Invalid_ColumnName" time="0.735"/>
  <testcase classname="io.mosip.testscripts.SimplePost" name="Masterdata_CreateMachineType_InputParameter_isActive_Missing" time="0.714"/>
  <testcase classname="io.mosip.testscripts.SimplePost" name="MasterData_FilterHolidays_inValid_FilterText" time="0.709"/>
  <testcase classname="io.mosip.testscripts.SimplePost" name="Masterdata_FilterMachineSpec_Valid_col_brand" time="0.750"/>
  <testcase classname="io.mosip.testscripts.SimplePost" name="Masterdata_MachineTypeSearch_filterType_empty" time="0.754"/>
  <testcase classname="io.mosip.testscripts.SimplePost" name="MasterData_SearchDocCategories_inValid_typeFilter_contains" time="0.738"/>
  <testcase classname="io.mosip.testscripts.SimplePost" name="MasterData_SearchRegCenterType_inValid_filterType" time="0.806"/>
  <testcase classname="io.mosip.testscripts.SimplePost" name="MasterData_DeviceSpecSearch_Contains_Name_eng" time="0.757"/>
  <testcase classname="io.mosip.testscripts.SimplePost" name="MasterData_CreateDocumentCategory_Invalid_InputParameter_Name_Empty" time="0.709"/>
  <testcase classname="io.mosip.testscripts.SimplePost" name="Masterdata_SearchMachineSpec_Valid_col_as_Name_FltrTyp_contains" time="0.774"/>
  <testcase classname="io.mosip.testscripts.SimplePost" name="MasterData_CreateDeviceType_All_Valid_Smoke" time="0.829">
    <error message="Failed at output validation" type="io.mosip.admin.fw.util.AdminTestException">
      <![CDATA[io.mosip.admin.fw.util.AdminTestException: Failed at output validation
	at io.mosip.testscripts.SimplePost.test(SimplePost.java:102)
	at jdk.internal.reflect.GeneratedMethodAccessor183.invoke(Unknown Source)
	at java.base/jdk.internal.reflect.DelegatingMethodAccessorImpl.invoke(DelegatingMethodAccessorImpl.java:43)
	at java.base/java.lang.reflect.Method.invoke(Method.java:566)
	at org.testng.internal.MethodInvocationHelper.invokeMethod(MethodInvocationHelper.java:108)
	at org.testng.internal.Invoker.invokeMethod(Invoker.java:661)
	at org.testng.internal.Invoker.invokeTestMethod(Invoker.java:869)
	at org.testng.internal.Invoker.invokeTestMethods(Invoker.java:1193)
	at org.testng.internal.TestMethodWorker.invokeTestMethods(TestMethodWorker.java:126)
	at org.testng.internal.TestMethodWorker.run(TestMethodWorker.java:109)
	at org.testng.TestRunner.privateRun(TestRunner.java:744)
	at org.testng.TestRunner.run(TestRunner.java:602)
	at org.testng.SuiteRunner.runTest(SuiteRunner.java:380)
	at org.testng.SuiteRunner.runSequentially(SuiteRunner.java:375)
	at org.testng.SuiteRunner.privateRun(SuiteRunner.java:340)
	at org.testng.SuiteRunner.run(SuiteRunner.java:289)
	at org.testng.SuiteRunnerWorker.runSuite(SuiteRunnerWorker.java:52)
	at org.testng.SuiteRunnerWorker.run(SuiteRunnerWorker.java:86)
	at org.testng.TestNG.runSuitesSequentially(TestNG.java:1301)
	at org.testng.TestNG.runSuitesLocally(TestNG.java:1226)
	at org.testng.TestNG.runSuites(TestNG.java:1144)
	at org.testng.TestNG.run(TestNG.java:1115)
	at io.mosip.testrunner.MosipTestRunner.startTestRunner(MosipTestRunner.java:161)
	at io.mosip.testrunner.MosipTestRunner.main(MosipTestRunner.java:103)
]]>
    </error>
  </testcase> <!-- MasterData_CreateDeviceType_All_Valid_Smoke -->
  <testcase classname="io.mosip.testscripts.SimplePost" name="MasterData_DeviceSearch_Equals_SerialNo_smoke" time="0.799"/>
  <testcase classname="io.mosip.testscripts.SimplePost" name="MasterData_DeviceSearch_ASC_Name_eng_pos" time="0.757"/>
  <testcase classname="io.mosip.testscripts.SimplePost" name="Masterdata_FilterBlockListedWords_Invalid_ColumnName" time="0.816"/>
  <testcase classname="io.mosip.testscripts.SimplePost" name="MasterData_RegCenterFilter_inValid_columnName" time="0.737"/>
  <testcase classname="io.mosip.testscripts.SimplePost" name="Masterdata_CreateMachineType_All_Valid_Smoke" time="0.778">
    <error message="Failed at output validation" type="io.mosip.admin.fw.util.AdminTestException">
      <![CDATA[io.mosip.admin.fw.util.AdminTestException: Failed at output validation
	at io.mosip.testscripts.SimplePost.test(SimplePost.java:102)
	at jdk.internal.reflect.GeneratedMethodAccessor183.invoke(Unknown Source)
	at java.base/jdk.internal.reflect.DelegatingMethodAccessorImpl.invoke(DelegatingMethodAccessorImpl.java:43)
	at java.base/java.lang.reflect.Method.invoke(Method.java:566)
	at org.testng.internal.MethodInvocationHelper.invokeMethod(MethodInvocationHelper.java:108)
	at org.testng.internal.Invoker.invokeMethod(Invoker.java:661)
	at org.testng.internal.Invoker.invokeTestMethod(Invoker.java:869)
	at org.testng.internal.Invoker.invokeTestMethods(Invoker.java:1193)
	at org.testng.internal.TestMethodWorker.invokeTestMethods(TestMethodWorker.java:126)
	at org.testng.internal.TestMethodWorker.run(TestMethodWorker.java:109)
	at org.testng.TestRunner.privateRun(TestRunner.java:744)
	at org.testng.TestRunner.run(TestRunner.java:602)
	at org.testng.SuiteRunner.runTest(SuiteRunner.java:380)
	at org.testng.SuiteRunner.runSequentially(SuiteRunner.java:375)
	at org.testng.SuiteRunner.privateRun(SuiteRunner.java:340)
	at org.testng.SuiteRunner.run(SuiteRunner.java:289)
	at org.testng.SuiteRunnerWorker.runSuite(SuiteRunnerWorker.java:52)
	at org.testng.SuiteRunnerWorker.run(SuiteRunnerWorker.java:86)
	at org.testng.TestNG.runSuitesSequentially(TestNG.java:1301)
	at org.testng.TestNG.runSuitesLocally(TestNG.java:1226)
	at org.testng.TestNG.runSuites(TestNG.java:1144)
	at org.testng.TestNG.run(TestNG.java:1115)
	at io.mosip.testrunner.MosipTestRunner.startTestRunner(MosipTestRunner.java:161)
	at io.mosip.testrunner.MosipTestRunner.main(MosipTestRunner.java:103)
]]>
    </error>
  </testcase> <!-- Masterdata_CreateMachineType_All_Valid_Smoke -->
  <testcase classname="io.mosip.testscripts.SimplePost" name="Masterdata_FilterMachineSpec_inValid_FilterText" time="0.771"/>
  <testcase classname="io.mosip.testscripts.SimplePost" name="MasterData_DeviceSpecSearch_Invalid_Value_Name" time="0.787"/>
  <testcase classname="io.mosip.testscripts.SimplePost" name="Masterdata_CreateMachineType_Invalid_InputParameter_Code_Missing" time="0.725"/>
  <testcase classname="io.mosip.testscripts.SimplePost" name="MasterData_FilterRegCenterType_inValid_filterText" time="0.753"/>
  <testcase classname="io.mosip.testscripts.SimplePost" name="MasterData_HolidaySearch_Invalid_SortField_neg" time="0.749"/>
  <testcase classname="io.mosip.testscripts.SimplePost" name="MasterData_DeviceTypeSearch_Equals_isActive_eng_smoke" time="0.789"/>
  <testcase classname="io.mosip.testscripts.SimplePost" name="MasterData_SearchDocCategories_Valid_sortBy_code" time="0.711"/>
  <testcase classname="io.mosip.testscripts.SimplePost" name="Masterdata_FilterMachineType_inValid_FilterText" time="0.825"/>
  <testcase classname="io.mosip.testscripts.SimplePost" name="Masterdata_SearchMachine_Valid_ColumnMachineSpecIdNTypeEquals" time="0.810"/>
  <testcase classname="io.mosip.testscripts.SimplePost" name="Masterdata_FilterMachineType_Valid_col_as_name_filterType_all" time="1.007"/>
  <testcase classname="io.mosip.testscripts.SimplePost" name="Masterdata_CreateMachineType_InputParameter_Name_AboveMaxLen64" time="0.678"/>
  <testcase classname="io.mosip.testscripts.SimplePost" name="MasterData_FilterDocumentType_inValid_filterType" time="0.761"/>
  <testcase classname="io.mosip.testscripts.SimplePost" name="MasterData_SearchDocumentType_inValid_columnName" time="0.761"/>
  <testcase classname="io.mosip.testscripts.SimplePost" name="MasterData_DeviceSpecFilter_Invalid_RequestTime_neg" time="0.711"/>
  <testcase classname="io.mosip.testscripts.SimplePost" name="Masterdata_SearchMachine_Valid_ColumnSerialNumberNTypeStartsWith" time="0.781"/>
  <testcase classname="io.mosip.testscripts.SimplePost" name="MasterData_RegCenterFilter_Name_eng_Unique_smoke" time="0.747"/>
  <testcase classname="io.mosip.testscripts.SimplePost" name="MasterData_FilterDocumentType_inValid_FilterText" time="0.766"/>
  <testcase classname="io.mosip.testscripts.SimplePost" name="MasterData_HolidaySearch_Invalid_SortType_neg" time="0.749"/>
  <testcase classname="io.mosip.testscripts.SimplePost" name="MasterData_CreateDocumentType_Invalid_IsActive_Blank" time="0.727"/>
  <testcase classname="io.mosip.testscripts.SimplePost" name="Masterdata_MachineTypeSearch_invalid_empty_sortField" time="0.790"/>
  <testcase classname="io.mosip.testscripts.SimplePost" name="MasterData_FilterHolidays_Valid_Smoke" time="0.746"/>
  <testcase classname="io.mosip.testscripts.SimplePost" name="MasterData_DeviceSearch_Equals_Name_eng_smoke" time="0.808"/>
  <testcase classname="io.mosip.testscripts.SimplePost" name="MasterData_SearchDocumentType_inValid_sortType_blank" time="0.761"/>
  <testcase classname="io.mosip.testscripts.SimplePost" name="MasterData_FilterRegCenterType_Valid_col_isActive" time="1.002"/>
  <testcase classname="io.mosip.testscripts.SimplePost" name="Masterdata_SearchMachine_Valid_TwoSortFields_DescNDesc" time="0.935"/>
  <testcase classname="io.mosip.testscripts.SimplePost" name="Masterdata_SearchBlockListedWords_Invalid_EmptyColumn" time="0.815"/>
  <testcase classname="io.mosip.testscripts.SimplePost" name="MasterData_SearchDocCategories_inValid_typeFilter_startsWith" time="0.911"/>
  <testcase classname="io.mosip.testscripts.SimplePost" name="Masterdata_CreateMachineType_Invalid_InputParameter_Code_Empty" time="0.673"/>
  <testcase classname="io.mosip.testscripts.SimplePost" name="MasterData_DeviceSpecFilter_inValid_blank_FilterType_neg" time="0.750"/>
  <testcase classname="io.mosip.testscripts.SimplePost" name="MasterData_DeviceFilter_SerialNum_Unique_smoke" time="0.776"/>
  <testcase classname="io.mosip.testscripts.SimplePost" name="Masterdata_SearchMachineSpec_Valid_col_as_Name_FltrTyp_startsWith" time="0.723"/>
  <testcase classname="io.mosip.testscripts.SimplePost" name="Masterdata_FilterBlockListedWords_Invalid_EmptyFilterType" time="0.765"/>
  <testcase classname="io.mosip.testscripts.SimplePost" name="Masterdata_FilterBlockListedWords_Valid_Request_Smoke" time="0.812">
    <error message="Failed at output validation" type="io.mosip.admin.fw.util.AdminTestException">
      <![CDATA[io.mosip.admin.fw.util.AdminTestException: Failed at output validation
	at io.mosip.testscripts.SimplePost.test(SimplePost.java:102)
	at jdk.internal.reflect.GeneratedMethodAccessor183.invoke(Unknown Source)
	at java.base/jdk.internal.reflect.DelegatingMethodAccessorImpl.invoke(DelegatingMethodAccessorImpl.java:43)
	at java.base/java.lang.reflect.Method.invoke(Method.java:566)
	at org.testng.internal.MethodInvocationHelper.invokeMethod(MethodInvocationHelper.java:108)
	at org.testng.internal.Invoker.invokeMethod(Invoker.java:661)
	at org.testng.internal.Invoker.invokeTestMethod(Invoker.java:869)
	at org.testng.internal.Invoker.invokeTestMethods(Invoker.java:1193)
	at org.testng.internal.TestMethodWorker.invokeTestMethods(TestMethodWorker.java:126)
	at org.testng.internal.TestMethodWorker.run(TestMethodWorker.java:109)
	at org.testng.TestRunner.privateRun(TestRunner.java:744)
	at org.testng.TestRunner.run(TestRunner.java:602)
	at org.testng.SuiteRunner.runTest(SuiteRunner.java:380)
	at org.testng.SuiteRunner.runSequentially(SuiteRunner.java:375)
	at org.testng.SuiteRunner.privateRun(SuiteRunner.java:340)
	at org.testng.SuiteRunner.run(SuiteRunner.java:289)
	at org.testng.SuiteRunnerWorker.runSuite(SuiteRunnerWorker.java:52)
	at org.testng.SuiteRunnerWorker.run(SuiteRunnerWorker.java:86)
	at org.testng.TestNG.runSuitesSequentially(TestNG.java:1301)
	at org.testng.TestNG.runSuitesLocally(TestNG.java:1226)
	at org.testng.TestNG.runSuites(TestNG.java:1144)
	at org.testng.TestNG.run(TestNG.java:1115)
	at io.mosip.testrunner.MosipTestRunner.startTestRunner(MosipTestRunner.java:161)
	at io.mosip.testrunner.MosipTestRunner.main(MosipTestRunner.java:103)
]]>
    </error>
  </testcase> <!-- Masterdata_FilterBlockListedWords_Valid_Request_Smoke -->
  <testcase classname="io.mosip.testscripts.SimplePost" name="Masterdata_SearchMachineSpec_inValid_typeFilter_startsWith" time="0.735"/>
  <testcase classname="io.mosip.testscripts.SimplePost" name="MasterData_DeviceFilter_Invalid_RequestTime" time="0.695"/>
  <testcase classname="io.mosip.testscripts.SimplePost" name="MasterData_SearchRegCenterType_valid_typeFilter_contains" time="0.744"/>
  <testcase classname="io.mosip.testscripts.SimplePost" name="MasterData_CreateDocumentType_Invalid_Code_Blank" time="0.736"/>
  <testcase classname="io.mosip.testscripts.SimplePost" name="Masterdata_MachineTypeSearch_Equals_Name_eng_smoke" time="0.732"/>
  <testcase classname="io.mosip.testscripts.SimplePost" name="MasterData_FilterHolidays_inValid_langCode" time="0.689"/>
  <testcase classname="io.mosip.testscripts.SimplePost" name="Masterdata_SearchMachineSpec_inValid_filter_value_blank" time="0.791"/>
  <testcase classname="io.mosip.testscripts.SimplePost" name="Masterdata_FilterMachineSpec_inValid_filterColumnName" time="0.789"/>
  <testcase classname="io.mosip.testscripts.SimplePost" name="MasterData_FilterHolidays_inValid_filterColumnName" time="0.732"/>
  <testcase classname="io.mosip.testscripts.SimplePost" name="MasterData_SearchRegCenterType_inValid_sortField_blank" time="0.706"/>
  <testcase classname="io.mosip.testscripts.SimplePost" name="Masterdata_MachineTypeSearch_invalid_columnName" time="0.730"/>
  <testcase classname="io.mosip.testscripts.SimplePost" name="MasterData_DeviceSearch_Invalid_RequestTime_neg" time="0.711"/>
  <testcase classname="io.mosip.testscripts.SimplePost" name="MasterData_FilterDocumentType_Valid_column_code_filterType_all" time="0.729"/>
  <testcase classname="io.mosip.testscripts.SimplePost" name="Masterdata_FilterMachineSpec_Valid_Smoke" time="0.735"/>
  <testcase classname="io.mosip.testscripts.SimplePost" name="MasterData_HolidaySearch_contains_holidayName_eng_pos" time="0.780"/>
  <testcase classname="io.mosip.testscripts.SimplePost" name="Masterdata_SearchMachine_Valid_ColumnMacAddressNTypeContains" time="0.767"/>
  <testcase classname="io.mosip.testscripts.SimplePost" name="MasterData_CreateDeviceType_InputParameter_Description_AboveMaxLen128" time="0.780"/>
  <testcase classname="io.mosip.testscripts.SimplePost" name="MasterData_FilterRegCenterType_inValid_filterType_blank" time="0.782"/>
  <testcase classname="io.mosip.testscripts.SimplePost" name="Masterdata_SearchMachineSpec_inValid_columnName" time="0.825"/>
  <testcase classname="io.mosip.testscripts.SimplePost" name="MasterData_FilterDocCatTypMapping_inValid_filterType_blank" time="0.751"/>
  <testcase classname="io.mosip.testscripts.SimplePost" name="Masterdata_FilterMachines_Valid_ColumnStatus" time="0.760"/>
  <testcase classname="io.mosip.testscripts.SimplePost" name="Masterdata_SearchMachine_Valid_ColumnSerialNumberNTypeEquals" time="0.790"/>
  <testcase classname="io.mosip.testscripts.SimplePost" name="Masterdata_MachineTypeSearch_inValid_filter_type" time="0.769"/>
  <testcase classname="io.mosip.testscripts.SimplePost" name="Masterdata_SearchBlockListedWords_Invalid_PageStart" time="0.781"/>
  <testcase classname="io.mosip.testscripts.SimplePost" name="MasterData_FilterHolidays_inValid_filterColumnName_blank" time="0.731"/>
  <testcase classname="io.mosip.testscripts.SimplePost" name="Masterdata_SearchBlockListedWords_Valid_FilterTypeContains" time="0.853"/>
  <testcase classname="io.mosip.testscripts.SimplePost" name="MasterData_CreateDocumentType_Invalid_Name_Char65" time="0.712"/>
  <testcase classname="io.mosip.testscripts.SimplePost" name="Masterdata_FilterMachineType_Valid_Smoke" time="1.006"/>
  <testcase classname="io.mosip.testscripts.SimplePost" name="MasterData_CreateDocumentType_Invalid_Name_Blank" time="0.771"/>
  <testcase classname="io.mosip.testscripts.SimplePost" name="MasterData_SearchDocCategories_inValid_requestTime_format" time="0.735"/>
  <testcase classname="io.mosip.testscripts.SimplePost" name="MasterData_CreateDocumentCategory_Invalid_InputParameter_Description_AboveMaxLen128" time="0.777"/>
  <testcase classname="io.mosip.testscripts.SimplePost" name="MasterData_HolidaySearch_startsWith_holidayName_eng_pos" time="0.741"/>
  <testcase classname="io.mosip.testscripts.SimplePost" name="Masterdata_SearchMachine_Valid_Smoke" time="0.746"/>
  <testcase classname="io.mosip.testscripts.SimplePost" name="MasterData_DeviceTypeSearch_Invalid_Value_Name_smoke" time="0.760"/>
  <testcase classname="io.mosip.testscripts.SimplePost" name="Masterdata_CreateBlockListedWords_Invalid_DescriptionLength257" time="0.728"/>
  <testcase classname="io.mosip.testscripts.SimplePost" name="MasterData_CreateDocumentType_Valid_Smoke" time="0.750"/>
  <testcase classname="io.mosip.testscripts.SimplePost" name="Masterdata_CreateBlockListedWords_Invalid_EmptyWord" time="0.724"/>
  <testcase classname="io.mosip.testscripts.SimplePost" name="MasterData_SearchRegCenterType_allValid_somke" time="0.750"/>
  <testcase classname="io.mosip.testscripts.SimplePost" name="MasterData_HolidaySearch_Invalid_RequestTime_neg" time="0.761"/>
  <testcase classname="io.mosip.testscripts.SimplePost" name="Masterdata_SearchBlockListedWords_Invalid_SortField" time="0.802"/>
  <testcase classname="io.mosip.testscripts.SimplePost" name="MasterData_FilterDocumentType_Valid_Smoke" time="0.735">
    <error message="Failed at output validation" type="io.mosip.admin.fw.util.AdminTestException">
      <![CDATA[io.mosip.admin.fw.util.AdminTestException: Failed at output validation
	at io.mosip.testscripts.SimplePost.test(SimplePost.java:102)
	at jdk.internal.reflect.GeneratedMethodAccessor183.invoke(Unknown Source)
	at java.base/jdk.internal.reflect.DelegatingMethodAccessorImpl.invoke(DelegatingMethodAccessorImpl.java:43)
	at java.base/java.lang.reflect.Method.invoke(Method.java:566)
	at org.testng.internal.MethodInvocationHelper.invokeMethod(MethodInvocationHelper.java:108)
	at org.testng.internal.Invoker.invokeMethod(Invoker.java:661)
	at org.testng.internal.Invoker.invokeTestMethod(Invoker.java:869)
	at org.testng.internal.Invoker.invokeTestMethods(Invoker.java:1193)
	at org.testng.internal.TestMethodWorker.invokeTestMethods(TestMethodWorker.java:126)
	at org.testng.internal.TestMethodWorker.run(TestMethodWorker.java:109)
	at org.testng.TestRunner.privateRun(TestRunner.java:744)
	at org.testng.TestRunner.run(TestRunner.java:602)
	at org.testng.SuiteRunner.runTest(SuiteRunner.java:380)
	at org.testng.SuiteRunner.runSequentially(SuiteRunner.java:375)
	at org.testng.SuiteRunner.privateRun(SuiteRunner.java:340)
	at org.testng.SuiteRunner.run(SuiteRunner.java:289)
	at org.testng.SuiteRunnerWorker.runSuite(SuiteRunnerWorker.java:52)
	at org.testng.SuiteRunnerWorker.run(SuiteRunnerWorker.java:86)
	at org.testng.TestNG.runSuitesSequentially(TestNG.java:1301)
	at org.testng.TestNG.runSuitesLocally(TestNG.java:1226)
	at org.testng.TestNG.runSuites(TestNG.java:1144)
	at org.testng.TestNG.run(TestNG.java:1115)
	at io.mosip.testrunner.MosipTestRunner.startTestRunner(MosipTestRunner.java:161)
	at io.mosip.testrunner.MosipTestRunner.main(MosipTestRunner.java:103)
]]>
    </error>
  </testcase> <!-- MasterData_FilterDocumentType_Valid_Smoke -->
  <testcase classname="io.mosip.testscripts.SimplePost" name="MasterData_FilterRegCenterType_Valid_col_name_withText" time="0.820"/>
  <testcase classname="io.mosip.testscripts.SimplePost" name="MasterData_SearchDocCategories_inValid_columnName" time="0.801"/>
  <testcase classname="io.mosip.testscripts.SimplePost" name="Masterdata_CreateMachineType_InputParameter_Name_Missing" time="0.675"/>
  <testcase classname="io.mosip.testscripts.SimplePost" name="Masterdata_FilterBlockListedWords_Invalid_EmptyColumnName" time="0.728"/>
  <testcase classname="io.mosip.testscripts.SimplePost" name="MasterData_DeviceSpecSearch_InvalidPageStart" time="0.782"/>
  <testcase classname="io.mosip.testscripts.SimplePost" name="Masterdata_FilterMachineSpec_inValid_filterType_blank" time="0.743"/>
  <testcase classname="io.mosip.testscripts.SimplePost" name="Masterdata_SearchMachine_Valid_FilterTypeStartsWith" time="0.757"/>
  <testcase classname="io.mosip.testscripts.SimplePost" name="MasterData_CreateDocumentCategory_Invalid_InputParameter_Name_AboveMaxLen64" time="0.721"/>
  <testcase classname="io.mosip.testscripts.SimplePost" name="MasterData_CreateDocumentCategory_Valid_Smoke" time="0.793">
    <error message="Failed at output validation" type="io.mosip.admin.fw.util.AdminTestException">
      <![CDATA[io.mosip.admin.fw.util.AdminTestException: Failed at output validation
	at io.mosip.testscripts.SimplePost.test(SimplePost.java:102)
	at jdk.internal.reflect.GeneratedMethodAccessor183.invoke(Unknown Source)
	at java.base/jdk.internal.reflect.DelegatingMethodAccessorImpl.invoke(DelegatingMethodAccessorImpl.java:43)
	at java.base/java.lang.reflect.Method.invoke(Method.java:566)
	at org.testng.internal.MethodInvocationHelper.invokeMethod(MethodInvocationHelper.java:108)
	at org.testng.internal.Invoker.invokeMethod(Invoker.java:661)
	at org.testng.internal.Invoker.invokeTestMethod(Invoker.java:869)
	at org.testng.internal.Invoker.invokeTestMethods(Invoker.java:1193)
	at org.testng.internal.TestMethodWorker.invokeTestMethods(TestMethodWorker.java:126)
	at org.testng.internal.TestMethodWorker.run(TestMethodWorker.java:109)
	at org.testng.TestRunner.privateRun(TestRunner.java:744)
	at org.testng.TestRunner.run(TestRunner.java:602)
	at org.testng.SuiteRunner.runTest(SuiteRunner.java:380)
	at org.testng.SuiteRunner.runSequentially(SuiteRunner.java:375)
	at org.testng.SuiteRunner.privateRun(SuiteRunner.java:340)
	at org.testng.SuiteRunner.run(SuiteRunner.java:289)
	at org.testng.SuiteRunnerWorker.runSuite(SuiteRunnerWorker.java:52)
	at org.testng.SuiteRunnerWorker.run(SuiteRunnerWorker.java:86)
	at org.testng.TestNG.runSuitesSequentially(TestNG.java:1301)
	at org.testng.TestNG.runSuitesLocally(TestNG.java:1226)
	at org.testng.TestNG.runSuites(TestNG.java:1144)
	at org.testng.TestNG.run(TestNG.java:1115)
	at io.mosip.testrunner.MosipTestRunner.startTestRunner(MosipTestRunner.java:161)
	at io.mosip.testrunner.MosipTestRunner.main(MosipTestRunner.java:103)
]]>
    </error>
  </testcase> <!-- MasterData_CreateDocumentCategory_Valid_Smoke -->
  <testcase classname="io.mosip.testscripts.SimplePost" name="MasterData_SearchDocCategories_inValid_filter_value_blank" time="0.753"/>
  <testcase classname="io.mosip.testscripts.SimplePost" name="Masterdata_SearchMachineSpec_inValid_filterType_blank" time="0.720"/>
  <testcase classname="io.mosip.testscripts.SimplePost" name="Masterdata_FilterBlockListedWords_Invalid_FilterType" time="0.775"/>
  <testcase classname="io.mosip.testscripts.SimplePost" name="MasterData_SearchDocCategories_inValid_sortField" time="0.772"/>
  <testcase classname="io.mosip.testscripts.SimplePost" name="MasterData_DeviceTypeFilter_Invalid_FilterType_neg" time="0.747"/>
  <testcase classname="io.mosip.testscripts.SimplePost" name="Masterdata_SearchMachine_Invalid_SortField" time="0.905"/>
  <testcase classname="io.mosip.testscripts.SimplePost" name="MasterData_DeviceTypeFilter_isActive_eng_smoke" time="0.763"/>
  <testcase classname="io.mosip.testscripts.SimplePost" name="MasterData_SearchDocCategories_inValid_filterType" time="0.899"/>
  <testcase classname="io.mosip.testscripts.SimplePost" name="MasterData_SearchDocumnetType_Valid_FilterTypeContains" time="0.802">
    <error message="Failed at output validation" type="io.mosip.admin.fw.util.AdminTestException">
      <![CDATA[io.mosip.admin.fw.util.AdminTestException: Failed at output validation
	at io.mosip.testscripts.SimplePost.test(SimplePost.java:102)
	at jdk.internal.reflect.GeneratedMethodAccessor183.invoke(Unknown Source)
	at java.base/jdk.internal.reflect.DelegatingMethodAccessorImpl.invoke(DelegatingMethodAccessorImpl.java:43)
	at java.base/java.lang.reflect.Method.invoke(Method.java:566)
	at org.testng.internal.MethodInvocationHelper.invokeMethod(MethodInvocationHelper.java:108)
	at org.testng.internal.Invoker.invokeMethod(Invoker.java:661)
	at org.testng.internal.Invoker.invokeTestMethod(Invoker.java:869)
	at org.testng.internal.Invoker.invokeTestMethods(Invoker.java:1193)
	at org.testng.internal.TestMethodWorker.invokeTestMethods(TestMethodWorker.java:126)
	at org.testng.internal.TestMethodWorker.run(TestMethodWorker.java:109)
	at org.testng.TestRunner.privateRun(TestRunner.java:744)
	at org.testng.TestRunner.run(TestRunner.java:602)
	at org.testng.SuiteRunner.runTest(SuiteRunner.java:380)
	at org.testng.SuiteRunner.runSequentially(SuiteRunner.java:375)
	at org.testng.SuiteRunner.privateRun(SuiteRunner.java:340)
	at org.testng.SuiteRunner.run(SuiteRunner.java:289)
	at org.testng.SuiteRunnerWorker.runSuite(SuiteRunnerWorker.java:52)
	at org.testng.SuiteRunnerWorker.run(SuiteRunnerWorker.java:86)
	at org.testng.TestNG.runSuitesSequentially(TestNG.java:1301)
	at org.testng.TestNG.runSuitesLocally(TestNG.java:1226)
	at org.testng.TestNG.runSuites(TestNG.java:1144)
	at org.testng.TestNG.run(TestNG.java:1115)
	at io.mosip.testrunner.MosipTestRunner.startTestRunner(MosipTestRunner.java:161)
	at io.mosip.testrunner.MosipTestRunner.main(MosipTestRunner.java:103)
]]>
    </error>
  </testcase> <!-- MasterData_SearchDocumnetType_Valid_FilterTypeContains -->
  <testcase classname="io.mosip.testscripts.SimplePost" name="MasterData_FilterRegCenterType_Valid_Smoke" time="0.755"/>
  <testcase classname="io.mosip.testscripts.SimplePost" name="MasterData_HolidaySearch_equals_holidayName_ara_pos" time="0.864"/>
  <testcase classname="io.mosip.testscripts.SimplePost" name="MasterData_RegCenterFilter_Name_eng_All_smoke" time="0.725"/>
  <testcase classname="io.mosip.testscripts.SimplePost" name="MasterData_DeviceTypeFilter_inValid_blank_FilterType_neg" time="0.811"/>
  <testcase classname="io.mosip.testscripts.SimplePost" name="MasterData_DeviceTypeSearch_startsWith_Name_eng_smoke" time="0.895"/>
  <testcase classname="io.mosip.testscripts.SimplePost" name="MasterData_DeviceSpecSearch_InvalidPageFetch" time="0.857"/>
  <testcase classname="io.mosip.testscripts.SimplePost" name="MasterData_CreateDeviceType_All_Valid_Mandatory_Fields" time="0.769">
    <error message="Failed at output validation" type="io.mosip.admin.fw.util.AdminTestException">
      <![CDATA[io.mosip.admin.fw.util.AdminTestException: Failed at output validation
	at io.mosip.testscripts.SimplePost.test(SimplePost.java:102)
	at jdk.internal.reflect.GeneratedMethodAccessor183.invoke(Unknown Source)
	at java.base/jdk.internal.reflect.DelegatingMethodAccessorImpl.invoke(DelegatingMethodAccessorImpl.java:43)
	at java.base/java.lang.reflect.Method.invoke(Method.java:566)
	at org.testng.internal.MethodInvocationHelper.invokeMethod(MethodInvocationHelper.java:108)
	at org.testng.internal.Invoker.invokeMethod(Invoker.java:661)
	at org.testng.internal.Invoker.invokeTestMethod(Invoker.java:869)
	at org.testng.internal.Invoker.invokeTestMethods(Invoker.java:1193)
	at org.testng.internal.TestMethodWorker.invokeTestMethods(TestMethodWorker.java:126)
	at org.testng.internal.TestMethodWorker.run(TestMethodWorker.java:109)
	at org.testng.TestRunner.privateRun(TestRunner.java:744)
	at org.testng.TestRunner.run(TestRunner.java:602)
	at org.testng.SuiteRunner.runTest(SuiteRunner.java:380)
	at org.testng.SuiteRunner.runSequentially(SuiteRunner.java:375)
	at org.testng.SuiteRunner.privateRun(SuiteRunner.java:340)
	at org.testng.SuiteRunner.run(SuiteRunner.java:289)
	at org.testng.SuiteRunnerWorker.runSuite(SuiteRunnerWorker.java:52)
	at org.testng.SuiteRunnerWorker.run(SuiteRunnerWorker.java:86)
	at org.testng.TestNG.runSuitesSequentially(TestNG.java:1301)
	at org.testng.TestNG.runSuitesLocally(TestNG.java:1226)
	at org.testng.TestNG.runSuites(TestNG.java:1144)
	at org.testng.TestNG.run(TestNG.java:1115)
	at io.mosip.testrunner.MosipTestRunner.startTestRunner(MosipTestRunner.java:161)
	at io.mosip.testrunner.MosipTestRunner.main(MosipTestRunner.java:103)
]]>
    </error>
  </testcase> <!-- MasterData_CreateDeviceType_All_Valid_Mandatory_Fields -->
  <testcase classname="io.mosip.testscripts.SimplePost" name="MasterData_FilterDocCategory_inValid_filterColumnName" time="0.758"/>
  <testcase classname="io.mosip.testscripts.SimplePost" name="MasterData_FilterDocumentType_inValid_RequestTime_format" time="0.792"/>
  <testcase classname="io.mosip.testscripts.SimplePost" name="MasterData_SearchRegCenterType_inValid_filter_value_blank" time="0.766"/>
  <testcase classname="io.mosip.testscripts.SimplePost" name="MasterData_SearchDocumnetType_Valid_FilterTypeStartsWith" time="0.827">
    <error message="Failed at output validation" type="io.mosip.admin.fw.util.AdminTestException">
      <![CDATA[io.mosip.admin.fw.util.AdminTestException: Failed at output validation
	at io.mosip.testscripts.SimplePost.test(SimplePost.java:102)
	at jdk.internal.reflect.GeneratedMethodAccessor183.invoke(Unknown Source)
	at java.base/jdk.internal.reflect.DelegatingMethodAccessorImpl.invoke(DelegatingMethodAccessorImpl.java:43)
	at java.base/java.lang.reflect.Method.invoke(Method.java:566)
	at org.testng.internal.MethodInvocationHelper.invokeMethod(MethodInvocationHelper.java:108)
	at org.testng.internal.Invoker.invokeMethod(Invoker.java:661)
	at org.testng.internal.Invoker.invokeTestMethod(Invoker.java:869)
	at org.testng.internal.Invoker.invokeTestMethods(Invoker.java:1193)
	at org.testng.internal.TestMethodWorker.invokeTestMethods(TestMethodWorker.java:126)
	at org.testng.internal.TestMethodWorker.run(TestMethodWorker.java:109)
	at org.testng.TestRunner.privateRun(TestRunner.java:744)
	at org.testng.TestRunner.run(TestRunner.java:602)
	at org.testng.SuiteRunner.runTest(SuiteRunner.java:380)
	at org.testng.SuiteRunner.runSequentially(SuiteRunner.java:375)
	at org.testng.SuiteRunner.privateRun(SuiteRunner.java:340)
	at org.testng.SuiteRunner.run(SuiteRunner.java:289)
	at org.testng.SuiteRunnerWorker.runSuite(SuiteRunnerWorker.java:52)
	at org.testng.SuiteRunnerWorker.run(SuiteRunnerWorker.java:86)
	at org.testng.TestNG.runSuitesSequentially(TestNG.java:1301)
	at org.testng.TestNG.runSuitesLocally(TestNG.java:1226)
	at org.testng.TestNG.runSuites(TestNG.java:1144)
	at org.testng.TestNG.run(TestNG.java:1115)
	at io.mosip.testrunner.MosipTestRunner.startTestRunner(MosipTestRunner.java:161)
	at io.mosip.testrunner.MosipTestRunner.main(MosipTestRunner.java:103)
]]>
    </error>
  </testcase> <!-- MasterData_SearchDocumnetType_Valid_FilterTypeStartsWith -->
  <testcase classname="io.mosip.testscripts.SimplePost" name="Masterdata_SearchMachine_Valid_ColumnMachineSpecIdNTypeStartsWith" time="0.831"/>
  <testcase classname="io.mosip.testscripts.SimplePost" name="MasterData_FilterRegCenterType_Valid_col_code" time="0.725">
    <error message="Failed at output validation" type="io.mosip.admin.fw.util.AdminTestException">
      <![CDATA[io.mosip.admin.fw.util.AdminTestException: Failed at output validation
	at io.mosip.testscripts.SimplePost.test(SimplePost.java:102)
	at jdk.internal.reflect.GeneratedMethodAccessor183.invoke(Unknown Source)
	at java.base/jdk.internal.reflect.DelegatingMethodAccessorImpl.invoke(DelegatingMethodAccessorImpl.java:43)
	at java.base/java.lang.reflect.Method.invoke(Method.java:566)
	at org.testng.internal.MethodInvocationHelper.invokeMethod(MethodInvocationHelper.java:108)
	at org.testng.internal.Invoker.invokeMethod(Invoker.java:661)
	at org.testng.internal.Invoker.invokeTestMethod(Invoker.java:869)
	at org.testng.internal.Invoker.invokeTestMethods(Invoker.java:1193)
	at org.testng.internal.TestMethodWorker.invokeTestMethods(TestMethodWorker.java:126)
	at org.testng.internal.TestMethodWorker.run(TestMethodWorker.java:109)
	at org.testng.TestRunner.privateRun(TestRunner.java:744)
	at org.testng.TestRunner.run(TestRunner.java:602)
	at org.testng.SuiteRunner.runTest(SuiteRunner.java:380)
	at org.testng.SuiteRunner.runSequentially(SuiteRunner.java:375)
	at org.testng.SuiteRunner.privateRun(SuiteRunner.java:340)
	at org.testng.SuiteRunner.run(SuiteRunner.java:289)
	at org.testng.SuiteRunnerWorker.runSuite(SuiteRunnerWorker.java:52)
	at org.testng.SuiteRunnerWorker.run(SuiteRunnerWorker.java:86)
	at org.testng.TestNG.runSuitesSequentially(TestNG.java:1301)
	at org.testng.TestNG.runSuitesLocally(TestNG.java:1226)
	at org.testng.TestNG.runSuites(TestNG.java:1144)
	at org.testng.TestNG.run(TestNG.java:1115)
	at io.mosip.testrunner.MosipTestRunner.startTestRunner(MosipTestRunner.java:161)
	at io.mosip.testrunner.MosipTestRunner.main(MosipTestRunner.java:103)
]]>
    </error>
  </testcase> <!-- MasterData_FilterRegCenterType_Valid_col_code -->
  <testcase classname="io.mosip.testscripts.SimplePost" name="Masterdata_CreateBlockListedWords_Invalid_BlocklistedWordsLength129" time="0.703"/>
  <testcase classname="io.mosip.testscripts.SimplePost" name="Masterdata_FilterMachines_Invalid_EmptyFilterType" time="0.741"/>
  <testcase classname="io.mosip.testscripts.SimplePost" name="Masterdata_SearchBlockListedWords_Valid_FilterTypeStartsWith" time="0.751"/>
  <testcase classname="io.mosip.testscripts.SimplePost" name="MasterData_HolidaySearch_startsWith_holidayName_ara_pos" time="0.771"/>
  <testcase classname="io.mosip.testscripts.SimplePost" name="MasterData_DeviceSpecFilter_All_Name_eng_smoke" time="0.757"/>
  <testcase classname="io.mosip.testscripts.SimplePost" name="MasterData_HolidaySearch_equals_holidayName_eng_pos" time="0.802"/>
  <testcase classname="io.mosip.testscripts.SimplePost" name="Masterdata_SearchMachine_Valid_ColumnMachineSpecIdNTypeContains" time="0.839"/>
  <testcase classname="io.mosip.testscripts.SimplePost" name="MasterData_DeviceTypeSearch_Equals_Name_eng_smoke" time="0.820"/>
  <testcase classname="io.mosip.testscripts.SimplePost" name="MasterData_SearchDocCategories_inValid_sortType" time="0.805"/>
  <testcase classname="io.mosip.testscripts.SimplePost" name="MasterData_DeviceSpecSearch_StartsWith_Name_eng" time="0.778"/>
  <testcase classname="io.mosip.testscripts.SimplePost" name="MasterData_FilterHolidays_inValid_filterType_blank" time="0.818"/>
  <testcase classname="io.mosip.testscripts.SimplePost" name="Masterdata_SearchMachineSpec_Valid_col_as_isActive" time="0.822"/>
  <testcase classname="io.mosip.testscripts.SimplePost" name="Masterdata_SearchMachineSpec_inValid_typeFilter_contains" time="0.791"/>
  <testcase classname="io.mosip.testscripts.SimplePost" name="MasterData_SearchRegCenterType_inValid_requestTime_format" time="0.715"/>
  <testcase classname="io.mosip.testscripts.SimplePost" name="Masterdata_FilterMachineSpec_Valid_col_as_name_filterType_all" time="0.740"/>
  <testcase classname="io.mosip.testscripts.SimplePost" name="MasterData_SearchDocCategories_Valid_Request_Smoke" time="0.755"/>
  <testcase classname="io.mosip.testscripts.SimplePost" name="Masterdata_FilterMachineSpec_inValid_filterType" time="0.740"/>
  <testcase classname="io.mosip.testscripts.SimplePost" name="Masterdata_CreateMachineType_InputParameter_Description_AboveMaxLen128" time="0.711"/>
  <testcase classname="io.mosip.testscripts.SimplePost" name="Masterdata_SearchMachineSpec_inValid_sortType_blank" time="0.773"/>
  <testcase classname="io.mosip.testscripts.SimplePost" name="MasterData_DeviceTypeFilter_All_Name_eng_smoke" time="1.768"/>
  <testcase classname="io.mosip.testscripts.SimplePost" name="MasterData_DeviceSpecSearch_Invalid_FilterType" time="0.754"/>
  <testcase classname="io.mosip.testscripts.SimplePost" name="MasterData_FilterDocCategory_Valid_column_code_filterType_all" time="0.723"/>
  <testcase classname="io.mosip.testscripts.SimplePost" name="Masterdata_SearchMachine_Invalid_EmptySortField" time="0.740"/>
  <testcase classname="io.mosip.testscripts.SimplePost" name="MasterData_FilterRegCenterType_inValid_filterColumnName" time="0.749"/>
  <testcase classname="io.mosip.testscripts.SimplePost" name="MasterData_DeviceTypeFilter_Invalid_RequestTime_neg" time="0.734"/>
  <testcase classname="io.mosip.testscripts.SimplePost" name="MasterData_DeviceFilter_Name_eng_Unique_smoke" time="0.815"/>
  <testcase classname="io.mosip.testscripts.SimplePost" name="Masterdata_FilterMachines_Valid_ColumnMachineSpecId" time="0.738"/>
  <testcase classname="io.mosip.testscripts.SimplePost" name="Masterdata_MachineTypeSearch_withoutfilterValue_eng" time="0.731"/>
  <testcase classname="io.mosip.testscripts.SimplePost" name="MasterData_SearchDocCategories_inValid_columnName_blank" time="0.769"/>
  <testcase classname="io.mosip.testscripts.SimplePost" name="Masterdata_SearchMachine_Valid_ColumnSerialNumberNTypeContains" time="0.807"/>
  <testcase classname="io.mosip.testscripts.SimplePost" name="MasterData_DeviceSearch_DESC_Name_eng_pos" time="0.810"/>
  <testcase classname="io.mosip.testscripts.SimplePost" name="Masterdata_FilterMachineSpec_Valid_filterText_blank" time="0.754"/>
  <testcase classname="io.mosip.testscripts.SimplePost" name="MasterData_CreateDeviceType_InputParameter_Name_AboveMaxLen64" time="0.714"/>
  <testcase classname="io.mosip.testscripts.SimplePost" name="MasterData_DeviceSpecSearch_Equals_Brand" time="0.752"/>
  <testcase classname="io.mosip.testscripts.SimplePost" name="MasterData_SearchDocCategories_inValid_sortType_blank" time="0.759"/>
  <testcase classname="io.mosip.testscripts.SimplePost" name="MasterData_FilterHolidays_inValid_filterText" time="0.734"/>
  <testcase classname="io.mosip.testscripts.SimplePost" name="Masterdata_CreateBlockListedWords_space_in_word" time="0.708"/>
  <testcase classname="io.mosip.testscripts.SimplePost" name="Masterdata_SearchMachineSpec_inValid_columnName_blank" time="0.750"/>
  <testcase classname="io.mosip.testscripts.SimplePost" name="MasterData_CreateDocumentType_Invalid_Code_Char37" time="0.806"/>
  <testcase classname="io.mosip.testscripts.SimplePost" name="Masterdata_FilterMachineSpec_inValid_filterColumnName_blank" time="0.743"/>
  <testcase classname="io.mosip.testscripts.SimplePost" name="Masterdata_FilterMachineType_inValid_filterColumnName" time="0.737"/>
  <testcase classname="io.mosip.testscripts.SimplePost" name="Masterdata_SearchMachine_Valid_TwoSortFields_AscNDesc" time="0.860"/>
  <testcase classname="io.mosip.testscripts.SimplePost" name="Masterdata_SearchMachineSpec_Valid_sortType_DESC" time="0.753"/>
  <testcase classname="io.mosip.testscripts.SimplePost" name="MasterData_CreateDocumentCategory_Invalid_InputParameter_Code_Missing" time="0.794"/>
  <testcase classname="io.mosip.testscripts.SimplePost" name="MasterData_SearchDocCategories_inValid_pagesize" time="0.695"/>
  <testcase classname="io.mosip.testscripts.SimplePost" name="MasterData_SearchDocumentType_inValid_filter_value_blank" time="0.752"/>
  <testcase classname="io.mosip.testscripts.SimplePost" name="MasterData_SearchDocumentType_inValid_filterType" time="0.778"/>
  <testcase classname="io.mosip.testscripts.SimplePost" name="Masterdata_SearchMachineSpec_Valid_col_as_Brand" time="0.785"/>
  <testcase classname="io.mosip.testscripts.SimplePost" name="Masterdata_MachineTypeSearch_invalid_empty_sortFieldType" time="0.798"/>
  <testcase classname="io.mosip.testscripts.SimplePost" name="MasterData_FilterHolidays_inValid_RequestTime_format" time="0.766"/>
</testsuite> <!-- io.mosip.testscripts.SimplePost -->
