<?xml version="1.0" encoding="UTF-8"?>
<!-- Generated by org.testng.reporters.JUnitReportReporter -->
<testsuite hostname="Techno-311" failures="0" tests="1" name="io.mosip.testrig.apirig.testscripts.CreatePreReg" time="18.072" errors="0" timestamp="26 Sep 2023 06:42:42 GMT" skipped="0">
  <testcase classname="io.mosip.testrig.apirig.testscripts.CreatePreReg" name="Prereg_CreatePrereg_All_Valid_Smoke_sid" time="18.072"/>
</testsuite> <!-- io.mosip.testrig.apirig.testscripts.CreatePreReg -->
