<?xml version="1.0" encoding="UTF-8"?>
<!-- Generated by org.testng.reporters.JUnitReportReporter -->
<testsuite hostname="Techno-311" failures="0" tests="64" name="io.mosip.testscripts.PostWithBodyWithOtpGenerate" time="127.095" errors="2" timestamp="10 Apr 2023 11:46:02 GMT" skipped="0">
  <testcase classname="io.mosip.testscripts.PostWithBodyWithOtpGenerate" name="IDP_WalletBinding_uin_Missing_Challenge_Neg" time="2.030"/>
  <testcase classname="io.mosip.testscripts.PostWithBodyWithOtpGenerate" name="IDP_WalletBinding_uin_Invalid_Formate_Neg" time="3.044">
    <error message="Failed at output validation" type="io.mosip.admin.fw.util.AdminTestException">
      <![CDATA[io.mosip.admin.fw.util.AdminTestException: Failed at output validation
	at io.mosip.testscripts.PostWithBodyWithOtpGenerate.test(PostWithBodyWithOtpGenerate.java:133)
	at jdk.internal.reflect.GeneratedMethodAccessor211.invoke(Unknown Source)
	at java.base/jdk.internal.reflect.DelegatingMethodAccessorImpl.invoke(DelegatingMethodAccessorImpl.java:43)
	at java.base/java.lang.reflect.Method.invoke(Method.java:566)
	at org.testng.internal.MethodInvocationHelper.invokeMethod(MethodInvocationHelper.java:108)
	at org.testng.internal.Invoker.invokeMethod(Invoker.java:661)
	at org.testng.internal.Invoker.invokeTestMethod(Invoker.java:869)
	at org.testng.internal.Invoker.invokeTestMethods(Invoker.java:1193)
	at org.testng.internal.TestMethodWorker.invokeTestMethods(TestMethodWorker.java:126)
	at org.testng.internal.TestMethodWorker.run(TestMethodWorker.java:109)
	at org.testng.TestRunner.privateRun(TestRunner.java:744)
	at org.testng.TestRunner.run(TestRunner.java:602)
	at org.testng.SuiteRunner.runTest(SuiteRunner.java:380)
	at org.testng.SuiteRunner.runSequentially(SuiteRunner.java:375)
	at org.testng.SuiteRunner.privateRun(SuiteRunner.java:340)
	at org.testng.SuiteRunner.run(SuiteRunner.java:289)
	at org.testng.SuiteRunnerWorker.runSuite(SuiteRunnerWorker.java:52)
	at org.testng.SuiteRunnerWorker.run(SuiteRunnerWorker.java:86)
	at org.testng.TestNG.runSuitesSequentially(TestNG.java:1301)
	at org.testng.TestNG.runSuitesLocally(TestNG.java:1226)
	at org.testng.TestNG.runSuites(TestNG.java:1144)
	at org.testng.TestNG.run(TestNG.java:1115)
	at io.mosip.testrunner.MosipTestRunner.startTestRunner(MosipTestRunner.java:184)
	at io.mosip.testrunner.MosipTestRunner.main(MosipTestRunner.java:124)
]]>
    </error>
  </testcase> <!-- IDP_WalletBinding_uin_Invalid_Formate_Neg -->
  <testcase classname="io.mosip.testscripts.PostWithBodyWithOtpGenerate" name="IDP_WalletBinding_vid_Missing_Challenge_Neg" time="2.634"/>
  <testcase classname="io.mosip.testscripts.PostWithBodyWithOtpGenerate" name="IDP_WalletBinding_vid_EmptyVal_AuthFactorType_Neg" time="2.054"/>
  <testcase classname="io.mosip.testscripts.PostWithBodyWithOtpGenerate" name="IDP_WalletBinding_vid_Future_RequestTime_Neg" time="1.515"/>
  <testcase classname="io.mosip.testscripts.PostWithBodyWithOtpGenerate" name="IDP_WalletBinding_uin_Future_RequestTime_Neg" time="1.986"/>
  <testcase classname="io.mosip.testscripts.PostWithBodyWithOtpGenerate" name="IDP_WalletBinding_uin_Empty_IndividualId_Neg" time="1.772"/>
  <testcase classname="io.mosip.testscripts.PostWithBodyWithOtpGenerate" name="IDP_WalletBinding_uin_Invalid_Challenge_Neg" time="2.537"/>
  <testcase classname="io.mosip.testscripts.PostWithBodyWithOtpGenerate" name="IDP_WalletBinding_uin_Missing_format1_Neg" time="1.730"/>
  <testcase classname="io.mosip.testscripts.PostWithBodyWithOtpGenerate" name="IDP_WalletBinding_vid_Empty_format1_Neg" time="2.753"/>
  <testcase classname="io.mosip.testscripts.PostWithBodyWithOtpGenerate" name="IDP_WalletBinding_uin_SpaceVal_authFactorType1_Neg" time="1.584"/>
  <testcase classname="io.mosip.testscripts.PostWithBodyWithOtpGenerate" name="IDP_WalletBinding_uin_Missing_Formate_Neg" time="1.630"/>
  <testcase classname="io.mosip.testscripts.PostWithBodyWithOtpGenerate" name="IDP_WalletBinding_uin_OTP_Email_Valid_Smoke" time="2.604"/>
  <testcase classname="io.mosip.testscripts.PostWithBodyWithOtpGenerate" name="IDP_WalletBinding_uin_SpaceVal_format1_Neg" time="1.553"/>
  <testcase classname="io.mosip.testscripts.PostWithBodyWithOtpGenerate" name="IDP_WalletBinding_uin_SpaceVal_IndividualId_Neg" time="1.645"/>
  <testcase classname="io.mosip.testscripts.PostWithBodyWithOtpGenerate" name="IDP_WalletBinding_uin_Missing_AuthFactorType_Neg" time="2.501"/>
  <testcase classname="io.mosip.testscripts.PostWithBodyWithOtpGenerate" name="IDP_WalletBinding_uin_Invalid_AuthFactorType_Neg" time="2.117"/>
  <testcase classname="io.mosip.testscripts.PostWithBodyWithOtpGenerate" name="IDP_WalletBinding_uin_Invalid_RequestTime_Neg" time="2.680"/>
  <testcase classname="io.mosip.testscripts.PostWithBodyWithOtpGenerate" name="IDP_WalletBinding_uin_OTP_Valid_Smoke" time="2.557"/>
  <testcase classname="io.mosip.testscripts.PostWithBodyWithOtpGenerate" name="IDP_WalletBinding_vid_Invalid_authFactorType1_Neg" time="1.741"/>
  <testcase classname="io.mosip.testscripts.PostWithBodyWithOtpGenerate" name="IDP_WalletBinding_vid_Null_IndividualId_Neg" time="2.472"/>
  <testcase classname="io.mosip.testscripts.PostWithBodyWithOtpGenerate" name="IDP_WalletBinding_uin_SpaceVal_Challenge_Neg" time="1.760"/>
  <testcase classname="io.mosip.testscripts.PostWithBodyWithOtpGenerate" name="IDP_WalletBinding_vid_Empty_Formate_Neg" time="1.929"/>
  <testcase classname="io.mosip.testscripts.PostWithBodyWithOtpGenerate" name="IDP_WalletBinding_uin_Missing_authFactorType1_Neg" time="1.557"/>
  <testcase classname="io.mosip.testscripts.PostWithBodyWithOtpGenerate" name="IDP_WalletBinding_uin_Invalid_IndividualId_Neg" time="2.290"/>
  <testcase classname="io.mosip.testscripts.PostWithBodyWithOtpGenerate" name="IDP_WalletBinding_uin_PastVal_RequestTime_Neg" time="2.347"/>
  <testcase classname="io.mosip.testscripts.PostWithBodyWithOtpGenerate" name="IDP_WalletBinding_vid_Empty_authFactorType1_Neg" time="1.952"/>
  <testcase classname="io.mosip.testscripts.PostWithBodyWithOtpGenerate" name="IDP_WalletBinding_uin_Empty_authFactorType1_Neg" time="2.242"/>
  <testcase classname="io.mosip.testscripts.PostWithBodyWithOtpGenerate" name="IDP_WalletBinding_uin_Null_IndividualId_Neg" time="2.276"/>
  <testcase classname="io.mosip.testscripts.PostWithBodyWithOtpGenerate" name="IDP_WalletBinding_uin_Invalid_authFactorType1_Neg" time="1.575"/>
  <testcase classname="io.mosip.testscripts.PostWithBodyWithOtpGenerate" name="IDP_WalletBinding_vid_Missing_IndividualId_Neg" time="1.657"/>
  <testcase classname="io.mosip.testscripts.PostWithBodyWithOtpGenerate" name="IDP_WalletBinding_uin_Invalid_format1_Neg" time="1.737"/>
  <testcase classname="io.mosip.testscripts.PostWithBodyWithOtpGenerate" name="IDP_WalletBinding_vid_Invalid_Challenge_Neg" time="2.162"/>
  <testcase classname="io.mosip.testscripts.PostWithBodyWithOtpGenerate" name="IDP_WalletBinding_uin_Empty_format1_Neg" time="1.881"/>
  <testcase classname="io.mosip.testscripts.PostWithBodyWithOtpGenerate" name="IDP_WalletBinding_vid_Missing_Formate_Neg" time="1.818"/>
  <testcase classname="io.mosip.testscripts.PostWithBodyWithOtpGenerate" name="IDP_WalletBinding_vid_SpaceVal_format1_Neg" time="1.899"/>
  <testcase classname="io.mosip.testscripts.PostWithBodyWithOtpGenerate" name="IDP_WalletBinding_vid_SpaceVal_AuthFactorType_Neg" time="1.678"/>
  <testcase classname="io.mosip.testscripts.PostWithBodyWithOtpGenerate" name="IDP_WalletBinding_vid_SpaceVal_Formate_Neg" time="1.721"/>
  <testcase classname="io.mosip.testscripts.PostWithBodyWithOtpGenerate" name="IDP_WalletBinding_uin_Null_publicKey_Neg" time="1.561"/>
  <testcase classname="io.mosip.testscripts.PostWithBodyWithOtpGenerate" name="IDP_WalletBinding_vid_PastVal_RequestTime_Neg" time="1.888"/>
  <testcase classname="io.mosip.testscripts.PostWithBodyWithOtpGenerate" name="IDP_WalletBinding_vid_Null_publicKey_Neg" time="1.450"/>
  <testcase classname="io.mosip.testscripts.PostWithBodyWithOtpGenerate" name="IDP_WalletBinding_vid_Missing_format1_Neg" time="1.706"/>
  <testcase classname="io.mosip.testscripts.PostWithBodyWithOtpGenerate" name="IDP_WalletBinding_vid_Invalid_AuthFactorType_Neg" time="1.755"/>
  <testcase classname="io.mosip.testscripts.PostWithBodyWithOtpGenerate" name="IDP_WalletBinding_uin_SpaceVal_Formate_Neg" time="1.984"/>
  <testcase classname="io.mosip.testscripts.PostWithBodyWithOtpGenerate" name="IDP_WalletBinding_vid_Invalid_format1_Neg" time="1.704"/>
  <testcase classname="io.mosip.testscripts.PostWithBodyWithOtpGenerate" name="IDP_WalletBinding_vid_Empty_IndividualId_Neg" time="1.685"/>
  <testcase classname="io.mosip.testscripts.PostWithBodyWithOtpGenerate" name="IDP_WalletBinding_uin_Invalid_publicKey_Neg" time="1.688"/>
  <testcase classname="io.mosip.testscripts.PostWithBodyWithOtpGenerate" name="IDP_WalletBinding_vid_EmptyVal_Challenge_Neg" time="1.974"/>
  <testcase classname="io.mosip.testscripts.PostWithBodyWithOtpGenerate" name="IDP_WalletBinding_vid_SpaceVal_IndividualId_Neg" time="2.775"/>
  <testcase classname="io.mosip.testscripts.PostWithBodyWithOtpGenerate" name="IDP_WalletBinding_uin_EmptyVal_Challenge_Neg" time="1.976"/>
  <testcase classname="io.mosip.testscripts.PostWithBodyWithOtpGenerate" name="IDP_WalletBinding_uin_EmptyVal_AuthFactorType_Neg" time="2.399"/>
  <testcase classname="io.mosip.testscripts.PostWithBodyWithOtpGenerate" name="IDP_WalletBinding_uin_SpaceVal_AuthFactorType_Neg" time="1.949"/>
  <testcase classname="io.mosip.testscripts.PostWithBodyWithOtpGenerate" name="IDP_WalletBinding_vid_Invalid_RequestTime_Neg" time="1.815"/>
  <testcase classname="io.mosip.testscripts.PostWithBodyWithOtpGenerate" name="IDP_WalletBinding_uin_OTP_Phone_Valid_Smoke" time="2.846"/>
  <testcase classname="io.mosip.testscripts.PostWithBodyWithOtpGenerate" name="IDP_WalletBinding_uin_Missing_IndividualId_Neg" time="1.754"/>
  <testcase classname="io.mosip.testscripts.PostWithBodyWithOtpGenerate" name="IDP_WalletBinding_vid_Missing_AuthFactorType_Neg" time="1.748"/>
  <testcase classname="io.mosip.testscripts.PostWithBodyWithOtpGenerate" name="IDP_WalletBinding_vid_SpaceVal_authFactorType1_Neg" time="1.607"/>
  <testcase classname="io.mosip.testscripts.PostWithBodyWithOtpGenerate" name="IDP_WalletBinding_vid_Invalid_publicKey_Neg" time="1.527"/>
  <testcase classname="io.mosip.testscripts.PostWithBodyWithOtpGenerate" name="IDP_WalletBinding_vid_Missing_authFactorType1_Neg" time="1.823"/>
  <testcase classname="io.mosip.testscripts.PostWithBodyWithOtpGenerate" name="IDP_WalletBinding_Vid_OTP_Valid_Smoke" time="2.234"/>
  <testcase classname="io.mosip.testscripts.PostWithBodyWithOtpGenerate" name="IDP_WalletBinding_vid_Invalid_Formate_Neg" time="2.192">
    <error message="Failed at output validation" type="io.mosip.admin.fw.util.AdminTestException">
      <![CDATA[io.mosip.admin.fw.util.AdminTestException: Failed at output validation
	at io.mosip.testscripts.PostWithBodyWithOtpGenerate.test(PostWithBodyWithOtpGenerate.java:133)
	at jdk.internal.reflect.GeneratedMethodAccessor211.invoke(Unknown Source)
	at java.base/jdk.internal.reflect.DelegatingMethodAccessorImpl.invoke(DelegatingMethodAccessorImpl.java:43)
	at java.base/java.lang.reflect.Method.invoke(Method.java:566)
	at org.testng.internal.MethodInvocationHelper.invokeMethod(MethodInvocationHelper.java:108)
	at org.testng.internal.Invoker.invokeMethod(Invoker.java:661)
	at org.testng.internal.Invoker.invokeTestMethod(Invoker.java:869)
	at org.testng.internal.Invoker.invokeTestMethods(Invoker.java:1193)
	at org.testng.internal.TestMethodWorker.invokeTestMethods(TestMethodWorker.java:126)
	at org.testng.internal.TestMethodWorker.run(TestMethodWorker.java:109)
	at org.testng.TestRunner.privateRun(TestRunner.java:744)
	at org.testng.TestRunner.run(TestRunner.java:602)
	at org.testng.SuiteRunner.runTest(SuiteRunner.java:380)
	at org.testng.SuiteRunner.runSequentially(SuiteRunner.java:375)
	at org.testng.SuiteRunner.privateRun(SuiteRunner.java:340)
	at org.testng.SuiteRunner.run(SuiteRunner.java:289)
	at org.testng.SuiteRunnerWorker.runSuite(SuiteRunnerWorker.java:52)
	at org.testng.SuiteRunnerWorker.run(SuiteRunnerWorker.java:86)
	at org.testng.TestNG.runSuitesSequentially(TestNG.java:1301)
	at org.testng.TestNG.runSuitesLocally(TestNG.java:1226)
	at org.testng.TestNG.runSuites(TestNG.java:1144)
	at org.testng.TestNG.run(TestNG.java:1115)
	at io.mosip.testrunner.MosipTestRunner.startTestRunner(MosipTestRunner.java:184)
	at io.mosip.testrunner.MosipTestRunner.main(MosipTestRunner.java:124)
]]>
    </error>
  </testcase> <!-- IDP_WalletBinding_vid_Invalid_Formate_Neg -->
  <testcase classname="io.mosip.testscripts.PostWithBodyWithOtpGenerate" name="IDP_WalletBinding_vid_Invalid_IndividualId_Neg" time="1.847"/>
  <testcase classname="io.mosip.testscripts.PostWithBodyWithOtpGenerate" name="IDP_WalletBinding_uin_Empty_Formate_Neg" time="1.911"/>
  <testcase classname="io.mosip.testscripts.PostWithBodyWithOtpGenerate" name="IDP_WalletBinding_vid_SpaceVal_Challenge_Neg" time="1.677"/>
</testsuite> <!-- io.mosip.testscripts.PostWithBodyWithOtpGenerate -->
