<?xml version="1.0" encoding="UTF-8"?>
<!-- Generated by org.testng.reporters.JUnitReportReporter -->
<testsuite hostname="Techno-311" failures="0" tests="1" name="io.mosip.testrig.apirig.testscripts.PatchWithBodyWithOtpGenerate" time="0.001" errors="0" timestamp="05 Oct 2023 08:22:58 GMT" skipped="1">
  <testcase classname="io.mosip.testrig.apirig.testscripts.PatchWithBodyWithOtpGenerate" name="auth_RevokeVID_all_valid_smoke" time="0.001">
    <skipped/>
  </testcase> <!-- auth_RevokeVID_all_valid_smoke -->
</testsuite> <!-- io.mosip.testrig.apirig.testscripts.PatchWithBodyWithOtpGenerate -->
