<?xml version="1.0" encoding="UTF-8"?>
<!-- Generated by org.testng.reporters.JUnitReportReporter -->
<testsuite hostname="Techno-311" failures="0" tests="84" name="io.mosip.testscripts.SimplePostForAutoGenId" time="64.369" errors="3" timestamp="14 Jul 2023 17:24:05 GMT" skipped="0">
  <testcase classname="io.mosip.testscripts.SimplePostForAutoGenId" name="MasterData_CreateDeviceSpecification_InputParameter_Name_Empty" time="0.771"/>
  <testcase classname="io.mosip.testscripts.SimplePostForAutoGenId" name="Masterdata_CreateMachineSpecification_InputParameter_Model_AboveMaxLen16" time="0.699"/>
  <testcase classname="io.mosip.testscripts.SimplePostForAutoGenId" name="MasterData_CreateRegCenterType_InputParameter_Name_AboveMaxLen64" time="0.727"/>
  <testcase classname="io.mosip.testscripts.SimplePostForAutoGenId" name="MasterData_CreateDeviceSpecification_InputParameter_Model_Missing" time="0.754"/>
  <testcase classname="io.mosip.testscripts.SimplePostForAutoGenId" name="Masterdata_CreateMachine_Invalid_Machine_Name_Blank" time="0.736"/>
  <testcase classname="io.mosip.testscripts.SimplePostForAutoGenId" name="MasterData_CreateDevice_Invalid_Zone_Code_Blank" time="0.783"/>
  <testcase classname="io.mosip.testscripts.SimplePostForAutoGenId" name="Masterdata_CreateMachineSpecification_All_Valid_Smoke_sid" time="0.804"/>
  <testcase classname="io.mosip.testscripts.SimplePostForAutoGenId" name="MasterData_CreateRegCenter_Invalid_HolidayLocationCode_blank_eng" time="0.755"/>
  <testcase classname="io.mosip.testscripts.SimplePostForAutoGenId" name="Masterdata_CreateMachineSpecification_InputParameter_Brand_AboveMaxLen32" time="0.717"/>
  <testcase classname="io.mosip.testscripts.SimplePostForAutoGenId" name="MasterData_CreateRegCenter_Invalid_latitude_blank_eng" time="0.789"/>
  <testcase classname="io.mosip.testscripts.SimplePostForAutoGenId" name="MasterData_CreateHoliday_Invalid_InputParameter_HolidayDate_Empty" time="0.787"/>
  <testcase classname="io.mosip.testscripts.SimplePostForAutoGenId" name="MasterData_CreateHoliday_Invalid_InputParameter_LocationCode_Missing" time="0.690"/>
  <testcase classname="io.mosip.testscripts.SimplePostForAutoGenId" name="MasterData_CreateHoliday_Invalid_InputParameter_HolidayName_AboveMaxLen64" time="0.756"/>
  <testcase classname="io.mosip.testscripts.SimplePostForAutoGenId" name="MasterData_CreateHoliday_Invalid_InputParameter_HolidayDate_Missing" time="0.712"/>
  <testcase classname="io.mosip.testscripts.SimplePostForAutoGenId" name="MasterData_CreateDeviceSpecification_InputParameter_isActive_Missing" time="0.709"/>
  <testcase classname="io.mosip.testscripts.SimplePostForAutoGenId" name="MasterData_CreateDeviceSpecification_InputParameter_Invalid_DeviceTypeCode" time="0.883"/>
  <testcase classname="io.mosip.testscripts.SimplePostForAutoGenId" name="Masterdata_CreateMachineSpecification_InputParameter_Name_AboveMaxLen64" time="0.720"/>
  <testcase classname="io.mosip.testscripts.SimplePostForAutoGenId" name="MasterData_CreateRegCenterType_InputParameter_Name_Empty" time="0.692"/>
  <testcase classname="io.mosip.testscripts.SimplePostForAutoGenId" name="Masterdata_CreateMachineSpecification_InputParameter_machineTypeCode_Missing" time="0.723"/>
  <testcase classname="io.mosip.testscripts.SimplePostForAutoGenId" name="Masterdata_CreateMachine_Invalid_validitydate_Format" time="0.719"/>
  <testcase classname="io.mosip.testscripts.SimplePostForAutoGenId" name="Masterdata_CreateMachine_inValid_MSpecID_AboveMaxLen36" time="0.722"/>
  <testcase classname="io.mosip.testscripts.SimplePostForAutoGenId" name="MasterData_CreateHoliday_Invalid_InputParameter_isActive_Missing" time="0.728"/>
  <testcase classname="io.mosip.testscripts.SimplePostForAutoGenId" name="Masterdata_CreateMachine_Invalid_Machine_Zone" time="0.746"/>
  <testcase classname="io.mosip.testscripts.SimplePostForAutoGenId" name="Masterdata_CreateMachineSpecification_InputParameter_MinDriverversion_Missing" time="0.832"/>
  <testcase classname="io.mosip.testscripts.SimplePostForAutoGenId" name="MasterData_CreateDevice_Invalid_InputParameterInvalid_Format" time="0.832"/>
  <testcase classname="io.mosip.testscripts.SimplePostForAutoGenId" name="Masterdata_CreateMachineSpecification_InputParameter_Name_Empty" time="0.722"/>
  <testcase classname="io.mosip.testscripts.SimplePostForAutoGenId" name="Masterdata_CreateMachineSpecification_InputParameter_machineTypeCode_Empty" time="0.738"/>
  <testcase classname="io.mosip.testscripts.SimplePostForAutoGenId" name="MasterData_CreateDeviceSpecification_InputParameter_DeviceTypeCode_Missing" time="0.740"/>
  <testcase classname="io.mosip.testscripts.SimplePostForAutoGenId" name="MasterData_CreateDeviceSpecification_InputParameter_Brand_Empty" time="0.731"/>
  <testcase classname="io.mosip.testscripts.SimplePostForAutoGenId" name="MasterData_CreateDevice_Invalid_DSpecID_AboveMaxLen36" time="0.775"/>
  <testcase classname="io.mosip.testscripts.SimplePostForAutoGenId" name="Masterdata_CreateMachine_All_Valid_Smoke_sid" time="1.717"/>
  <testcase classname="io.mosip.testscripts.SimplePostForAutoGenId" name="MasterData_CreateRegCenterType_All_Valid_Smoke_sid" time="0.826">
    <error message="Failed at output validation" type="io.mosip.admin.fw.util.AdminTestException">
      <![CDATA[io.mosip.admin.fw.util.AdminTestException: Failed at output validation
	at io.mosip.testscripts.SimplePostForAutoGenId.test(SimplePostForAutoGenId.java:116)
	at jdk.internal.reflect.GeneratedMethodAccessor190.invoke(Unknown Source)
	at java.base/jdk.internal.reflect.DelegatingMethodAccessorImpl.invoke(DelegatingMethodAccessorImpl.java:43)
	at java.base/java.lang.reflect.Method.invoke(Method.java:566)
	at org.testng.internal.MethodInvocationHelper.invokeMethod(MethodInvocationHelper.java:108)
	at org.testng.internal.Invoker.invokeMethod(Invoker.java:661)
	at org.testng.internal.Invoker.invokeTestMethod(Invoker.java:869)
	at org.testng.internal.Invoker.invokeTestMethods(Invoker.java:1193)
	at org.testng.internal.TestMethodWorker.invokeTestMethods(TestMethodWorker.java:126)
	at org.testng.internal.TestMethodWorker.run(TestMethodWorker.java:109)
	at org.testng.TestRunner.privateRun(TestRunner.java:744)
	at org.testng.TestRunner.run(TestRunner.java:602)
	at org.testng.SuiteRunner.runTest(SuiteRunner.java:380)
	at org.testng.SuiteRunner.runSequentially(SuiteRunner.java:375)
	at org.testng.SuiteRunner.privateRun(SuiteRunner.java:340)
	at org.testng.SuiteRunner.run(SuiteRunner.java:289)
	at org.testng.SuiteRunnerWorker.runSuite(SuiteRunnerWorker.java:52)
	at org.testng.SuiteRunnerWorker.run(SuiteRunnerWorker.java:86)
	at org.testng.TestNG.runSuitesSequentially(TestNG.java:1301)
	at org.testng.TestNG.runSuitesLocally(TestNG.java:1226)
	at org.testng.TestNG.runSuites(TestNG.java:1144)
	at org.testng.TestNG.run(TestNG.java:1115)
	at io.mosip.testrunner.MosipTestRunner.startTestRunner(MosipTestRunner.java:161)
	at io.mosip.testrunner.MosipTestRunner.main(MosipTestRunner.java:103)
]]>
    </error>
  </testcase> <!-- MasterData_CreateRegCenterType_All_Valid_Smoke_sid -->
  <testcase classname="io.mosip.testscripts.SimplePostForAutoGenId" name="MasterData_CreateDeviceSpecification_All_Valid_Smoke_sid" time="0.809">
    <error message="Failed at output validation" type="io.mosip.admin.fw.util.AdminTestException">
      <![CDATA[io.mosip.admin.fw.util.AdminTestException: Failed at output validation
	at io.mosip.testscripts.SimplePostForAutoGenId.test(SimplePostForAutoGenId.java:116)
	at jdk.internal.reflect.GeneratedMethodAccessor190.invoke(Unknown Source)
	at java.base/jdk.internal.reflect.DelegatingMethodAccessorImpl.invoke(DelegatingMethodAccessorImpl.java:43)
	at java.base/java.lang.reflect.Method.invoke(Method.java:566)
	at org.testng.internal.MethodInvocationHelper.invokeMethod(MethodInvocationHelper.java:108)
	at org.testng.internal.Invoker.invokeMethod(Invoker.java:661)
	at org.testng.internal.Invoker.invokeTestMethod(Invoker.java:869)
	at org.testng.internal.Invoker.invokeTestMethods(Invoker.java:1193)
	at org.testng.internal.TestMethodWorker.invokeTestMethods(TestMethodWorker.java:126)
	at org.testng.internal.TestMethodWorker.run(TestMethodWorker.java:109)
	at org.testng.TestRunner.privateRun(TestRunner.java:744)
	at org.testng.TestRunner.run(TestRunner.java:602)
	at org.testng.SuiteRunner.runTest(SuiteRunner.java:380)
	at org.testng.SuiteRunner.runSequentially(SuiteRunner.java:375)
	at org.testng.SuiteRunner.privateRun(SuiteRunner.java:340)
	at org.testng.SuiteRunner.run(SuiteRunner.java:289)
	at org.testng.SuiteRunnerWorker.runSuite(SuiteRunnerWorker.java:52)
	at org.testng.SuiteRunnerWorker.run(SuiteRunnerWorker.java:86)
	at org.testng.TestNG.runSuitesSequentially(TestNG.java:1301)
	at org.testng.TestNG.runSuitesLocally(TestNG.java:1226)
	at org.testng.TestNG.runSuites(TestNG.java:1144)
	at org.testng.TestNG.run(TestNG.java:1115)
	at io.mosip.testrunner.MosipTestRunner.startTestRunner(MosipTestRunner.java:161)
	at io.mosip.testrunner.MosipTestRunner.main(MosipTestRunner.java:103)
]]>
    </error>
  </testcase> <!-- MasterData_CreateDeviceSpecification_All_Valid_Smoke_sid -->
  <testcase classname="io.mosip.testscripts.SimplePostForAutoGenId" name="MasterData_CreateDevice_Invalid_Device_Zone_notPresentInDB" time="0.797"/>
  <testcase classname="io.mosip.testscripts.SimplePostForAutoGenId" name="Masterdata_CreateMachineSpecification_InputParameter_Brand_Missing" time="0.705"/>
  <testcase classname="io.mosip.testscripts.SimplePostForAutoGenId" name="Masterdata_CreateMachineSpecification_InputParameter_Brand_Empty" time="0.913"/>
  <testcase classname="io.mosip.testscripts.SimplePostForAutoGenId" name="MasterData_CreateHoliday_All_Valid_Smoke_sid" time="0.802">
    <error message="Failed at output validation" type="io.mosip.admin.fw.util.AdminTestException">
      <![CDATA[io.mosip.admin.fw.util.AdminTestException: Failed at output validation
	at io.mosip.testscripts.SimplePostForAutoGenId.test(SimplePostForAutoGenId.java:116)
	at jdk.internal.reflect.GeneratedMethodAccessor190.invoke(Unknown Source)
	at java.base/jdk.internal.reflect.DelegatingMethodAccessorImpl.invoke(DelegatingMethodAccessorImpl.java:43)
	at java.base/java.lang.reflect.Method.invoke(Method.java:566)
	at org.testng.internal.MethodInvocationHelper.invokeMethod(MethodInvocationHelper.java:108)
	at org.testng.internal.Invoker.invokeMethod(Invoker.java:661)
	at org.testng.internal.Invoker.invokeTestMethod(Invoker.java:869)
	at org.testng.internal.Invoker.invokeTestMethods(Invoker.java:1193)
	at org.testng.internal.TestMethodWorker.invokeTestMethods(TestMethodWorker.java:126)
	at org.testng.internal.TestMethodWorker.run(TestMethodWorker.java:109)
	at org.testng.TestRunner.privateRun(TestRunner.java:744)
	at org.testng.TestRunner.run(TestRunner.java:602)
	at org.testng.SuiteRunner.runTest(SuiteRunner.java:380)
	at org.testng.SuiteRunner.runSequentially(SuiteRunner.java:375)
	at org.testng.SuiteRunner.privateRun(SuiteRunner.java:340)
	at org.testng.SuiteRunner.run(SuiteRunner.java:289)
	at org.testng.SuiteRunnerWorker.runSuite(SuiteRunnerWorker.java:52)
	at org.testng.SuiteRunnerWorker.run(SuiteRunnerWorker.java:86)
	at org.testng.TestNG.runSuitesSequentially(TestNG.java:1301)
	at org.testng.TestNG.runSuitesLocally(TestNG.java:1226)
	at org.testng.TestNG.runSuites(TestNG.java:1144)
	at org.testng.TestNG.run(TestNG.java:1115)
	at io.mosip.testrunner.MosipTestRunner.startTestRunner(MosipTestRunner.java:161)
	at io.mosip.testrunner.MosipTestRunner.main(MosipTestRunner.java:103)
]]>
    </error>
  </testcase> <!-- MasterData_CreateHoliday_All_Valid_Smoke_sid -->
  <testcase classname="io.mosip.testscripts.SimplePostForAutoGenId" name="MasterData_CreateDeviceSpecification_InputParameter_DeviceTypeCode_AboveMaxLen36" time="0.722"/>
  <testcase classname="io.mosip.testscripts.SimplePostForAutoGenId" name="MasterData_CreateDevice_Valid_Smoke_decommison_sid" time="0.827"/>
  <testcase classname="io.mosip.testscripts.SimplePostForAutoGenId" name="MasterData_CreateDevice_Invalid_MAC_Address_Blank" time="0.784"/>
  <testcase classname="io.mosip.testscripts.SimplePostForAutoGenId" name="MasterData_CreateHoliday_Invalid_InputParameter_HolidayName_Missing" time="0.725"/>
  <testcase classname="io.mosip.testscripts.SimplePostForAutoGenId" name="MasterData_CreateDeviceSpecification_InputParameter_Brand_AboveMaxLen32" time="0.725"/>
  <testcase classname="io.mosip.testscripts.SimplePostForAutoGenId" name="Masterdata_CreateMachineSpecification_InputParameter_Model_Empty" time="0.821"/>
  <testcase classname="io.mosip.testscripts.SimplePostForAutoGenId" name="MasterData_CreateDeviceSpecification_InputParameter_Description_AboveMaxLen256" time="0.731"/>
  <testcase classname="io.mosip.testscripts.SimplePostForAutoGenId" name="Masterdata_CreateMachineSpecification_InputParameter_isActive_Missing" time="0.749"/>
  <testcase classname="io.mosip.testscripts.SimplePostForAutoGenId" name="Masterdata_CreateMachineSpecification_InputParameter_Model_Missing" time="0.735"/>
  <testcase classname="io.mosip.testscripts.SimplePostForAutoGenId" name="MasterData_CreateDeviceSpecification_InputParameter_Brand_Missing" time="0.736"/>
  <testcase classname="io.mosip.testscripts.SimplePostForAutoGenId" name="MasterData_CreateHoliday_Invalid_HolidayDate_Format" time="0.744"/>
  <testcase classname="io.mosip.testscripts.SimplePostForAutoGenId" name="Masterdata_CreateMachineSpecification_InputParameter_MinDriverversion_AboveMaxLen16" time="0.751"/>
  <testcase classname="io.mosip.testscripts.SimplePostForAutoGenId" name="MasterData_CreateDeviceSpecification_InputParameter_MinDriverversion_AboveMaxLen16" time="0.730"/>
  <testcase classname="io.mosip.testscripts.SimplePostForAutoGenId" name="MasterData_CreateRegCenterType_InputParameter_Name_Missing" time="0.712"/>
  <testcase classname="io.mosip.testscripts.SimplePostForAutoGenId" name="MasterData_CreateDeviceSpecification_InputParameter_Name_AboveMaxLen64" time="0.768"/>
  <testcase classname="io.mosip.testscripts.SimplePostForAutoGenId" name="Masterdata_CreateMachineSpecification_InputParameter_Description_AboveMaxLen256" time="0.722"/>
  <testcase classname="io.mosip.testscripts.SimplePostForAutoGenId" name="Masterdata_CreateMachine_inValid_IPAddress_AboveMaxLen17" time="0.760"/>
  <testcase classname="io.mosip.testscripts.SimplePostForAutoGenId" name="MasterData_CreateDeviceSpecification_InputParameter_DeviceTypeCode_Empty" time="0.723"/>
  <testcase classname="io.mosip.testscripts.SimplePostForAutoGenId" name="MasterData_CreateDeviceSpecification_InputParameter_MinDriverversion_Empty" time="0.765"/>
  <testcase classname="io.mosip.testscripts.SimplePostForAutoGenId" name="Masterdata_CreateMachineSpecification_InputParameter_machineTypeCode_AboveMaxLen36" time="0.759"/>
  <testcase classname="io.mosip.testscripts.SimplePostForAutoGenId" name="MasterData_CreateDevice_Invalid_IPAddress_AboveMaxLen17" time="0.749"/>
  <testcase classname="io.mosip.testscripts.SimplePostForAutoGenId" name="MasterData_CreateDeviceSpecification_InputParameter_MinDriverversion_Missing" time="0.882"/>
  <testcase classname="io.mosip.testscripts.SimplePostForAutoGenId" name="MasterData_CreateDevice_Invalid_SerialNumber_AboveMaxLen64" time="0.739"/>
  <testcase classname="io.mosip.testscripts.SimplePostForAutoGenId" name="Masterdata_CreateMachineSpecification_InputParameter_Name_Missing" time="0.709"/>
  <testcase classname="io.mosip.testscripts.SimplePostForAutoGenId" name="Masterdata_CreateMachineSpecification_InputParameter_MinDriverversion_Empty" time="0.739"/>
  <testcase classname="io.mosip.testscripts.SimplePostForAutoGenId" name="Masterdata_CreateMachine_Invalid_publicKey" time="0.760"/>
  <testcase classname="io.mosip.testscripts.SimplePostForAutoGenId" name="Masterdata_CreateMachine_Invalid_Zone_Code_Blank" time="0.751"/>
  <testcase classname="io.mosip.testscripts.SimplePostForAutoGenId" name="MasterData_CreateRegCenter_Invalid_latitude_eng" time="0.739"/>
  <testcase classname="io.mosip.testscripts.SimplePostForAutoGenId" name="Masterdata_CreateMachineSpecification_InputParameter_Invalid_machineTypeCode" time="0.718"/>
  <testcase classname="io.mosip.testscripts.SimplePostForAutoGenId" name="MasterData_CreateRegCenter_allValid_smoke_sid" time="0.819"/>
  <testcase classname="io.mosip.testscripts.SimplePostForAutoGenId" name="MasterData_CreateRegCenterType_InputParameter_Description_AboveMaxLen256" time="0.789"/>
  <testcase classname="io.mosip.testscripts.SimplePostForAutoGenId" name="MasterData_CreateDevice_Invalid_Machine_Name_Blank" time="0.773"/>
  <testcase classname="io.mosip.testscripts.SimplePostForAutoGenId" name="Masterdata_CreateMachine_inValid_MacAddress_AboveMaxLen64" time="0.705"/>
  <testcase classname="io.mosip.testscripts.SimplePostForAutoGenId" name="MasterData_CreateDeviceSpecification_InputParameter_Model_AboveMaxLen16" time="0.761"/>
  <testcase classname="io.mosip.testscripts.SimplePostForAutoGenId" name="MasterData_CreateDevice_All_Valid_Smoke_sid" time="0.835"/>
  <testcase classname="io.mosip.testscripts.SimplePostForAutoGenId" name="MasterData_CreateDevice_Invalid_MacAddress_AboveMaxLen64" time="0.745"/>
  <testcase classname="io.mosip.testscripts.SimplePostForAutoGenId" name="MasterData_CreateHoliday_Invalid_InputParameter_LocationCode_NotInDB" time="0.813"/>
  <testcase classname="io.mosip.testscripts.SimplePostForAutoGenId" name="Masterdata_CreateMachine_Invalid_MAC_Address_Blank" time="0.730"/>
  <testcase classname="io.mosip.testscripts.SimplePostForAutoGenId" name="MasterData_CreateDeviceSpecification_InputParameter_Model_Empty" time="0.753"/>
  <testcase classname="io.mosip.testscripts.SimplePostForAutoGenId" name="Masterdata_CreateMachine_inValid_SerialNumber_AboveMaxLen64" time="0.720"/>
  <testcase classname="io.mosip.testscripts.SimplePostForAutoGenId" name="MasterData_CreateRegCenterType_InputParameter_isActive_Missing" time="0.728"/>
  <testcase classname="io.mosip.testscripts.SimplePostForAutoGenId" name="MasterData_CreateDevice_Invalid_DeviceName_AboveMaxLen64" time="0.711"/>
  <testcase classname="io.mosip.testscripts.SimplePostForAutoGenId" name="MasterData_CreateDeviceSpecification_InputParameter_Name_Missing" time="0.726"/>
  <testcase classname="io.mosip.testscripts.SimplePostForAutoGenId" name="Masterdata_CreateMachine_inValid_MachineName_AboveMaxLen64" time="0.702"/>
  <testcase classname="io.mosip.testscripts.SimplePostForAutoGenId" name="MasterData_CreateDevice_Invalid_Serial_Number_Blank" time="0.722"/>
  <testcase classname="io.mosip.testscripts.SimplePostForAutoGenId" name="Masterdata_CreateMachine_Invalid_Zone_nonAccessable" time="0.758"/>
  <testcase classname="io.mosip.testscripts.SimplePostForAutoGenId" name="MasterData_CreateHoliday_Invalid_InputParameter_LocationCode_AboveMaxLen128" time="0.743"/>
</testsuite> <!-- io.mosip.testscripts.SimplePostForAutoGenId -->
