<?xml version="1.0" encoding="UTF-8"?>
<!-- Generated by org.testng.reporters.JUnitReportReporter -->
<testsuite hostname="Techno-311" failures="0" tests="15" name="io.mosip.testscripts.PatchWithPathParamsAndBody" time="13.986" errors="0" timestamp="14 Jul 2023 17:04:34 GMT" skipped="0">
  <testcase classname="io.mosip.testscripts.PatchWithPathParamsAndBody" name="Partner_ActivateDeactivatePartnerApiKey_deactivate_allValid_smoke" time="1.034"/>
  <testcase classname="io.mosip.testscripts.PatchWithPathParamsAndBody" name="Partner_UpdatePolicyStatus_DeActive_datashare_All_Valid_Smoke" time="1.085"/>
  <testcase classname="io.mosip.testscripts.PatchWithPathParamsAndBody" name="Partner_UpdatePolicyStatus_PolicyId_InValid" time="1.174"/>
  <testcase classname="io.mosip.testscripts.PatchWithPathParamsAndBody" name="Partner_ActivateDeactivatePartnerApiKey_activate_allValid_smoke" time="0.997"/>
  <testcase classname="io.mosip.testscripts.PatchWithPathParamsAndBody" name="Partner_ActivateDeactivatePartnerApiKey_invalid_partnerId" time="0.691"/>
  <testcase classname="io.mosip.testscripts.PatchWithPathParamsAndBody" name="Partner_ActivateDeactivatePartner_deactivate_allValid_smoke" time="1.155"/>
  <testcase classname="io.mosip.testscripts.PatchWithPathParamsAndBody" name="Partner_UpdatePolicyStatus_PolicyGroupId_InValid" time="0.945"/>
  <testcase classname="io.mosip.testscripts.PatchWithPathParamsAndBody" name="Partner_UpdatePolicyStatus_DeActive_auth_All_Valid_Smoke" time="1.210"/>
  <testcase classname="io.mosip.testscripts.PatchWithPathParamsAndBody" name="Partner_ActivateDeactivatePartnerApiKey_invalid_label" time="0.740"/>
  <testcase classname="io.mosip.testscripts.PatchWithPathParamsAndBody" name="Partner_UpdatePolicyStatus_status_InValid" time="0.906"/>
  <testcase classname="io.mosip.testscripts.PatchWithPathParamsAndBody" name="Partner_ActivateDeactivatePartner_activate_allValid_smoke" time="0.826"/>
  <testcase classname="io.mosip.testscripts.PatchWithPathParamsAndBody" name="Partner_UpdatePolicyStatus_Active_InValid" time="0.970"/>
  <testcase classname="io.mosip.testscripts.PatchWithPathParamsAndBody" name="Partner_UpdatePolicyStatus_Missing_status_InValid" time="0.821"/>
  <testcase classname="io.mosip.testscripts.PatchWithPathParamsAndBody" name="Partner_ActivateDeactivatePartner_invalid_partnerId" time="0.721"/>
  <testcase classname="io.mosip.testscripts.PatchWithPathParamsAndBody" name="Partner_ActivateDeactivatePartnerApiKey_invalid_policyId" time="0.711"/>
</testsuite> <!-- io.mosip.testscripts.PatchWithPathParamsAndBody -->
