<?xml version="1.0" encoding="UTF-8"?>
<!-- Generated by org.testng.reporters.JUnitReportReporter -->
<testsuite hostname="Techno-311" failures="0" tests="7" name="io.mosip.testscripts.UpdateIdentity" time="19.465" errors="0" timestamp="31 Jan 2023 07:46:23 GMT" skipped="0">
  <testcase classname="io.mosip.testscripts.UpdateIdentity" name="Auth_UpdateIdentity_DEACTIVATED_Positive_TRE_all_valid_smoke" time="2.686"/>
  <testcase classname="io.mosip.testscripts.UpdateIdentity" name="Auth_UpdateIdentity_DEACTIVATED_and_auth_smoke_Pos_all_valid_smoke" time="2.689"/>
  <testcase classname="io.mosip.testscripts.UpdateIdentity" name="Auth_UpdateIdentity_updateName_Positive_valid_smoke" time="2.897"/>
  <testcase classname="io.mosip.testscripts.UpdateIdentity" name="Auth_UpdateIdentity_updateAddress_Positive_EKYC_smoke" time="2.779"/>
  <testcase classname="io.mosip.testscripts.UpdateIdentity" name="Auth_UpdateIdentity_updateDOB_ValidParam_smoke_Pos_all_valid_smoke" time="2.756"/>
  <testcase classname="io.mosip.testscripts.UpdateIdentity" name="Auth_UpdateIdentity_ACTIVATED_Positive_TRE_all_valid_smoke" time="2.486"/>
  <testcase classname="io.mosip.testscripts.UpdateIdentity" name="Auth_UpdateIdentity_updatePhone_withValidParameters_smoke_Pos_smoke" time="3.172"/>
</testsuite> <!-- io.mosip.testscripts.UpdateIdentity -->
