<?xml version="1.0" encoding="UTF-8"?>
<!-- Generated by org.testng.reporters.JUnitReportReporter -->
<testsuite hostname="Techno-311" failures="0" tests="2" name="io.mosip.testscripts.GetWithQueryParam" time="1.463" errors="0" timestamp="14 Jul 2023 17:24:05 GMT" skipped="0">
  <testcase classname="io.mosip.testscripts.GetWithQueryParam" name="master_GetAllTxnDetailBulkUpload_Smoke" time="0.765"/>
  <testcase classname="io.mosip.testscripts.GetWithQueryParam" name="master_GetApplicationConfigs_smoke" time="0.698"/>
</testsuite> <!-- io.mosip.testscripts.GetWithQueryParam -->
