<?xml version="1.0" encoding="UTF-8"?>
<!-- Generated by org.testng.reporters.JUnitReportReporter -->
<testsuite hostname="Techno-311" failures="0" tests="44" name="io.mosip.testrig.apirig.testscripts.PatchWithPathParamsAndBody" time="20.844" errors="2" timestamp="12 Oct 2023 08:59:10 GMT" skipped="0">
  <testcase classname="io.mosip.testrig.apirig.testscripts.PatchWithPathParamsAndBody" name="IdRepository_UpdateVidStatus_withSpaceValVIDStatus_ForVidType_Temporary" time="0.326"/>
  <testcase classname="io.mosip.testrig.apirig.testscripts.PatchWithPathParamsAndBody" name="IdRepository_UpdateVidStatus_withInvalidversion_ForVidType_Temporary" time="0.406"/>
  <testcase classname="io.mosip.testrig.apirig.testscripts.PatchWithPathParamsAndBody" name="IdRepository_UpdateVidStatus_withEmptyRequestTime_ForVidType_Perpetual" time="0.331"/>
  <testcase classname="io.mosip.testrig.apirig.testscripts.PatchWithPathParamsAndBody" name="IdRepository_UpdateVidStatus_withVidStatus_REVOKE_for_USED_smokeVID_For_Vid_Type_Perpetual" time="1.129"/>
  <testcase classname="io.mosip.testrig.apirig.testscripts.PatchWithPathParamsAndBody" name="IdRepository_UpdateVidStatus_withSpaceValVIDStatus_ForVidType_Perpetual" time="0.346"/>
  <testcase classname="io.mosip.testrig.apirig.testscripts.PatchWithPathParamsAndBody" name="IdRepository_UpdateVidStatus_withSpaceValId_ForVidType_Perpetual" time="0.310"/>
  <testcase classname="io.mosip.testrig.apirig.testscripts.PatchWithPathParamsAndBody" name="IdRepository_UpdateVidStatus_withInvalidRequestTime_ForVidType_Perpetual" time="0.304"/>
  <testcase classname="io.mosip.testrig.apirig.testscripts.PatchWithPathParamsAndBody" name="IdRepository_UpdateVidStatus_withMissingVIDStatus_ForVidType_Temporary" time="0.570"/>
  <testcase classname="io.mosip.testrig.apirig.testscripts.PatchWithPathParamsAndBody" name="IdRepository_UpdateVidStatus_EXPIRE_SpaceVal_IndividualId" time="0.333"/>
  <testcase classname="io.mosip.testrig.apirig.testscripts.PatchWithPathParamsAndBody" name="IdRepository_UpdateVidStatus_Activate_withValidParameters_For_Vid_Type_Temporary" time="0.301">
    <error message="Failed at output validation" type="io.mosip.testrig.apirig.admin.fw.util.AdminTestException">
      <![CDATA[io.mosip.testrig.apirig.admin.fw.util.AdminTestException: Failed at output validation
	at io.mosip.testrig.apirig.testscripts.PatchWithPathParamsAndBody.test(PatchWithPathParamsAndBody.java:97)
	at jdk.internal.reflect.GeneratedMethodAccessor213.invoke(Unknown Source)
	at java.base/jdk.internal.reflect.DelegatingMethodAccessorImpl.invoke(DelegatingMethodAccessorImpl.java:43)
	at java.base/java.lang.reflect.Method.invoke(Method.java:566)
	at org.testng.internal.MethodInvocationHelper.invokeMethod(MethodInvocationHelper.java:108)
	at org.testng.internal.Invoker.invokeMethod(Invoker.java:661)
	at org.testng.internal.Invoker.invokeTestMethod(Invoker.java:869)
	at org.testng.internal.Invoker.invokeTestMethods(Invoker.java:1193)
	at org.testng.internal.TestMethodWorker.invokeTestMethods(TestMethodWorker.java:126)
	at org.testng.internal.TestMethodWorker.run(TestMethodWorker.java:109)
	at org.testng.TestRunner.privateRun(TestRunner.java:744)
	at org.testng.TestRunner.run(TestRunner.java:602)
	at org.testng.SuiteRunner.runTest(SuiteRunner.java:380)
	at org.testng.SuiteRunner.runSequentially(SuiteRunner.java:375)
	at org.testng.SuiteRunner.privateRun(SuiteRunner.java:340)
	at org.testng.SuiteRunner.run(SuiteRunner.java:289)
	at org.testng.SuiteRunnerWorker.runSuite(SuiteRunnerWorker.java:52)
	at org.testng.SuiteRunnerWorker.run(SuiteRunnerWorker.java:86)
	at org.testng.TestNG.runSuitesSequentially(TestNG.java:1301)
	at org.testng.TestNG.runSuitesLocally(TestNG.java:1226)
	at org.testng.TestNG.runSuites(TestNG.java:1144)
	at org.testng.TestNG.run(TestNG.java:1115)
	at io.mosip.testrig.apirig.testrunner.MosipTestRunner.startTestRunner(MosipTestRunner.java:189)
	at io.mosip.testrig.apirig.testrunner.MosipTestRunner.main(MosipTestRunner.java:134)
]]>
    </error>
  </testcase> <!-- IdRepository_UpdateVidStatus_Activate_withValidParameters_For_Vid_Type_Temporary -->
  <testcase classname="io.mosip.testrig.apirig.testscripts.PatchWithPathParamsAndBody" name="IdRepository_UpdateVidStatus_withMissingRequestTime_ForVidType_Temporary" time="0.392"/>
  <testcase classname="io.mosip.testrig.apirig.testscripts.PatchWithPathParamsAndBody" name="IdRepository_UpdateVidStatus_withInvalidVIDStatus_ForVidType_Perpetual" time="0.302"/>
  <testcase classname="io.mosip.testrig.apirig.testscripts.PatchWithPathParamsAndBody" name="IdRepository_UpdateVidStatus_withSpaceValverion_ForVidType_Temporary" time="0.313"/>
  <testcase classname="io.mosip.testrig.apirig.testscripts.PatchWithPathParamsAndBody" name="IdRepository_UpdateVidStatus_EXPIRE_Empty_IndividualId" time="0.347"/>
  <testcase classname="io.mosip.testrig.apirig.testscripts.PatchWithPathParamsAndBody" name="IdRepository_UpdateVidStatus_withVidStatus_USED_For_Vid Type_Perpetual" time="0.673"/>
  <testcase classname="io.mosip.testrig.apirig.testscripts.PatchWithPathParamsAndBody" name="IdRepository_UpdateVidStatus_withVidStatus_REVOKE_for_USED_smokeVID_For_Vid_Type_Temporary" time="0.820"/>
  <testcase classname="io.mosip.testrig.apirig.testscripts.PatchWithPathParamsAndBody" name="IdRepository_UpdateVidStatus_withMissingId_ForVidType_Perpetual" time="0.305"/>
  <testcase classname="io.mosip.testrig.apirig.testscripts.PatchWithPathParamsAndBody" name="IdRepository_UpdateVidStatus_withEmptyId_ForVidType_Perpetual" time="0.499"/>
  <testcase classname="io.mosip.testrig.apirig.testscripts.PatchWithPathParamsAndBody" name="IdRepository_UpdateVidStatus_withInvalidId_ForVidType_Temporary" time="0.374"/>
  <testcase classname="io.mosip.testrig.apirig.testscripts.PatchWithPathParamsAndBody" name="IdRepository_UpdateVidStatus_withInvalidRequestTime_ForVidType_Temporary" time="0.738"/>
  <testcase classname="io.mosip.testrig.apirig.testscripts.PatchWithPathParamsAndBody" name="IdRepository_UpdateVidStatus_withInvalidversion_ForVidType_Perpetual" time="0.355"/>
  <testcase classname="io.mosip.testrig.apirig.testscripts.PatchWithPathParamsAndBody" name="IdRepository_UpdateVidStatus_withInvalidVIDStatus_ForVidType_Temporary" time="0.326"/>
  <testcase classname="io.mosip.testrig.apirig.testscripts.PatchWithPathParamsAndBody" name="IdRepository_UpdateVidStatus_withEmptyVIDStatus_ForVidType_Perpetual" time="0.308"/>
  <testcase classname="io.mosip.testrig.apirig.testscripts.PatchWithPathParamsAndBody" name="IdRepository_UpdateVidStatus_withEmptyRequestTime_ForVidType_Temporary" time="0.400"/>
  <testcase classname="io.mosip.testrig.apirig.testscripts.PatchWithPathParamsAndBody" name="IdRepository_UpdateVidStatus_withMissingVIDStatus_ForVidType_Perpetual" time="0.353"/>
  <testcase classname="io.mosip.testrig.apirig.testscripts.PatchWithPathParamsAndBody" name="IdRepository_UpdateVidStatus_withSpaceValRequestTime_ForVidType_Perpetual" time="0.334"/>
  <testcase classname="io.mosip.testrig.apirig.testscripts.PatchWithPathParamsAndBody" name="IdRepository_UpdateVidStatus_withMissingId_ForVidType_Temporary" time="0.329"/>
  <testcase classname="io.mosip.testrig.apirig.testscripts.PatchWithPathParamsAndBody" name="IdRepository_UpdateVidStatus_EXPIRE_For_Vid_Type_Perpetual_smoke" time="0.854"/>
  <testcase classname="io.mosip.testrig.apirig.testscripts.PatchWithPathParamsAndBody" name="IdRepository_UpdateVidStatus_Deactivated_For_Vid_Type_Temporary_smoke" time="1.053"/>
  <testcase classname="io.mosip.testrig.apirig.testscripts.PatchWithPathParamsAndBody" name="IdRepository_UpdateVidStatus_withMissingverion_ForVidType_Perpetual" time="0.322"/>
  <testcase classname="io.mosip.testrig.apirig.testscripts.PatchWithPathParamsAndBody" name="IdRepository_UpdateVidStatus_withSpaceValRequestTime_ForVidType_Temporary" time="0.337"/>
  <testcase classname="io.mosip.testrig.apirig.testscripts.PatchWithPathParamsAndBody" name="IdRepository_UpdateVidStatus_EXPIRE_Invalid_IndividualId" time="0.449"/>
  <testcase classname="io.mosip.testrig.apirig.testscripts.PatchWithPathParamsAndBody" name="IdRepository_UpdateVidStatus_withInvalidId_ForVidType_Perpetual" time="0.316"/>
  <testcase classname="io.mosip.testrig.apirig.testscripts.PatchWithPathParamsAndBody" name="IdRepository_UpdateVidStatus_withFutureRequestTime_Neg" time="0.307"/>
  <testcase classname="io.mosip.testrig.apirig.testscripts.PatchWithPathParamsAndBody" name="IdRepository_UpdateVidStatus_withEmptyVIDStatus_ForVidType_Temporary" time="0.355"/>
  <testcase classname="io.mosip.testrig.apirig.testscripts.PatchWithPathParamsAndBody" name="IdRepository_UpdateVidStatus_withEmptyversion_ForVidType_Temporary" time="0.353"/>
  <testcase classname="io.mosip.testrig.apirig.testscripts.PatchWithPathParamsAndBody" name="IdRepository_UpdateVidStatus_withSpaceValId_ForVidType_Temporary" time="0.408"/>
  <testcase classname="io.mosip.testrig.apirig.testscripts.PatchWithPathParamsAndBody" name="IdRepository_UpdateVidStatus_withMissingverion_ForVidType_Temporary" time="0.633"/>
  <testcase classname="io.mosip.testrig.apirig.testscripts.PatchWithPathParamsAndBody" name="IdRepository_UpdateVidStatus_withEmptyId_ForVidType_Temporary" time="0.358"/>
  <testcase classname="io.mosip.testrig.apirig.testscripts.PatchWithPathParamsAndBody" name="IdRepository_UpdateVidStatus_Deactivated_For_Vid_Type_Perpetual_smoke" time="1.766"/>
  <testcase classname="io.mosip.testrig.apirig.testscripts.PatchWithPathParamsAndBody" name="IdRepository_UpdateVidStatus_withMissingRequestTime_ForVidType_Perpetual" time="0.316"/>
  <testcase classname="io.mosip.testrig.apirig.testscripts.PatchWithPathParamsAndBody" name="IdRepository_UpdateVidStatus_withPastRequestTime_Neg" time="0.616">
    <error message="Failed at output validation" type="io.mosip.testrig.apirig.admin.fw.util.AdminTestException">
      <![CDATA[io.mosip.testrig.apirig.admin.fw.util.AdminTestException: Failed at output validation
	at io.mosip.testrig.apirig.testscripts.PatchWithPathParamsAndBody.test(PatchWithPathParamsAndBody.java:97)
	at jdk.internal.reflect.GeneratedMethodAccessor213.invoke(Unknown Source)
	at java.base/jdk.internal.reflect.DelegatingMethodAccessorImpl.invoke(DelegatingMethodAccessorImpl.java:43)
	at java.base/java.lang.reflect.Method.invoke(Method.java:566)
	at org.testng.internal.MethodInvocationHelper.invokeMethod(MethodInvocationHelper.java:108)
	at org.testng.internal.Invoker.invokeMethod(Invoker.java:661)
	at org.testng.internal.Invoker.invokeTestMethod(Invoker.java:869)
	at org.testng.internal.Invoker.invokeTestMethods(Invoker.java:1193)
	at org.testng.internal.TestMethodWorker.invokeTestMethods(TestMethodWorker.java:126)
	at org.testng.internal.TestMethodWorker.run(TestMethodWorker.java:109)
	at org.testng.TestRunner.privateRun(TestRunner.java:744)
	at org.testng.TestRunner.run(TestRunner.java:602)
	at org.testng.SuiteRunner.runTest(SuiteRunner.java:380)
	at org.testng.SuiteRunner.runSequentially(SuiteRunner.java:375)
	at org.testng.SuiteRunner.privateRun(SuiteRunner.java:340)
	at org.testng.SuiteRunner.run(SuiteRunner.java:289)
	at org.testng.SuiteRunnerWorker.runSuite(SuiteRunnerWorker.java:52)
	at org.testng.SuiteRunnerWorker.run(SuiteRunnerWorker.java:86)
	at org.testng.TestNG.runSuitesSequentially(TestNG.java:1301)
	at org.testng.TestNG.runSuitesLocally(TestNG.java:1226)
	at org.testng.TestNG.runSuites(TestNG.java:1144)
	at org.testng.TestNG.run(TestNG.java:1115)
	at io.mosip.testrig.apirig.testrunner.MosipTestRunner.startTestRunner(MosipTestRunner.java:189)
	at io.mosip.testrig.apirig.testrunner.MosipTestRunner.main(MosipTestRunner.java:134)
]]>
    </error>
  </testcase> <!-- IdRepository_UpdateVidStatus_withPastRequestTime_Neg -->
  <testcase classname="io.mosip.testrig.apirig.testscripts.PatchWithPathParamsAndBody" name="IdRepository_UpdateVidStatus_withSpaceValverion_ForVidType_Perpetual" time="0.497"/>
  <testcase classname="io.mosip.testrig.apirig.testscripts.PatchWithPathParamsAndBody" name="IdRepository_UpdateVidStatus_withEmptyversion_ForVidType_Perpetual" time="0.380"/>
</testsuite> <!-- io.mosip.testrig.apirig.testscripts.PatchWithPathParamsAndBody -->
