<?xml version="1.0" encoding="UTF-8"?>
<!-- Generated by org.testng.reporters.JUnitReportReporter -->
<testsuite hostname="Techno-311" failures="0" tests="2" name="io.mosip.testscripts.SimplePatchForAutoGenId" time="1.618" errors="0" timestamp="14 Jul 2023 17:04:34 GMT" skipped="0">
  <testcase classname="io.mosip.testscripts.SimplePatchForAutoGenId" name="Partner_GenerateApiKeysforApprovedPolicies_AllValid_smoke_sid" time="0.898"/>
  <testcase classname="io.mosip.testscripts.SimplePatchForAutoGenId" name="Partner_GenerateApiKeysforApprovedPolicies_InValid_policy" time="0.720"/>
</testsuite> <!-- io.mosip.testscripts.SimplePatchForAutoGenId -->
