<?xml version="1.0" encoding="UTF-8"?>
<!-- Generated by org.testng.reporters.JUnitReportReporter -->
<testsuite hostname="Techno-311" failures="0" tests="15" name="io.mosip.testscripts.DeleteWithParam" time="9.508" errors="6" timestamp="14 Jul 2023 17:24:05 GMT" skipped="0">
  <testcase classname="io.mosip.testscripts.DeleteWithParam" name="MasterData_DeleteDocumentType_All_Valid_Smoke_sid" time="0.720">
    <error message="Failed at output validation" type="io.mosip.admin.fw.util.AdminTestException">
      <![CDATA[io.mosip.admin.fw.util.AdminTestException: Failed at output validation
	at io.mosip.testscripts.DeleteWithParam.test(DeleteWithParam.java:105)
	at jdk.internal.reflect.GeneratedMethodAccessor206.invoke(Unknown Source)
	at java.base/jdk.internal.reflect.DelegatingMethodAccessorImpl.invoke(DelegatingMethodAccessorImpl.java:43)
	at java.base/java.lang.reflect.Method.invoke(Method.java:566)
	at org.testng.internal.MethodInvocationHelper.invokeMethod(MethodInvocationHelper.java:108)
	at org.testng.internal.Invoker.invokeMethod(Invoker.java:661)
	at org.testng.internal.Invoker.invokeTestMethod(Invoker.java:869)
	at org.testng.internal.Invoker.invokeTestMethods(Invoker.java:1193)
	at org.testng.internal.TestMethodWorker.invokeTestMethods(TestMethodWorker.java:126)
	at org.testng.internal.TestMethodWorker.run(TestMethodWorker.java:109)
	at org.testng.TestRunner.privateRun(TestRunner.java:744)
	at org.testng.TestRunner.run(TestRunner.java:602)
	at org.testng.SuiteRunner.runTest(SuiteRunner.java:380)
	at org.testng.SuiteRunner.runSequentially(SuiteRunner.java:375)
	at org.testng.SuiteRunner.privateRun(SuiteRunner.java:340)
	at org.testng.SuiteRunner.run(SuiteRunner.java:289)
	at org.testng.SuiteRunnerWorker.runSuite(SuiteRunnerWorker.java:52)
	at org.testng.SuiteRunnerWorker.run(SuiteRunnerWorker.java:86)
	at org.testng.TestNG.runSuitesSequentially(TestNG.java:1301)
	at org.testng.TestNG.runSuitesLocally(TestNG.java:1226)
	at org.testng.TestNG.runSuites(TestNG.java:1144)
	at org.testng.TestNG.run(TestNG.java:1115)
	at io.mosip.testrunner.MosipTestRunner.startTestRunner(MosipTestRunner.java:161)
	at io.mosip.testrunner.MosipTestRunner.main(MosipTestRunner.java:103)
]]>
    </error>
  </testcase> <!-- MasterData_DeleteDocumentType_All_Valid_Smoke_sid -->
  <testcase classname="io.mosip.testscripts.DeleteWithParam" name="MasterData_DeleteMachineSpec_All_Valid_Smoke_sid" time="0.743"/>
  <testcase classname="io.mosip.testscripts.DeleteWithParam" name="MasterData_DeleteMachineSpec_Invalid_ID" time="0.766"/>
  <testcase classname="io.mosip.testscripts.DeleteWithParam" name="MasterData_DeleteDevice_All_Valid_Smoke_sid" time="0.749"/>
  <testcase classname="io.mosip.testscripts.DeleteWithParam" name="MasterData_DeleteDocumentCategory_All_Valid_Smoke_sid" time="0.704">
    <error message="Failed at output validation" type="io.mosip.admin.fw.util.AdminTestException">
      <![CDATA[io.mosip.admin.fw.util.AdminTestException: Failed at output validation
	at io.mosip.testscripts.DeleteWithParam.test(DeleteWithParam.java:105)
	at jdk.internal.reflect.GeneratedMethodAccessor206.invoke(Unknown Source)
	at java.base/jdk.internal.reflect.DelegatingMethodAccessorImpl.invoke(DelegatingMethodAccessorImpl.java:43)
	at java.base/java.lang.reflect.Method.invoke(Method.java:566)
	at org.testng.internal.MethodInvocationHelper.invokeMethod(MethodInvocationHelper.java:108)
	at org.testng.internal.Invoker.invokeMethod(Invoker.java:661)
	at org.testng.internal.Invoker.invokeTestMethod(Invoker.java:869)
	at org.testng.internal.Invoker.invokeTestMethods(Invoker.java:1193)
	at org.testng.internal.TestMethodWorker.invokeTestMethods(TestMethodWorker.java:126)
	at org.testng.internal.TestMethodWorker.run(TestMethodWorker.java:109)
	at org.testng.TestRunner.privateRun(TestRunner.java:744)
	at org.testng.TestRunner.run(TestRunner.java:602)
	at org.testng.SuiteRunner.runTest(SuiteRunner.java:380)
	at org.testng.SuiteRunner.runSequentially(SuiteRunner.java:375)
	at org.testng.SuiteRunner.privateRun(SuiteRunner.java:340)
	at org.testng.SuiteRunner.run(SuiteRunner.java:289)
	at org.testng.SuiteRunnerWorker.runSuite(SuiteRunnerWorker.java:52)
	at org.testng.SuiteRunnerWorker.run(SuiteRunnerWorker.java:86)
	at org.testng.TestNG.runSuitesSequentially(TestNG.java:1301)
	at org.testng.TestNG.runSuitesLocally(TestNG.java:1226)
	at org.testng.TestNG.runSuites(TestNG.java:1144)
	at org.testng.TestNG.run(TestNG.java:1115)
	at io.mosip.testrunner.MosipTestRunner.startTestRunner(MosipTestRunner.java:161)
	at io.mosip.testrunner.MosipTestRunner.main(MosipTestRunner.java:103)
]]>
    </error>
  </testcase> <!-- MasterData_DeleteDocumentCategory_All_Valid_Smoke_sid -->
  <testcase classname="io.mosip.testscripts.DeleteWithParam" name="MasterData_DeleteDeviceSpec_All_Valid_Smoke_sid" time="0.003">
    <error type="java.lang.NullPointerException">
      <![CDATA[java.lang.NullPointerException
]]>
    </error>
  </testcase> <!-- MasterData_DeleteDeviceSpec_All_Valid_Smoke_sid -->
  <testcase classname="io.mosip.testscripts.DeleteWithParam" name="MasterData_DeleteRegCenter_Invalid_ID" time="0.711"/>
  <testcase classname="io.mosip.testscripts.DeleteWithParam" name="MasterData_DeleteDocumentCategory_Invalid_ID" time="0.719"/>
  <testcase classname="io.mosip.testscripts.DeleteWithParam" name="Masterdata_DeleteBlockListedWords_valid_smoke" time="0.726">
    <error message="Failed at output validation" type="io.mosip.admin.fw.util.AdminTestException">
      <![CDATA[io.mosip.admin.fw.util.AdminTestException: Failed at output validation
	at io.mosip.testscripts.DeleteWithParam.test(DeleteWithParam.java:93)
	at java.base/jdk.internal.reflect.NativeMethodAccessorImpl.invoke0(Native Method)
	at java.base/jdk.internal.reflect.NativeMethodAccessorImpl.invoke(NativeMethodAccessorImpl.java:62)
	at java.base/jdk.internal.reflect.DelegatingMethodAccessorImpl.invoke(DelegatingMethodAccessorImpl.java:43)
	at java.base/java.lang.reflect.Method.invoke(Method.java:566)
	at org.testng.internal.MethodInvocationHelper.invokeMethod(MethodInvocationHelper.java:108)
	at org.testng.internal.Invoker.invokeMethod(Invoker.java:661)
	at org.testng.internal.Invoker.invokeTestMethod(Invoker.java:869)
	at org.testng.internal.Invoker.invokeTestMethods(Invoker.java:1193)
	at org.testng.internal.TestMethodWorker.invokeTestMethods(TestMethodWorker.java:126)
	at org.testng.internal.TestMethodWorker.run(TestMethodWorker.java:109)
	at org.testng.TestRunner.privateRun(TestRunner.java:744)
	at org.testng.TestRunner.run(TestRunner.java:602)
	at org.testng.SuiteRunner.runTest(SuiteRunner.java:380)
	at org.testng.SuiteRunner.runSequentially(SuiteRunner.java:375)
	at org.testng.SuiteRunner.privateRun(SuiteRunner.java:340)
	at org.testng.SuiteRunner.run(SuiteRunner.java:289)
	at org.testng.SuiteRunnerWorker.runSuite(SuiteRunnerWorker.java:52)
	at org.testng.SuiteRunnerWorker.run(SuiteRunnerWorker.java:86)
	at org.testng.TestNG.runSuitesSequentially(TestNG.java:1301)
	at org.testng.TestNG.runSuitesLocally(TestNG.java:1226)
	at org.testng.TestNG.runSuites(TestNG.java:1144)
	at org.testng.TestNG.run(TestNG.java:1115)
	at io.mosip.testrunner.MosipTestRunner.startTestRunner(MosipTestRunner.java:161)
	at io.mosip.testrunner.MosipTestRunner.main(MosipTestRunner.java:103)
]]>
    </error>
  </testcase> <!-- Masterdata_DeleteBlockListedWords_valid_smoke -->
  <testcase classname="io.mosip.testscripts.DeleteWithParam" name="MasterData_DeleteRegCenterType_All_Valid_Smoke_sid" time="0.746">
    <error message="Failed at output validation" type="io.mosip.admin.fw.util.AdminTestException">
      <![CDATA[io.mosip.admin.fw.util.AdminTestException: Failed at output validation
	at io.mosip.testscripts.DeleteWithParam.test(DeleteWithParam.java:105)
	at jdk.internal.reflect.GeneratedMethodAccessor206.invoke(Unknown Source)
	at java.base/jdk.internal.reflect.DelegatingMethodAccessorImpl.invoke(DelegatingMethodAccessorImpl.java:43)
	at java.base/java.lang.reflect.Method.invoke(Method.java:566)
	at org.testng.internal.MethodInvocationHelper.invokeMethod(MethodInvocationHelper.java:108)
	at org.testng.internal.Invoker.invokeMethod(Invoker.java:661)
	at org.testng.internal.Invoker.invokeTestMethod(Invoker.java:869)
	at org.testng.internal.Invoker.invokeTestMethods(Invoker.java:1193)
	at org.testng.internal.TestMethodWorker.invokeTestMethods(TestMethodWorker.java:126)
	at org.testng.internal.TestMethodWorker.run(TestMethodWorker.java:109)
	at org.testng.TestRunner.privateRun(TestRunner.java:744)
	at org.testng.TestRunner.run(TestRunner.java:602)
	at org.testng.SuiteRunner.runTest(SuiteRunner.java:380)
	at org.testng.SuiteRunner.runSequentially(SuiteRunner.java:375)
	at org.testng.SuiteRunner.privateRun(SuiteRunner.java:340)
	at org.testng.SuiteRunner.run(SuiteRunner.java:289)
	at org.testng.SuiteRunnerWorker.runSuite(SuiteRunnerWorker.java:52)
	at org.testng.SuiteRunnerWorker.run(SuiteRunnerWorker.java:86)
	at org.testng.TestNG.runSuitesSequentially(TestNG.java:1301)
	at org.testng.TestNG.runSuitesLocally(TestNG.java:1226)
	at org.testng.TestNG.runSuites(TestNG.java:1144)
	at org.testng.TestNG.run(TestNG.java:1115)
	at io.mosip.testrunner.MosipTestRunner.startTestRunner(MosipTestRunner.java:161)
	at io.mosip.testrunner.MosipTestRunner.main(MosipTestRunner.java:103)
]]>
    </error>
  </testcase> <!-- MasterData_DeleteRegCenterType_All_Valid_Smoke_sid -->
  <testcase classname="io.mosip.testscripts.DeleteWithParam" name="MasterData_DeleteDocumentType_Invalid_ID" time="0.692"/>
  <testcase classname="io.mosip.testscripts.DeleteWithParam" name="MasterData_DeleteRegCenterType_Invalid_CODE" time="0.719"/>
  <testcase classname="io.mosip.testscripts.DeleteWithParam" name="MasterData_DeleteMachine_Invalid_ID" time="0.729"/>
  <testcase classname="io.mosip.testscripts.DeleteWithParam" name="MasterData_DeleteMachine_All_Valid_Smoke_sid" time="0.778"/>
  <testcase classname="io.mosip.testscripts.DeleteWithParam" name="MasterData_DeleteDeviceSpec_Invalid_ID" time="0.003">
    <error type="java.lang.NullPointerException">
      <![CDATA[java.lang.NullPointerException
]]>
    </error>
  </testcase> <!-- MasterData_DeleteDeviceSpec_Invalid_ID -->
</testsuite> <!-- io.mosip.testscripts.DeleteWithParam -->
