<?xml version="1.0" encoding="UTF-8"?>
<!-- Generated by org.testng.reporters.JUnitReportReporter -->
<testsuite hostname="Techno-311" failures="0" tests="5" name="io.mosip.testrig.apirig.testscripts.SimplePostForAutoGenId" time="6.402" errors="1" timestamp="12 Jan 2024 13:39:43 GMT" skipped="0">
  <testcase classname="io.mosip.testrig.apirig.testscripts.SimplePostForAutoGenId" name="Resident_ESignet_OAuthDetailsRequest_all_Valid_Smoke_sid" time="3.773"/>
  <testcase classname="io.mosip.testrig.apirig.testscripts.SimplePostForAutoGenId" name="Resident_ESignet_AuthorizationCode_uin_All_Valid_Smoke_sid" time="0.366"/>
  <testcase classname="io.mosip.testrig.apirig.testscripts.SimplePostForAutoGenId" name="Resident_ESignet_AuthorizationCode_Vid_All_Valid_Smoke_sid" time="0.403">
    <error message="Response has errors" type="io.mosip.testrig.apirig.admin.fw.util.AdminTestException">
      <![CDATA[io.mosip.testrig.apirig.admin.fw.util.AdminTestException: Response has errors
	at io.mosip.testrig.apirig.authentication.fw.util.OutputValidationUtil.doJsonOutputValidation(OutputValidationUtil.java:504)
	at io.mosip.testrig.apirig.authentication.fw.util.OutputValidationUtil.doJsonOutputValidation(OutputValidationUtil.java:493)
	at io.mosip.testrig.apirig.authentication.fw.util.OutputValidationUtil.doJsonOutputValidation(OutputValidationUtil.java:465)
	at io.mosip.testrig.apirig.testscripts.SimplePostForAutoGenId.test(SimplePostForAutoGenId.java:176)
	at java.base/jdk.internal.reflect.NativeMethodAccessorImpl.invoke0(Native Method)
	at java.base/jdk.internal.reflect.NativeMethodAccessorImpl.invoke(NativeMethodAccessorImpl.java:62)
	at java.base/jdk.internal.reflect.DelegatingMethodAccessorImpl.invoke(DelegatingMethodAccessorImpl.java:43)
	at java.base/java.lang.reflect.Method.invoke(Method.java:566)
	at org.testng.internal.MethodInvocationHelper.invokeMethod(MethodInvocationHelper.java:108)
	at org.testng.internal.Invoker.invokeMethod(Invoker.java:661)
	at org.testng.internal.Invoker.invokeTestMethod(Invoker.java:869)
	at org.testng.internal.Invoker.invokeTestMethods(Invoker.java:1193)
	at org.testng.internal.TestMethodWorker.invokeTestMethods(TestMethodWorker.java:126)
	at org.testng.internal.TestMethodWorker.run(TestMethodWorker.java:109)
	at org.testng.TestRunner.privateRun(TestRunner.java:744)
	at org.testng.TestRunner.run(TestRunner.java:602)
	at org.testng.SuiteRunner.runTest(SuiteRunner.java:380)
	at org.testng.SuiteRunner.runSequentially(SuiteRunner.java:375)
	at org.testng.SuiteRunner.privateRun(SuiteRunner.java:340)
	at org.testng.SuiteRunner.run(SuiteRunner.java:289)
	at org.testng.SuiteRunnerWorker.runSuite(SuiteRunnerWorker.java:52)
	at org.testng.SuiteRunnerWorker.run(SuiteRunnerWorker.java:86)
	at org.testng.TestNG.runSuitesSequentially(TestNG.java:1301)
	at org.testng.TestNG.runSuitesLocally(TestNG.java:1226)
	at org.testng.TestNG.runSuites(TestNG.java:1144)
	at org.testng.TestNG.run(TestNG.java:1115)
	at io.mosip.testrig.apirig.testrunner.MosipTestRunner.startTestRunner(MosipTestRunner.java:197)
	at io.mosip.testrig.apirig.testrunner.MosipTestRunner.main(MosipTestRunner.java:140)
]]>
    </error>
  </testcase> <!-- Resident_ESignet_AuthorizationCode_Vid_All_Valid_Smoke_sid -->
  <testcase classname="io.mosip.testrig.apirig.testscripts.SimplePostForAutoGenId" name="Resident_SignJWT_all_Valid_Smoke_sid" time="0.857"/>
  <testcase classname="io.mosip.testrig.apirig.testscripts.SimplePostForAutoGenId" name="Resident_ESignet_OAuthDetailsRequest_Vid_all_Valid_Smoke_sid" time="1.003"/>
</testsuite> <!-- io.mosip.testrig.apirig.testscripts.SimplePostForAutoGenId -->
