<?xml version="1.0" encoding="UTF-8"?>
<!-- Generated by org.testng.reporters.JUnitReportReporter -->
<testsuite hostname="Techno-311" failures="0" tests="1" name="io.mosip.testrig.apirig.testscripts.SimplePatchForAutoGenId" time="4.290" errors="0" timestamp="04 Aug 2023 06:40:08 GMT" skipped="0">
  <testcase classname="io.mosip.testrig.apirig.testscripts.SimplePatchForAutoGenId" name="ESignet_GenerateApiKey_Valid_Smoke_sid" time="4.290"/>
</testsuite> <!-- io.mosip.testrig.apirig.testscripts.SimplePatchForAutoGenId -->
