<?xml version="1.0" encoding="UTF-8"?>
<!-- Generated by org.testng.reporters.JUnitReportReporter -->
<testsuite hostname="Techno-311" failures="0" tests="2" name="io.mosip.testscripts.PostWithAutogenIdWithOtpGenerateForWla" time="7.708" errors="0" timestamp="10 Apr 2023 11:46:02 GMT" skipped="0">
  <testcase classname="io.mosip.testscripts.PostWithAutogenIdWithOtpGenerateForWla" name="IDP_LinkedAuthenticationWla_uin_all_Valid_Smoke_sid" time="3.537"/>
  <testcase classname="io.mosip.testscripts.PostWithAutogenIdWithOtpGenerateForWla" name="IDP_LinkedAuthenticationWla_vid_all_Valid_Smoke_sid" time="4.171"/>
</testsuite> <!-- io.mosip.testscripts.PostWithAutogenIdWithOtpGenerateForWla -->
