<?xml version="1.0" encoding="UTF-8"?>
<!-- Generated by org.testng.reporters.JUnitReportReporter -->
<testsuite hostname="Techno-311" failures="0" tests="93" name="io.mosip.testrig.apirig.testscripts.PostWithBodyWithOtpGenerate" time="163.700" errors="0" timestamp="12 Jan 2024 10:59:13 GMT" skipped="0">
  <testcase classname="io.mosip.testrig.apirig.testscripts.PostWithBodyWithOtpGenerate" name="Mimoto_AidGetIndividualId_Getting_With_Invalid_Otp_Neg" time="1.309"/>
  <testcase classname="io.mosip.testrig.apirig.testscripts.PostWithBodyWithOtpGenerate" name="Mimoto_WalletBinding_vid_Empty_Challenge_Neg" time="1.158"/>
  <testcase classname="io.mosip.testrig.apirig.testscripts.PostWithBodyWithOtpGenerate" name="Mimoto_WalletBinding_vid_Missing_authFactorType1_Neg" time="1.316"/>
  <testcase classname="io.mosip.testrig.apirig.testscripts.PostWithBodyWithOtpGenerate" name="Mimoto_WalletBinding_uin_Missing_AuthFactorType_Neg" time="1.937"/>
  <testcase classname="io.mosip.testrig.apirig.testscripts.PostWithBodyWithOtpGenerate" name="Mimoto_AidGetIndividualId_Getting_With_Valid_Otp_All" time="3.129"/>
  <testcase classname="io.mosip.testrig.apirig.testscripts.PostWithBodyWithOtpGenerate" name="Mimoto_WalletBinding_uin_Empty_Formate_Neg" time="1.315"/>
  <testcase classname="io.mosip.testrig.apirig.testscripts.PostWithBodyWithOtpGenerate" name="Mimoto_WalletBinding_vid_FutureVal_RequestTime_Neg" time="1.501"/>
  <testcase classname="io.mosip.testrig.apirig.testscripts.PostWithBodyWithOtpGenerate" name="Mimoto_WalletBinding_vid_Null_IndividualId_Neg" time="2.090"/>
  <testcase classname="io.mosip.testrig.apirig.testscripts.PostWithBodyWithOtpGenerate" name="Mimoto_AuthLock_with_invalidVID_Valid_Otp" time="1.765"/>
  <testcase classname="io.mosip.testrig.apirig.testscripts.PostWithBodyWithOtpGenerate" name="Mimoto_WalletBinding_uin_Null_authFactorType1_Neg" time="1.557"/>
  <testcase classname="io.mosip.testrig.apirig.testscripts.PostWithBodyWithOtpGenerate" name="Mimoto_WalletBinding_uin_Null_format1_Neg" time="1.550"/>
  <testcase classname="io.mosip.testrig.apirig.testscripts.PostWithBodyWithOtpGenerate" name="Mimoto_WalletBinding_uin_SpaceVal_Formate_Neg" time="1.795"/>
  <testcase classname="io.mosip.testrig.apirig.testscripts.PostWithBodyWithOtpGenerate" name="Mimoto_WalletBinding_uin_Null_publicKey_Neg" time="1.117"/>
  <testcase classname="io.mosip.testrig.apirig.testscripts.PostWithBodyWithOtpGenerate" name="Mimoto_WalletBinding_vid_Empty_IndividualId_Neg" time="1.289"/>
  <testcase classname="io.mosip.testrig.apirig.testscripts.PostWithBodyWithOtpGenerate" name="Mimoto_WalletBinding_vid_SpaceVal_Formate_Neg" time="1.250"/>
  <testcase classname="io.mosip.testrig.apirig.testscripts.PostWithBodyWithOtpGenerate" name="Mimoto_AidGetIndividualId_Getting_With_Invalid_lenght_Of_AID_Neg" time="2.826"/>
  <testcase classname="io.mosip.testrig.apirig.testscripts.PostWithBodyWithOtpGenerate" name="Mimoto_WalletBinding_uin_Empty_AuthFactorType_Neg" time="1.993"/>
  <testcase classname="io.mosip.testrig.apirig.testscripts.PostWithBodyWithOtpGenerate" name="Mimoto_WalletBinding_vid_Invalid_Challenge_Neg" time="1.807"/>
  <testcase classname="io.mosip.testrig.apirig.testscripts.PostWithBodyWithOtpGenerate" name="Mimoto_WalletBinding_uin_SpaceVal_format1_Neg" time="1.141"/>
  <testcase classname="io.mosip.testrig.apirig.testscripts.PostWithBodyWithOtpGenerate" name="Mimoto_WalletBinding_vid_Invalid_RequestTime_Neg" time="1.062"/>
  <testcase classname="io.mosip.testrig.apirig.testscripts.PostWithBodyWithOtpGenerate" name="Mimoto_WalletBinding_vid_SpaceVal_AuthFactorType_Neg" time="1.459"/>
  <testcase classname="io.mosip.testrig.apirig.testscripts.PostWithBodyWithOtpGenerate" name="Mimoto_WalletBinding_uin_Invalid_Formate_Neg" time="1.434"/>
  <testcase classname="io.mosip.testrig.apirig.testscripts.PostWithBodyWithOtpGenerate" name="Mimoto_WalletBinding_uin_SpaceVal_Challenge_Neg" time="1.320"/>
  <testcase classname="io.mosip.testrig.apirig.testscripts.PostWithBodyWithOtpGenerate" name="Mimoto_WalletBinding_uin_Missing_format1_Neg" time="1.198"/>
  <testcase classname="io.mosip.testrig.apirig.testscripts.PostWithBodyWithOtpGenerate" name="Mimoto_WalletBinding_vid_SpaceVal_IndividualId_Neg" time="1.230"/>
  <testcase classname="io.mosip.testrig.apirig.testscripts.PostWithBodyWithOtpGenerate" name="Mimoto_WalletBinding_vid_Invalid_AuthFactorType_Neg" time="1.541"/>
  <testcase classname="io.mosip.testrig.apirig.testscripts.PostWithBodyWithOtpGenerate" name="Mimoto_WalletBinding_vid_SpaceVal_format1_Neg" time="1.798"/>
  <testcase classname="io.mosip.testrig.apirig.testscripts.PostWithBodyWithOtpGenerate" name="Mimoto_WalletBinding_uin_Empty_Challenge_Neg" time="1.289"/>
  <testcase classname="io.mosip.testrig.apirig.testscripts.PostWithBodyWithOtpGenerate" name="Mimoto_WalletBinding_uin_Invalid_format1_Neg" time="1.702"/>
  <testcase classname="io.mosip.testrig.apirig.testscripts.PostWithBodyWithOtpGenerate" name="Mimoto_WalletBinding_uin_Missing_publicKey_Neg" time="0.928"/>
  <testcase classname="io.mosip.testrig.apirig.testscripts.PostWithBodyWithOtpGenerate" name="Mimoto_WalletBinding_uin_Missing_RequestTime_Neg" time="1.164"/>
  <testcase classname="io.mosip.testrig.apirig.testscripts.PostWithBodyWithOtpGenerate" name="Mimoto_WalletBinding_vid_Invalid_format1_Neg" time="1.294"/>
  <testcase classname="io.mosip.testrig.apirig.testscripts.PostWithBodyWithOtpGenerate" name="Mimoto_WalletBinding_vid_Empty_format1_Neg" time="1.604"/>
  <testcase classname="io.mosip.testrig.apirig.testscripts.PostWithBodyWithOtpGenerate" name="Mimoto_WalletBinding_uin_Null_AuthFactorType_Neg" time="1.325"/>
  <testcase classname="io.mosip.testrig.apirig.testscripts.PostWithBodyWithOtpGenerate" name="Mimoto_WalletBinding_vid_Invalid_authFactorType1_Neg" time="1.226"/>
  <testcase classname="io.mosip.testrig.apirig.testscripts.PostWithBodyWithOtpGenerate" name="Mimoto_AuthLock_Valid_UIN_All" time="2.740"/>
  <testcase classname="io.mosip.testrig.apirig.testscripts.PostWithBodyWithOtpGenerate" name="Mimoto_WalletBinding_uin_SpaceVal_authFactorType1_Neg" time="1.563"/>
  <testcase classname="io.mosip.testrig.apirig.testscripts.PostWithBodyWithOtpGenerate" name="Mimoto_WalletBinding_vid_Missing_Challenge_Neg" time="1.326"/>
  <testcase classname="io.mosip.testrig.apirig.testscripts.PostWithBodyWithOtpGenerate" name="Mimoto_WalletBinding_uin_Null_IndividualId_Neg" time="1.240"/>
  <testcase classname="io.mosip.testrig.apirig.testscripts.PostWithBodyWithOtpGenerate" name="Mimoto_WalletBinding_uin_PastVal_RequestTime_Neg" time="1.401"/>
  <testcase classname="io.mosip.testrig.apirig.testscripts.PostWithBodyWithOtpGenerate" name="Mimoto_WalletBinding_uin_Empty_IndividualId_Neg" time="1.898"/>
  <testcase classname="io.mosip.testrig.apirig.testscripts.PostWithBodyWithOtpGenerate" name="Mimoto_WalletBinding_vid_Missing_IndividualId_Neg" time="1.737"/>
  <testcase classname="io.mosip.testrig.apirig.testscripts.PostWithBodyWithOtpGenerate" name="Mimoto_WalletBinding_vid_Invalid_Formate_Neg" time="2.113"/>
  <testcase classname="io.mosip.testrig.apirig.testscripts.PostWithBodyWithOtpGenerate" name="Mimoto_WalletBinding_uin_Null_Formate_Neg" time="1.080"/>
  <testcase classname="io.mosip.testrig.apirig.testscripts.PostWithBodyWithOtpGenerate" name="Mimoto_WalletBinding_vid_Empty_Formate_Neg" time="1.623"/>
  <testcase classname="io.mosip.testrig.apirig.testscripts.PostWithBodyWithOtpGenerate" name="Mimoto_WalletBinding_vid_PastVal_RequestTime_Neg" time="1.319"/>
  <testcase classname="io.mosip.testrig.apirig.testscripts.PostWithBodyWithOtpGenerate" name="Mimoto_AidGetIndividualId_Getting_With_Invalid_AID_Neg" time="1.432"/>
  <testcase classname="io.mosip.testrig.apirig.testscripts.PostWithBodyWithOtpGenerate" name="Mimoto_WalletBinding_uin_Missing_IndividualId_Neg" time="1.923"/>
  <testcase classname="io.mosip.testrig.apirig.testscripts.PostWithBodyWithOtpGenerate" name="Mimoto_WalletBinding_vid_Null_Challenge_Neg" time="2.288"/>
  <testcase classname="io.mosip.testrig.apirig.testscripts.PostWithBodyWithOtpGenerate" name="Mimoto_WalletBinding_vid_Null_authFactorType1_Neg" time="1.706"/>
  <testcase classname="io.mosip.testrig.apirig.testscripts.PostWithBodyWithOtpGenerate" name="Mimoto_WalletBinding_uin_Empty_format1_Neg" time="1.579"/>
  <testcase classname="io.mosip.testrig.apirig.testscripts.PostWithBodyWithOtpGenerate" name="Mimoto_WalletBinding_uin_Empty_authFactorType1_Neg" time="1.200"/>
  <testcase classname="io.mosip.testrig.apirig.testscripts.PostWithBodyWithOtpGenerate" name="Mimoto_WalletBinding_uin_Missing_Challenge_Neg" time="1.441"/>
  <testcase classname="io.mosip.testrig.apirig.testscripts.PostWithBodyWithOtpGenerate" name="Mimoto_WalletBinding_uin_Invalid_IndividualId_Neg" time="1.630"/>
  <testcase classname="io.mosip.testrig.apirig.testscripts.PostWithBodyWithOtpGenerate" name="Mimoto_WalletBinding_vid_SpaceVal_Challenge_Neg" time="1.594"/>
  <testcase classname="io.mosip.testrig.apirig.testscripts.PostWithBodyWithOtpGenerate" name="Mimoto_WalletBinding_uin_Invalid_RequestTime_Neg" time="1.354"/>
  <testcase classname="io.mosip.testrig.apirig.testscripts.PostWithBodyWithOtpGenerate" name="Mimoto_WalletBinding_uin_Invalid_Challenge_Neg" time="2.013"/>
  <testcase classname="io.mosip.testrig.apirig.testscripts.PostWithBodyWithOtpGenerate" name="Mimoto_WalletBinding_uin_SpaceVal_AuthFactorType_Neg" time="1.462"/>
  <testcase classname="io.mosip.testrig.apirig.testscripts.PostWithBodyWithOtpGenerate" name="Mimoto_WalletBinding_vid_Null_format1_Neg" time="1.626"/>
  <testcase classname="io.mosip.testrig.apirig.testscripts.PostWithBodyWithOtpGenerate" name="Mimoto_WalletBinding_vid_OTP_Valid_Smoke" time="3.516"/>
  <testcase classname="io.mosip.testrig.apirig.testscripts.PostWithBodyWithOtpGenerate" name="Mimoto_WalletBinding_vid_Empty_authFactorType1_Neg" time="1.770"/>
  <testcase classname="io.mosip.testrig.apirig.testscripts.PostWithBodyWithOtpGenerate" name="Mimoto_AuthUnLock_InValid_OTP_With_VID_All" time="6.200"/>
  <testcase classname="io.mosip.testrig.apirig.testscripts.PostWithBodyWithOtpGenerate" name="Mimoto_WalletBinding_uin_Null_Challenge_Neg" time="1.877"/>
  <testcase classname="io.mosip.testrig.apirig.testscripts.PostWithBodyWithOtpGenerate" name="Mimoto_WalletBinding_vid_Invalid_IndividualId_Neg" time="1.514"/>
  <testcase classname="io.mosip.testrig.apirig.testscripts.PostWithBodyWithOtpGenerate" name="Mimoto_AuthUnLock_With_InValid_OTP_All" time="3.610"/>
  <testcase classname="io.mosip.testrig.apirig.testscripts.PostWithBodyWithOtpGenerate" name="Mimoto_AidGetIndividualId_Getting_With_Valid_UIN_All" time="2.900"/>
  <testcase classname="io.mosip.testrig.apirig.testscripts.PostWithBodyWithOtpGenerate" name="Mimoto_AuthUnLock_Valid_UIN_All" time="3.415"/>
  <testcase classname="io.mosip.testrig.apirig.testscripts.PostWithBodyWithOtpGenerate" name="Mimoto_WalletBinding_uin_OTP_Valid_Smoke" time="2.527"/>
  <testcase classname="io.mosip.testrig.apirig.testscripts.PostWithBodyWithOtpGenerate" name="Mimoto_WalletBinding_vid_Empty_RequestTime_Neg" time="1.290"/>
  <testcase classname="io.mosip.testrig.apirig.testscripts.PostWithBodyWithOtpGenerate" name="Mimoto_WalletBinding_uin_Invalid_publicKey_Neg" time="1.025"/>
  <testcase classname="io.mosip.testrig.apirig.testscripts.PostWithBodyWithOtpGenerate" name="Mimoto_WalletBinding_uin_Invalid_AuthFactorType_Neg" time="1.840"/>
  <testcase classname="io.mosip.testrig.apirig.testscripts.PostWithBodyWithOtpGenerate" name="Mimoto_WalletBinding_vid_Missing_Formate_Neg" time="1.290"/>
  <testcase classname="io.mosip.testrig.apirig.testscripts.PostWithBodyWithOtpGenerate" name="Mimoto_WalletBinding_vid_Null_Formate_Neg" time="1.568"/>
  <testcase classname="io.mosip.testrig.apirig.testscripts.PostWithBodyWithOtpGenerate" name="Mimoto_WalletBinding_vid_Empty_AuthFactorType_Neg" time="1.382"/>
  <testcase classname="io.mosip.testrig.apirig.testscripts.PostWithBodyWithOtpGenerate" name="Mimoto_WalletBinding_vid_Missing_format1_Neg" time="1.383"/>
  <testcase classname="io.mosip.testrig.apirig.testscripts.PostWithBodyWithOtpGenerate" name="Mimoto_AuthLock_InValid_Otp_All" time="2.495"/>
  <testcase classname="io.mosip.testrig.apirig.testscripts.PostWithBodyWithOtpGenerate" name="Mimoto_AuthLock_Valid_VID_All" time="4.807"/>
  <testcase classname="io.mosip.testrig.apirig.testscripts.PostWithBodyWithOtpGenerate" name="Mimoto_WalletBinding_vid_Missing_AuthFactorType_Neg" time="1.145"/>
  <testcase classname="io.mosip.testrig.apirig.testscripts.PostWithBodyWithOtpGenerate" name="Mimoto_WalletBinding_vid_Invalid_publicKey_Neg" time="1.173"/>
  <testcase classname="io.mosip.testrig.apirig.testscripts.PostWithBodyWithOtpGenerate" name="Mimoto_AuthLock_invalidVID_Valid_Otp" time="1.838"/>
  <testcase classname="io.mosip.testrig.apirig.testscripts.PostWithBodyWithOtpGenerate" name="Mimoto_WalletBinding_uin_Invalid_authFactorType1_Neg" time="1.312"/>
  <testcase classname="io.mosip.testrig.apirig.testscripts.PostWithBodyWithOtpGenerate" name="Mimoto_WalletBinding_vid_Missing_RequestTime_Neg" time="1.699"/>
  <testcase classname="io.mosip.testrig.apirig.testscripts.PostWithBodyWithOtpGenerate" name="Mimoto_WalletBinding_uin_Missing_Formate_Neg" time="1.298"/>
  <testcase classname="io.mosip.testrig.apirig.testscripts.PostWithBodyWithOtpGenerate" name="Mimoto_WalletBinding_vid_Null_publicKey_Neg" time="1.182"/>
  <testcase classname="io.mosip.testrig.apirig.testscripts.PostWithBodyWithOtpGenerate" name="Mimoto_WalletBinding_vid_Missing_publicKey_Neg" time="1.063"/>
  <testcase classname="io.mosip.testrig.apirig.testscripts.PostWithBodyWithOtpGenerate" name="Mimoto_WalletBinding_vid_SpaceVal_authFactorType1_Neg" time="1.278"/>
  <testcase classname="io.mosip.testrig.apirig.testscripts.PostWithBodyWithOtpGenerate" name="Mimoto_AuthUnLock_Valid_UIN_With_VID_All" time="5.139"/>
  <testcase classname="io.mosip.testrig.apirig.testscripts.PostWithBodyWithOtpGenerate" name="Mimoto_WalletBinding_uin_FutureVal_RequestTime_Neg" time="1.243"/>
  <testcase classname="io.mosip.testrig.apirig.testscripts.PostWithBodyWithOtpGenerate" name="Mimoto_WalletBinding_uin_Empty_RequestTime_Neg" time="1.723"/>
  <testcase classname="io.mosip.testrig.apirig.testscripts.PostWithBodyWithOtpGenerate" name="Mimoto_AuthLock_with_invalidUIN_Valid_Otp_sid" time="1.445"/>
  <testcase classname="io.mosip.testrig.apirig.testscripts.PostWithBodyWithOtpGenerate" name="Mimoto_WalletBinding_uin_SpaceVal_IndividualId_Neg" time="2.138"/>
  <testcase classname="io.mosip.testrig.apirig.testscripts.PostWithBodyWithOtpGenerate" name="Mimoto_WalletBinding_uin_Missing_authFactorType1_Neg" time="1.103"/>
  <testcase classname="io.mosip.testrig.apirig.testscripts.PostWithBodyWithOtpGenerate" name="Mimoto_WalletBinding_vid_Null_AuthFactorType_Neg" time="1.805"/>
</testsuite> <!-- io.mosip.testrig.apirig.testscripts.PostWithBodyWithOtpGenerate -->
