<?xml version="1.0" encoding="UTF-8"?>
<!-- Generated by org.testng.reporters.JUnitReportReporter -->
<testsuite hostname="Techno-311" failures="0" tests="37" name="io.mosip.testscripts.PutWithPathParamsAndBody" time="34.388" errors="1" timestamp="14 Jul 2023 17:04:34 GMT" skipped="0">
  <testcase classname="io.mosip.testscripts.PutWithPathParamsAndBody" name="Partner_UpdatePolicy_Missing_InputParameter_desc" time="0.735"/>
  <testcase classname="io.mosip.testscripts.PutWithPathParamsAndBody" name="Partner_ApproveRejectPartnerAPIKeyReq_Missing_InputParameter_status" time="0.828"/>
  <testcase classname="io.mosip.testscripts.PutWithPathParamsAndBody" name="Partner_UpdateSecureBiometricInterface_Missing_InputParameter_Id" time="0.666"/>
  <testcase classname="io.mosip.testscripts.PutWithPathParamsAndBody" name="Partner_UpdatePolicyGroupForPartner_AllValid_smoke" time="0.743"/>
  <testcase classname="io.mosip.testscripts.PutWithPathParamsAndBody" name="Partner_UpdatePolicyGroupForPartner_InValid_ApprovedPartner" time="0.770"/>
  <testcase classname="io.mosip.testscripts.PutWithPathParamsAndBody" name="Partner_ApproveRejectPartnerAPIKeyReq_All_Valid_Smoke" time="1.060"/>
  <testcase classname="io.mosip.testscripts.PutWithPathParamsAndBody" name="Partner_ApproveRejectPartnerAPIKeyReq_Missing_InputParameter_status" time="0.747"/>
  <testcase classname="io.mosip.testscripts.PutWithPathParamsAndBody" name="Partner_UpdatePolicyGroupForPartner_InValid_partnerId" time="0.771"/>
  <testcase classname="io.mosip.testscripts.PutWithPathParamsAndBody" name="Partner_UpdatePolicyAgainstApiKey_invalid_apiKey" time="0.749"/>
  <testcase classname="io.mosip.testscripts.PutWithPathParamsAndBody" name="Partner_UpdatePrintPartner_AllValid_smoke" time="0.752">
    <error message="Failed at output validation" type="io.mosip.admin.fw.util.AdminTestException">
      <![CDATA[io.mosip.admin.fw.util.AdminTestException: Failed at output validation
	at io.mosip.testscripts.PutWithPathParamsAndBody.test(PutWithPathParamsAndBody.java:118)
	at java.base/jdk.internal.reflect.NativeMethodAccessorImpl.invoke0(Native Method)
	at java.base/jdk.internal.reflect.NativeMethodAccessorImpl.invoke(NativeMethodAccessorImpl.java:62)
	at java.base/jdk.internal.reflect.DelegatingMethodAccessorImpl.invoke(DelegatingMethodAccessorImpl.java:43)
	at java.base/java.lang.reflect.Method.invoke(Method.java:566)
	at org.testng.internal.MethodInvocationHelper.invokeMethod(MethodInvocationHelper.java:108)
	at org.testng.internal.Invoker.invokeMethod(Invoker.java:661)
	at org.testng.internal.Invoker.invokeTestMethod(Invoker.java:869)
	at org.testng.internal.Invoker.invokeTestMethods(Invoker.java:1193)
	at org.testng.internal.TestMethodWorker.invokeTestMethods(TestMethodWorker.java:126)
	at org.testng.internal.TestMethodWorker.run(TestMethodWorker.java:109)
	at org.testng.TestRunner.privateRun(TestRunner.java:744)
	at org.testng.TestRunner.run(TestRunner.java:602)
	at org.testng.SuiteRunner.runTest(SuiteRunner.java:380)
	at org.testng.SuiteRunner.runSequentially(SuiteRunner.java:375)
	at org.testng.SuiteRunner.privateRun(SuiteRunner.java:340)
	at org.testng.SuiteRunner.run(SuiteRunner.java:289)
	at org.testng.SuiteRunnerWorker.runSuite(SuiteRunnerWorker.java:52)
	at org.testng.SuiteRunnerWorker.run(SuiteRunnerWorker.java:86)
	at org.testng.TestNG.runSuitesSequentially(TestNG.java:1301)
	at org.testng.TestNG.runSuitesLocally(TestNG.java:1226)
	at org.testng.TestNG.runSuites(TestNG.java:1144)
	at org.testng.TestNG.run(TestNG.java:1115)
	at io.mosip.testrunner.MosipTestRunner.startTestRunner(MosipTestRunner.java:161)
	at io.mosip.testrunner.MosipTestRunner.main(MosipTestRunner.java:114)
]]>
    </error>
  </testcase> <!-- Partner_UpdatePrintPartner_AllValid_smoke -->
  <testcase classname="io.mosip.testscripts.PutWithPathParamsAndBody" name="Partner_UpdatePolicyAgainstApiKey_allValid_smoke" time="1.073"/>
  <testcase classname="io.mosip.testscripts.PutWithPathParamsAndBody" name="Partner_ApproveRejectPartnerAPIKeyReq_All_Valid_Smoke" time="0.922"/>
  <testcase classname="io.mosip.testscripts.PutWithPathParamsAndBody" name="Partner_UpdatePolicyGroup_activate_All_Valid_Smoke" time="1.162"/>
  <testcase classname="io.mosip.testscripts.PutWithPathParamsAndBody" name="Partner_UpdatePolicyGroup_Missing_InputParameter_name" time="0.888"/>
  <testcase classname="io.mosip.testscripts.PutWithPathParamsAndBody" name="Partner_UpdatePolicyGroup_Missing_InputParameter_desc" time="0.806"/>
  <testcase classname="io.mosip.testscripts.PutWithPathParamsAndBody" name="Partner_UpdatePolicy_All_Valid_Smoke_sid" time="2.144"/>
  <testcase classname="io.mosip.testscripts.PutWithPathParamsAndBody" name="Partner_UpdatePolicy_Missing_InputParameter_authTokenType" time="1.943"/>
  <testcase classname="io.mosip.testscripts.PutWithPathParamsAndBody" name="Partner_UpdatePolicyGroupForPartner_InValid_PolicyGroup" time="0.784"/>
  <testcase classname="io.mosip.testscripts.PutWithPathParamsAndBody" name="Partner_UpdatePolicyGroup_All_Valid_Smoke" time="1.077"/>
  <testcase classname="io.mosip.testscripts.PutWithPathParamsAndBody" name="Partner_UpdatePolicy_Invalid_PolicyID" time="0.988"/>
  <testcase classname="io.mosip.testscripts.PutWithPathParamsAndBody" name="Partner_UpdatePolicy_Missing_InputParameter_name" time="0.760"/>
  <testcase classname="io.mosip.testscripts.PutWithPathParamsAndBody" name="Partner_UpdatePolicy_Invalid_PolicygroupName" time="0.921"/>
  <testcase classname="io.mosip.testscripts.PutWithPathParamsAndBody" name="Partner_ApproveRejectPartnerAPIKeyReq_All_Valid_Smoke" time="0.714"/>
  <testcase classname="io.mosip.testscripts.PutWithPathParamsAndBody" name="Partner_UpdatePolicyGroup_deactivate_All_Valid_Smoke" time="1.122"/>
  <testcase classname="io.mosip.testscripts.PutWithPathParamsAndBody" name="Partner_UpdatePolicyGroup_Missing_InputParameter_isActive" time="1.105"/>
  <testcase classname="io.mosip.testscripts.PutWithPathParamsAndBody" name="Partner_UpdatePolicy_Invalid_InputParameter_policyID" time="1.068"/>
  <testcase classname="io.mosip.testscripts.PutWithPathParamsAndBody" name="Partner_UpdatePolicyAgainstApiKey_invalid_OldPolicyId" time="0.718"/>
  <testcase classname="io.mosip.testscripts.PutWithPathParamsAndBody" name="Partner_UpdateSecureBiometricInterface_AfterReject_All_Valid_Smoke" time="0.730"/>
  <testcase classname="io.mosip.testscripts.PutWithPathParamsAndBody" name="Partner_ApproveRejectPartnerAPIKeyReq_Missing_InputParameter_status" time="0.848"/>
  <testcase classname="io.mosip.testscripts.PutWithPathParamsAndBody" name="Partner_UpdatePolicyAgainstApiKey_invalid_newPolicyId" time="0.718"/>
  <testcase classname="io.mosip.testscripts.PutWithPathParamsAndBody" name="Partner_UpdatePolicy_Missing_InputParameter_policyGroupName" time="0.799"/>
  <testcase classname="io.mosip.testscripts.PutWithPathParamsAndBody" name="Partner_UpdateSecureBiometricInterface_All_Valid_Smoke" time="0.750"/>
  <testcase classname="io.mosip.testscripts.PutWithPathParamsAndBody" name="Partner_ApproveRejectPartnerAPIKeyReq_All_Valid_Smoke" time="0.830"/>
  <testcase classname="io.mosip.testscripts.PutWithPathParamsAndBody" name="Partner_UpdatePolicyGroup_Invalid_InputParameter_policyGroupId" time="1.022"/>
  <testcase classname="io.mosip.testscripts.PutWithPathParamsAndBody" name="Partner_ApproveRejectPartnerAPIKeyReq_All_Valid_Smoke" time="0.818"/>
  <testcase classname="io.mosip.testscripts.PutWithPathParamsAndBody" name="Partner_ApproveRejectPartnerAPIKeyReq_Missing_InputParameter_status" time="0.733"/>
  <testcase classname="io.mosip.testscripts.PutWithPathParamsAndBody" name="Partner_UpdatePolicyAgainstApiKey_invalid_partnerId" time="1.124"/>
</testsuite> <!-- io.mosip.testscripts.PutWithPathParamsAndBody -->
