<?xml version="1.0" encoding="UTF-8"?>
<!-- Generated by org.testng.reporters.JUnitReportReporter -->
<testsuite hostname="Techno-311" failures="0" tests="1" name="io.mosip.testrig.apirig.testscripts.OtpAuthNew" time="0.003" errors="0" timestamp="17 Nov 2023 04:34:38 GMT" skipped="1">
  <testcase classname="io.mosip.testrig.apirig.testscripts.OtpAuthNew" name="auth_OTP_Auth_With_Valid_UIN_Smoke_Pos" time="0.003">
    <skipped/>
  </testcase> <!-- auth_OTP_Auth_With_Valid_UIN_Smoke_Pos -->
</testsuite> <!-- io.mosip.testrig.apirig.testscripts.OtpAuthNew -->
