<?xml version="1.0" encoding="UTF-8"?>
<!-- Generated by org.testng.reporters.JUnitReportReporter -->
<testsuite hostname="Techno-311" failures="0" tests="4" name="io.mosip.testscripts.PutWithPathParam" time="3.018" errors="0" timestamp="14 Jul 2023 17:24:05 GMT" skipped="0">
  <testcase classname="io.mosip.testscripts.PutWithPathParam" name="MasterData_DecommisionDevice_All_Valid_Smoke_sid" time="0.744"/>
  <testcase classname="io.mosip.testscripts.PutWithPathParam" name="MasterData_DecommissionRegCenter_All_Valid_Smoke_sid" time="0.733"/>
  <testcase classname="io.mosip.testscripts.PutWithPathParam" name="MasterData_DecommisionDevice_Invalid_ID" time="0.759"/>
  <testcase classname="io.mosip.testscripts.PutWithPathParam" name="MasterData_DecommisionMachine_Invalid_ID" time="0.782"/>
</testsuite> <!-- io.mosip.testscripts.PutWithPathParam -->
