<?xml version="1.0" encoding="UTF-8"?>
<!-- Generated by org.testng.reporters.JUnitReportReporter -->
<testsuite hostname="Techno-311" failures="0" tests="2" name="io.mosip.testrig.apirig.testscripts.SimplePostForAutoGenIdForUrlEncoded" time="1.974" errors="0" timestamp="12 Jan 2024 13:39:43 GMT" skipped="1">
  <testcase classname="io.mosip.testrig.apirig.testscripts.SimplePostForAutoGenIdForUrlEncoded" name="Resident_ESignet_GenerateToken_UIN_Cookie_Valid_Smoke_sid" time="1.951"/>
  <testcase classname="io.mosip.testrig.apirig.testscripts.SimplePostForAutoGenIdForUrlEncoded" name="Resident_ESignet_GenerateToken_Vid_Cookie_Valid_Smoke_sid" time="0.023">
    <skipped/>
  </testcase> <!-- Resident_ESignet_GenerateToken_Vid_Cookie_Valid_Smoke_sid -->
</testsuite> <!-- io.mosip.testrig.apirig.testscripts.SimplePostForAutoGenIdForUrlEncoded -->
