<?xml version="1.0" encoding="UTF-8"?>
<!-- Generated by org.testng.reporters.JUnitReportReporter -->
<testsuite hostname="Techno-311" failures="0" tests="12" name="io.mosip.testscripts.PostWithOnlyPathParam" time="13.071" errors="0" timestamp="14 Jul 2023 17:04:34 GMT" skipped="0">
  <testcase classname="io.mosip.testscripts.PostWithOnlyPathParam" name="Partner_PublishDataSharePolicy_InValid_AlreadyPublished" time="1.067"/>
  <testcase classname="io.mosip.testscripts.PostWithOnlyPathParam" name="Partner_MapPartnerAndPolicytoCredentialType_InValid_policyId" time="0.902"/>
  <testcase classname="io.mosip.testscripts.PostWithOnlyPathParam" name="Partner_MapPartnerAndPolicytoCredentialType_InValid_partnerId" time="0.748"/>
  <testcase classname="io.mosip.testscripts.PostWithOnlyPathParam" name="Partner_PublishPolicy_InValid_AlreadyPublished" time="1.112"/>
  <testcase classname="io.mosip.testscripts.PostWithOnlyPathParam" name="Partner_PublishPolicy_InValid_policyId" time="1.023"/>
  <testcase classname="io.mosip.testscripts.PostWithOnlyPathParam" name="Partner_PublishDataSharePolicy_InValid_policygroupId" time="1.175"/>
  <testcase classname="io.mosip.testscripts.PostWithOnlyPathParam" name="Partner_MapPartnerAndPolicytoCredentialType_AllValid_smoke" time="0.762"/>
  <testcase classname="io.mosip.testscripts.PostWithOnlyPathParam" name="Partner_PublishDataSharePolicy_All_Valid_Smoke" time="1.803"/>
  <testcase classname="io.mosip.testscripts.PostWithOnlyPathParam" name="Partner_PublishDataSharePolicy_InValid_policyId" time="1.331"/>
  <testcase classname="io.mosip.testscripts.PostWithOnlyPathParam" name="Partner_MapPartnerAndPolicytoCredentialType_InValid_credentialType" time="0.819"/>
  <testcase classname="io.mosip.testscripts.PostWithOnlyPathParam" name="Partner_PublishPolicy_All_Valid_Smoke" time="1.102"/>
  <testcase classname="io.mosip.testscripts.PostWithOnlyPathParam" name="Partner_PublishPolicy_InValid_policygroupId" time="1.227"/>
</testsuite> <!-- io.mosip.testscripts.PostWithOnlyPathParam -->
