<?xml version="1.0" encoding="UTF-8"?>
<!-- Generated by org.testng.reporters.JUnitReportReporter -->
<testsuite hostname="Techno-311" failures="3" tests="18" name="io.mosip.testrig.apirig.testscripts.UpdateIdentity" time="49.879" errors="0" timestamp="12 Oct 2023 08:59:10 GMT" skipped="0">
  <testcase classname="io.mosip.testrig.apirig.testscripts.UpdateIdentity" name="IdRepository_UpdateIdentity_with_SpaceVal_requestTime" time="2.597"/>
  <testcase classname="io.mosip.testrig.apirig.testscripts.UpdateIdentity" name="IdRepository_UpdateIdentity_with_Past_requestTime" time="2.501">
    <failure message="expected [true] but found [false]" type="java.lang.AssertionError">
      <![CDATA[java.lang.AssertionError: expected [true] but found [false]
	at org.testng.Assert.fail(Assert.java:93)
	at org.testng.Assert.failNotEquals(Assert.java:512)
	at org.testng.Assert.assertEqualsImpl(Assert.java:134)
	at org.testng.Assert.assertEquals(Assert.java:115)
	at org.testng.Assert.assertEquals(Assert.java:304)
	at org.testng.Assert.assertEquals(Assert.java:314)
	at io.mosip.testrig.apirig.testscripts.UpdateIdentity.updateIdentity(UpdateIdentity.java:171)
	at io.mosip.testrig.apirig.testscripts.UpdateIdentity.test(UpdateIdentity.java:94)
	at java.base/jdk.internal.reflect.NativeMethodAccessorImpl.invoke0(Native Method)
	at java.base/jdk.internal.reflect.NativeMethodAccessorImpl.invoke(NativeMethodAccessorImpl.java:62)
	at java.base/jdk.internal.reflect.DelegatingMethodAccessorImpl.invoke(DelegatingMethodAccessorImpl.java:43)
	at java.base/java.lang.reflect.Method.invoke(Method.java:566)
	at org.testng.internal.MethodInvocationHelper.invokeMethod(MethodInvocationHelper.java:108)
	at org.testng.internal.Invoker.invokeMethod(Invoker.java:661)
	at org.testng.internal.Invoker.invokeTestMethod(Invoker.java:869)
	at org.testng.internal.Invoker.invokeTestMethods(Invoker.java:1193)
	at org.testng.internal.TestMethodWorker.invokeTestMethods(TestMethodWorker.java:126)
	at org.testng.internal.TestMethodWorker.run(TestMethodWorker.java:109)
	at org.testng.TestRunner.privateRun(TestRunner.java:744)
	at org.testng.TestRunner.run(TestRunner.java:602)
	at org.testng.SuiteRunner.runTest(SuiteRunner.java:380)
	at org.testng.SuiteRunner.runSequentially(SuiteRunner.java:375)
	at org.testng.SuiteRunner.privateRun(SuiteRunner.java:340)
	at org.testng.SuiteRunner.run(SuiteRunner.java:289)
	at org.testng.SuiteRunnerWorker.runSuite(SuiteRunnerWorker.java:52)
	at org.testng.SuiteRunnerWorker.run(SuiteRunnerWorker.java:86)
	at org.testng.TestNG.runSuitesSequentially(TestNG.java:1301)
	at org.testng.TestNG.runSuitesLocally(TestNG.java:1226)
	at org.testng.TestNG.runSuites(TestNG.java:1144)
	at org.testng.TestNG.run(TestNG.java:1115)
	at io.mosip.testrig.apirig.testrunner.MosipTestRunner.startTestRunner(MosipTestRunner.java:189)
	at io.mosip.testrig.apirig.testrunner.MosipTestRunner.main(MosipTestRunner.java:134)
]]>
    </failure>
  </testcase> <!-- IdRepository_UpdateIdentity_with_Past_requestTime -->
  <testcase classname="io.mosip.testrig.apirig.testscripts.UpdateIdentity" name="IdRepository_UpdateIdentity_with_Empty_version" time="2.406"/>
  <testcase classname="io.mosip.testrig.apirig.testscripts.UpdateIdentity" name="IdRepository_UpdateIdentity_with_Invalid_version" time="2.158"/>
  <testcase classname="io.mosip.testrig.apirig.testscripts.UpdateIdentity" name="IdRepository_UpdateIdentity_DEACTIVATED_Full_all_valid_smoke" time="3.144"/>
  <testcase classname="io.mosip.testrig.apirig.testscripts.UpdateIdentity" name="IdRepository_UpdateIdentity_with_Invalid_requestTime" time="2.582"/>
  <testcase classname="io.mosip.testrig.apirig.testscripts.UpdateIdentity" name="IdRepository_UpdateIdentity_with_invalid_dob" time="2.609"/>
  <testcase classname="io.mosip.testrig.apirig.testscripts.UpdateIdentity" name="IdRepository_UpdateIdentity_ACTIVATED_all_valid_smoke" time="3.212"/>
  <testcase classname="io.mosip.testrig.apirig.testscripts.UpdateIdentity" name="IdRepository_UpdateIdentity_with_Missing_requestTime" time="2.640"/>
  <testcase classname="io.mosip.testrig.apirig.testscripts.UpdateIdentity" name="IdRepository_UpdateIdentity_with_invalid_email" time="2.907"/>
  <testcase classname="io.mosip.testrig.apirig.testscripts.UpdateIdentity" name="IdRepository_UpdateIdentity_DEACTIVATED_all_valid_smoke" time="3.625"/>
  <testcase classname="io.mosip.testrig.apirig.testscripts.UpdateIdentity" name="IdRepository_UpdateIdentity_with_Missing_registrationId" time="3.106"/>
  <testcase classname="io.mosip.testrig.apirig.testscripts.UpdateIdentity" name="IdRepository_UpdateIdentity_with_Space_version" time="2.480"/>
  <testcase classname="io.mosip.testrig.apirig.testscripts.UpdateIdentity" name="IdRepository_UpdateIdentity_with_Future_requestTime" time="2.328"/>
  <testcase classname="io.mosip.testrig.apirig.testscripts.UpdateIdentity" name="IdRepository_UpdateIdentity_with_Missing_version" time="2.589"/>
  <testcase classname="io.mosip.testrig.apirig.testscripts.UpdateIdentity" name="IdRepository_UpdateIdentity_with_invalid_phonenumber" time="2.831">
    <failure message="expected [true] but found [false]" type="java.lang.AssertionError">
      <![CDATA[java.lang.AssertionError: expected [true] but found [false]
	at org.testng.Assert.fail(Assert.java:93)
	at org.testng.Assert.failNotEquals(Assert.java:512)
	at org.testng.Assert.assertEqualsImpl(Assert.java:134)
	at org.testng.Assert.assertEquals(Assert.java:115)
	at org.testng.Assert.assertEquals(Assert.java:304)
	at org.testng.Assert.assertEquals(Assert.java:314)
	at io.mosip.testrig.apirig.testscripts.UpdateIdentity.updateIdentity(UpdateIdentity.java:171)
	at io.mosip.testrig.apirig.testscripts.UpdateIdentity.test(UpdateIdentity.java:94)
	at java.base/jdk.internal.reflect.NativeMethodAccessorImpl.invoke0(Native Method)
	at java.base/jdk.internal.reflect.NativeMethodAccessorImpl.invoke(NativeMethodAccessorImpl.java:62)
	at java.base/jdk.internal.reflect.DelegatingMethodAccessorImpl.invoke(DelegatingMethodAccessorImpl.java:43)
	at java.base/java.lang.reflect.Method.invoke(Method.java:566)
	at org.testng.internal.MethodInvocationHelper.invokeMethod(MethodInvocationHelper.java:108)
	at org.testng.internal.Invoker.invokeMethod(Invoker.java:661)
	at org.testng.internal.Invoker.invokeTestMethod(Invoker.java:869)
	at org.testng.internal.Invoker.invokeTestMethods(Invoker.java:1193)
	at org.testng.internal.TestMethodWorker.invokeTestMethods(TestMethodWorker.java:126)
	at org.testng.internal.TestMethodWorker.run(TestMethodWorker.java:109)
	at org.testng.TestRunner.privateRun(TestRunner.java:744)
	at org.testng.TestRunner.run(TestRunner.java:602)
	at org.testng.SuiteRunner.runTest(SuiteRunner.java:380)
	at org.testng.SuiteRunner.runSequentially(SuiteRunner.java:375)
	at org.testng.SuiteRunner.privateRun(SuiteRunner.java:340)
	at org.testng.SuiteRunner.run(SuiteRunner.java:289)
	at org.testng.SuiteRunnerWorker.runSuite(SuiteRunnerWorker.java:52)
	at org.testng.SuiteRunnerWorker.run(SuiteRunnerWorker.java:86)
	at org.testng.TestNG.runSuitesSequentially(TestNG.java:1301)
	at org.testng.TestNG.runSuitesLocally(TestNG.java:1226)
	at org.testng.TestNG.runSuites(TestNG.java:1144)
	at org.testng.TestNG.run(TestNG.java:1115)
	at io.mosip.testrig.apirig.testrunner.MosipTestRunner.startTestRunner(MosipTestRunner.java:189)
	at io.mosip.testrig.apirig.testrunner.MosipTestRunner.main(MosipTestRunner.java:134)
]]>
    </failure>
  </testcase> <!-- IdRepository_UpdateIdentity_with_invalid_phonenumber -->
  <testcase classname="io.mosip.testrig.apirig.testscripts.UpdateIdentity" name="IdRepository_UpdateIdentity_with_Empty_requestTime" time="2.382"/>
  <testcase classname="io.mosip.testrig.apirig.testscripts.UpdateIdentity" name="IdRepository_UpdateIdentity_with_Invalid_registrationId" time="3.782">
    <failure message="expected [true] but found [false]" type="java.lang.AssertionError">
      <![CDATA[java.lang.AssertionError: expected [true] but found [false]
	at org.testng.Assert.fail(Assert.java:93)
	at org.testng.Assert.failNotEquals(Assert.java:512)
	at org.testng.Assert.assertEqualsImpl(Assert.java:134)
	at org.testng.Assert.assertEquals(Assert.java:115)
	at org.testng.Assert.assertEquals(Assert.java:304)
	at org.testng.Assert.assertEquals(Assert.java:314)
	at io.mosip.testrig.apirig.testscripts.UpdateIdentity.updateIdentity(UpdateIdentity.java:171)
	at io.mosip.testrig.apirig.testscripts.UpdateIdentity.test(UpdateIdentity.java:94)
	at java.base/jdk.internal.reflect.NativeMethodAccessorImpl.invoke0(Native Method)
	at java.base/jdk.internal.reflect.NativeMethodAccessorImpl.invoke(NativeMethodAccessorImpl.java:62)
	at java.base/jdk.internal.reflect.DelegatingMethodAccessorImpl.invoke(DelegatingMethodAccessorImpl.java:43)
	at java.base/java.lang.reflect.Method.invoke(Method.java:566)
	at org.testng.internal.MethodInvocationHelper.invokeMethod(MethodInvocationHelper.java:108)
	at org.testng.internal.Invoker.invokeMethod(Invoker.java:661)
	at org.testng.internal.Invoker.invokeTestMethod(Invoker.java:869)
	at org.testng.internal.Invoker.invokeTestMethods(Invoker.java:1193)
	at org.testng.internal.TestMethodWorker.invokeTestMethods(TestMethodWorker.java:126)
	at org.testng.internal.TestMethodWorker.run(TestMethodWorker.java:109)
	at org.testng.TestRunner.privateRun(TestRunner.java:744)
	at org.testng.TestRunner.run(TestRunner.java:602)
	at org.testng.SuiteRunner.runTest(SuiteRunner.java:380)
	at org.testng.SuiteRunner.runSequentially(SuiteRunner.java:375)
	at org.testng.SuiteRunner.privateRun(SuiteRunner.java:340)
	at org.testng.SuiteRunner.run(SuiteRunner.java:289)
	at org.testng.SuiteRunnerWorker.runSuite(SuiteRunnerWorker.java:52)
	at org.testng.SuiteRunnerWorker.run(SuiteRunnerWorker.java:86)
	at org.testng.TestNG.runSuitesSequentially(TestNG.java:1301)
	at org.testng.TestNG.runSuitesLocally(TestNG.java:1226)
	at org.testng.TestNG.runSuites(TestNG.java:1144)
	at org.testng.TestNG.run(TestNG.java:1115)
	at io.mosip.testrig.apirig.testrunner.MosipTestRunner.startTestRunner(MosipTestRunner.java:189)
	at io.mosip.testrig.apirig.testrunner.MosipTestRunner.main(MosipTestRunner.java:134)
]]>
    </failure>
  </testcase> <!-- IdRepository_UpdateIdentity_with_Invalid_registrationId -->
</testsuite> <!-- io.mosip.testrig.apirig.testscripts.UpdateIdentity -->
