<?xml version="1.0" encoding="UTF-8"?>
<!-- Generated by org.testng.reporters.JUnitReportReporter -->
<testsuite hostname="Techno-311" failures="0" tests="2" name="io.mosip.testrig.apirig.testscripts.PostWithAutogenIdWithOtpGenerate" time="47.333" errors="0" timestamp="12 Jan 2024 13:39:43 GMT" skipped="1">
  <testcase classname="io.mosip.testrig.apirig.testscripts.PostWithAutogenIdWithOtpGenerate" name="Resident_ESignet_AuthenticateUserIDP_vid_Otp_Valid_Smoke" time="0.024">
    <skipped/>
  </testcase> <!-- Resident_ESignet_AuthenticateUserIDP_vid_Otp_Valid_Smoke -->
  <testcase classname="io.mosip.testrig.apirig.testscripts.PostWithAutogenIdWithOtpGenerate" name="Resident_ESignet_AuthenticateUserIDP_uin_Otp_Valid_Smoke" time="47.309"/>
</testsuite> <!-- io.mosip.testrig.apirig.testscripts.PostWithAutogenIdWithOtpGenerate -->
