<?xml version="1.0" encoding="UTF-8"?>
<!-- Generated by org.testng.reporters.JUnitReportReporter -->
<testsuite hostname="Techno-311" failures="0" tests="1" name="io.mosip.testrig.apirig.testscripts.MultiFactorAuthNew" time="1.790" errors="0" timestamp="17 Nov 2023 04:34:38 GMT" skipped="1">
  <testcase classname="io.mosip.testrig.apirig.testscripts.MultiFactorAuthNew" name="auth_MultiFactorAuth_Biometric_remove_OTP_allowed_authtype" time="1.790">
    <skipped/>
  </testcase> <!-- auth_MultiFactorAuth_Biometric_remove_OTP_allowed_authtype -->
</testsuite> <!-- io.mosip.testrig.apirig.testscripts.MultiFactorAuthNew -->
