<?xml version="1.0" encoding="UTF-8"?>
<!-- Generated by org.testng.reporters.JUnitReportReporter -->
<testsuite hostname="Techno-311" failures="0" tests="43" name="io.mosip.testrig.apirig.testscripts.SimplePost" time="17.903" errors="0" timestamp="12 Jan 2024 10:59:13 GMT" skipped="0">
  <testcase classname="io.mosip.testrig.apirig.testscripts.SimplePost" name="Mimoto_CredentialsStatus_All_Valid_Smoke_euin" time="0.422"/>
  <testcase classname="io.mosip.testrig.apirig.testscripts.SimplePost" name="Mimoto_BindingOtp_UIN_Invalid_individualId_Neg" time="0.366"/>
  <testcase classname="io.mosip.testrig.apirig.testscripts.SimplePost" name="Mimoto_BindingOtp_Valid_vid_All_Smoke" time="0.790"/>
  <testcase classname="io.mosip.testrig.apirig.testscripts.SimplePost" name="Mimoto_BindingOtp_UIN_Missing_individualId_Neg" time="0.322"/>
  <testcase classname="io.mosip.testrig.apirig.testscripts.SimplePost" name="Mimoto_BindingOtp_UIN_Missing_OtpChannel_Neg" time="0.261"/>
  <testcase classname="io.mosip.testrig.apirig.testscripts.SimplePost" name="Mimoto_BindingOtp_vid_Missing_individualId_Neg" time="0.261"/>
  <testcase classname="io.mosip.testrig.apirig.testscripts.SimplePost" name="Mimoto_BindingOtp_vid_Null_individualId_Neg" time="0.349"/>
  <testcase classname="io.mosip.testrig.apirig.testscripts.SimplePost" name="Mimoto_BindingOtp_UIN_Missing_RequestTime_Neg" time="0.269"/>
  <testcase classname="io.mosip.testrig.apirig.testscripts.SimplePost" name="Mimoto_SendOTP_InValid_UIN_All" time="0.394"/>
  <testcase classname="io.mosip.testrig.apirig.testscripts.SimplePost" name="Mimoto_BindingOtp_UIN_Empty_OtpChannel_Neg" time="0.279"/>
  <testcase classname="io.mosip.testrig.apirig.testscripts.SimplePost" name="Mimoto_BindingOtp_vid_Invalid_OtpChannels_Neg" time="0.250"/>
  <testcase classname="io.mosip.testrig.apirig.testscripts.SimplePost" name="Mimoto_BindingOtp_vid_Invalid_RequestTime_Neg" time="0.260"/>
  <testcase classname="io.mosip.testrig.apirig.testscripts.SimplePost" name="Mimoto_BindingOtp_UIN_Empty_OtpChannels_Neg" time="0.281"/>
  <testcase classname="io.mosip.testrig.apirig.testscripts.SimplePost" name="Mimoto_SendOTP_Valid_UIN_All_Smoke" time="1.045"/>
  <testcase classname="io.mosip.testrig.apirig.testscripts.SimplePost" name="Mimoto_SendOTP_Invalid_VID_Neg" time="0.306"/>
  <testcase classname="io.mosip.testrig.apirig.testscripts.SimplePost" name="Mimoto_BindingOtp_vid_Null_OtpChannel_Neg" time="0.257"/>
  <testcase classname="io.mosip.testrig.apirig.testscripts.SimplePost" name="Mimoto_BindingOtp_vid_Empty_individualId_Neg" time="0.310"/>
  <testcase classname="io.mosip.testrig.apirig.testscripts.SimplePost" name="Mimoto_BindingOtp_UIN_Empty_individualId_Neg" time="0.280"/>
  <testcase classname="io.mosip.testrig.apirig.testscripts.SimplePost" name="Mimoto_BindingOtp_vid_Empty_RequestTime_Neg" time="0.265"/>
  <testcase classname="io.mosip.testrig.apirig.testscripts.SimplePost" name="Mimoto_BindingOtp_UIN_Invalid_OtpChannels_Neg" time="0.279"/>
  <testcase classname="io.mosip.testrig.apirig.testscripts.SimplePost" name="Mimoto_BindingOtp_UIN_Null_individualId_Neg" time="0.390"/>
  <testcase classname="io.mosip.testrig.apirig.testscripts.SimplePost" name="Mimoto_BindingOtp_vid_Missing_OtpChannels_Neg" time="0.261"/>
  <testcase classname="io.mosip.testrig.apirig.testscripts.SimplePost" name="Mimoto_SendOTP_Valid_VID_All_Smoke" time="1.770"/>
  <testcase classname="io.mosip.testrig.apirig.testscripts.SimplePost" name="Mimoto_BindingOtp_vid_Past_RequestTime_Neg" time="0.262"/>
  <testcase classname="io.mosip.testrig.apirig.testscripts.SimplePost" name="Mimoto_CredentialsStatus_StatusCode_InValid_Smoke_euin" time="0.382"/>
  <testcase classname="io.mosip.testrig.apirig.testscripts.SimplePost" name="Mimoto_individualOTP_All_Valid_Smoke" time="1.502"/>
  <testcase classname="io.mosip.testrig.apirig.testscripts.SimplePost" name="Mimoto_BindingOtp_Valid_UIN_All_Smoke" time="1.192"/>
  <testcase classname="io.mosip.testrig.apirig.testscripts.SimplePost" name="Mimoto_BindingOtp_UIN_Past_RequestTime_Neg" time="0.265"/>
  <testcase classname="io.mosip.testrig.apirig.testscripts.SimplePost" name="Mimoto_BindingOtp_vid_Empty_OtpChannels_Neg" time="0.288"/>
  <testcase classname="io.mosip.testrig.apirig.testscripts.SimplePost" name="Mimoto_BindingOtp_vid_Empty_OtpChannel_Neg" time="0.252"/>
  <testcase classname="io.mosip.testrig.apirig.testscripts.SimplePost" name="Mimoto_BindingOtp_UIN_Invalid_RequestTime_Neg" time="0.280"/>
  <testcase classname="io.mosip.testrig.apirig.testscripts.SimplePost" name="Mimoto_BindingOtp_UIN_Empty_RequestTime_Neg" time="0.271"/>
  <testcase classname="io.mosip.testrig.apirig.testscripts.SimplePost" name="Mimoto_BindingOtp_vid_Future_RequestTime_Neg" time="0.328"/>
  <testcase classname="io.mosip.testrig.apirig.testscripts.SimplePost" name="Mimoto_BindingOtp_UIN_Null_OtpChannels_Neg" time="0.240"/>
  <testcase classname="io.mosip.testrig.apirig.testscripts.SimplePost" name="Mimoto_BindingOtp_vid_Missing_RequestTime_Neg" time="0.270"/>
  <testcase classname="io.mosip.testrig.apirig.testscripts.SimplePost" name="Mimoto_BindingOtp_vid_Missing_OtpChannel_Neg" time="0.291"/>
  <testcase classname="io.mosip.testrig.apirig.testscripts.SimplePost" name="Mimoto_BindingOtp_UIN_SpaceSeparated_otpChannels_Neg" time="0.268"/>
  <testcase classname="io.mosip.testrig.apirig.testscripts.SimplePost" name="Mimoto_BindingOtp_vid_Null_OtpChannels_Neg" time="0.240"/>
  <testcase classname="io.mosip.testrig.apirig.testscripts.SimplePost" name="Mimoto_BindingOtp_vid_SpaceSeparated_otpChannels_Neg" time="0.260"/>
  <testcase classname="io.mosip.testrig.apirig.testscripts.SimplePost" name="Mimoto_BindingOtp_UIN_Missing_OtpChannels_Neg" time="0.240"/>
  <testcase classname="io.mosip.testrig.apirig.testscripts.SimplePost" name="Mimoto_BindingOtp_UIN_Null_OtpChannel_Neg" time="0.700"/>
  <testcase classname="io.mosip.testrig.apirig.testscripts.SimplePost" name="Mimoto_BindingOtp_UIN_Future_RequestTime_Neg" time="0.255"/>
  <testcase classname="io.mosip.testrig.apirig.testscripts.SimplePost" name="Mimoto_BindingOtp_vid_Invalid_individualId_Neg" time="0.450"/>
</testsuite> <!-- io.mosip.testrig.apirig.testscripts.SimplePost -->
