<?xml version="1.0" encoding="UTF-8"?>
<!-- Generated by org.testng.reporters.JUnitReportReporter -->
<testsuite hostname="Techno-311" failures="0" tests="9" name="io.mosip.testscripts.idrepo.UpdateIdentity" time="5.171" errors="0" timestamp="13 Jan 2022 11:14:16 GMT" skipped="0">
  <testcase classname="io.mosip.testscripts.idrepo.UpdateIdentity" name="IdRepository_UpdateIdentity_all_valid_smoke" time="0.679"/>
  <testcase classname="io.mosip.testscripts.idrepo.UpdateIdentity" name="IdRepository_UpdateIdentity_with_Missing_requestTime" time="0.603"/>
  <testcase classname="io.mosip.testscripts.idrepo.UpdateIdentity" name="IdRepository_UpdateIdentity_with_Missing_version" time="0.518"/>
  <testcase classname="io.mosip.testscripts.idrepo.UpdateIdentity" name="IdRepository_UpdateIdentity_with_Missing_registrationId" time="0.558"/>
  <testcase classname="io.mosip.testscripts.idrepo.UpdateIdentity" name="IdRepository_UpdateIdentity_with_Invalid_requestTime" time="0.595"/>
  <testcase classname="io.mosip.testscripts.idrepo.UpdateIdentity" name="IdRepository_UpdateIdentity_with_invalid_phonenumber" time="0.520"/>
  <testcase classname="io.mosip.testscripts.idrepo.UpdateIdentity" name="IdRepository_UpdateIdentity_with_invalid_email" time="0.580"/>
  <testcase classname="io.mosip.testscripts.idrepo.UpdateIdentity" name="IdRepository_UpdateIdentity_with_Invalid_version" time="0.570"/>
  <testcase classname="io.mosip.testscripts.idrepo.UpdateIdentity" name="IdRepository_UpdateIdentity_with_invalid_dob" time="0.548"/>
</testsuite> <!-- io.mosip.testscripts.idrepo.UpdateIdentity -->
