<?xml version="1.0" encoding="UTF-8"?>
<!-- Generated by org.testng.reporters.JUnitReportReporter -->
<testsuite hostname="Techno-311" failures="0" tests="20" name="io.mosip.testscripts.AddIdentity" time="110.625" errors="0" timestamp="28 Apr 2023 06:18:29 GMT" skipped="0">
  <testcase classname="io.mosip.testscripts.AddIdentity" name="Resident_AddIdentity_Valid_Params_smoke_Pos" time="5.137"/>
  <testcase classname="io.mosip.testscripts.AddIdentity" name="Resident_AddIdentity_ValidParams_For_Revoke_smoke_Pos" time="5.271"/>
  <testcase classname="io.mosip.testscripts.AddIdentity" name="Resident_AddIdentity_Esignet_Integ_Vid_smoke_Pos" time="6.098"/>
  <testcase classname="io.mosip.testscripts.AddIdentity" name="Resident_AddIdentity_ForEotp_Onetime_Vid_smoke_Pos" time="5.130"/>
  <testcase classname="io.mosip.testscripts.AddIdentity" name="Resident_AddIdentity_Esignet_Integ_smoke_Pos" time="4.995"/>
  <testcase classname="io.mosip.testscripts.AddIdentity" name="Resident_AddIdentity_Positive_PRE_smoke" time="5.764"/>
  <testcase classname="io.mosip.testscripts.AddIdentity" name="Resident_AddIdentity_Positive_smoke_Pos" time="5.561"/>
  <testcase classname="io.mosip.testscripts.AddIdentity" name="Resident_AddIdentity_withValidParameters_smoke_Pos" time="7.141"/>
  <testcase classname="io.mosip.testscripts.AddIdentity" name="Resident_AddIdentity_Positive_PDEA_smoke" time="6.640"/>
  <testcase classname="io.mosip.testscripts.AddIdentity" name="Resident_AddIdentity_ValidParam_smoke_Pos" time="4.851"/>
  <testcase classname="io.mosip.testscripts.AddIdentity" name="Resident_AddIdentity_Valid_Params_AddUser_smoke_Pos" time="7.060"/>
  <testcase classname="io.mosip.testscripts.AddIdentity" name="Resident_AddIdentity_ForEotp_Temp_Vid_smoke_Pos" time="5.071"/>
  <testcase classname="io.mosip.testscripts.AddIdentity" name="Resident_AddIdentity_Positive_TRE_smoke" time="5.026"/>
  <testcase classname="io.mosip.testscripts.AddIdentity" name="Resident_AddIdentity_Positive_PEXP_smoke" time="5.131"/>
  <testcase classname="io.mosip.testscripts.AddIdentity" name="Resident_AddIdentity_ForEotp_Scen_smoke_Pos" time="5.400"/>
  <testcase classname="io.mosip.testscripts.AddIdentity" name="Resident_AddIdentity_Positive_TDEA_smoke" time="5.236"/>
  <testcase classname="io.mosip.testscripts.AddIdentity" name="Resident_AddIdentity_ValidParameters_ChannelVerify_smoke_Pos" time="5.279"/>
  <testcase classname="io.mosip.testscripts.AddIdentity" name="Resident_AddIdentity_GetRid_smoke_Pos" time="5.167"/>
  <testcase classname="io.mosip.testscripts.AddIdentity" name="Resident_AddIdentity_UpdateCount_smoke_Pos" time="5.484"/>
  <testcase classname="io.mosip.testscripts.AddIdentity" name="Resident_AddIdentity_ForEotp_Scen_Vid_smoke_Pos" time="5.183"/>
</testsuite> <!-- io.mosip.testscripts.AddIdentity -->
