<?xml version="1.0" encoding="UTF-8"?>
<!-- Generated by org.testng.reporters.JUnitReportReporter -->
<testsuite hostname="Techno-311" failures="0" tests="24" name="io.mosip.testscripts.IdpBioAuth" time="55.446" errors="0" timestamp="10 Apr 2023 11:46:02 GMT" skipped="0">
  <testcase classname="io.mosip.testscripts.IdpBioAuth" name="IDP_BioAuth_Biometric_RightIris_With_Valid_vid_Smoke_Pos" time="2.139"/>
  <testcase classname="io.mosip.testscripts.IdpBioAuth" name="IDP_BioAuth_Biometric_RightThumb_With_Valid_uin_Smoke_Pos" time="3.367"/>
  <testcase classname="io.mosip.testscripts.IdpBioAuth" name="IDP_BioAuth_Biometric_RightLittleFinger_With_Valid_uin_Smoke_Pos" time="2.509"/>
  <testcase classname="io.mosip.testscripts.IdpBioAuth" name="IDP_BioAuth_Biometric_Face_With_Valid_uin_Smoke_Pos" time="2.267"/>
  <testcase classname="io.mosip.testscripts.IdpBioAuth" name="IDP_BioAuth_Biometric_RightThumb_With_Valid_vid_Smoke_Pos" time="3.380"/>
  <testcase classname="io.mosip.testscripts.IdpBioAuth" name="IDP_BioAuth_Biometric_Face_With_Valid_vid_Smoke_Pos" time="2.089"/>
  <testcase classname="io.mosip.testscripts.IdpBioAuth" name="IDP_BioAuth_Biometric_LeftThumb_With_Valid_uin_Smoke_Pos" time="2.174"/>
  <testcase classname="io.mosip.testscripts.IdpBioAuth" name="IDP_BioAuth_Biometric_RingFinger_With_Valid_uin_Smoke_Pos" time="2.117"/>
  <testcase classname="io.mosip.testscripts.IdpBioAuth" name="IDP_BioAuth_Biometric_LeftMiddleFingerr_With_Valid_vid_Smoke_Pos" time="2.019"/>
  <testcase classname="io.mosip.testscripts.IdpBioAuth" name="IDP_BioAuth_Biometric_RingFinger_With_Valid_vid_Smoke_Pos" time="2.078"/>
  <testcase classname="io.mosip.testscripts.IdpBioAuth" name="IDP_BioAuth_Biometric_RightMiddleFinger_With_Valid_uin_Smoke_Pos" time="2.738"/>
  <testcase classname="io.mosip.testscripts.IdpBioAuth" name="IDP_BioAuth_Biometric_RightRingFinger_With_Valid_vid_Smoke_Pos" time="2.112"/>
  <testcase classname="io.mosip.testscripts.IdpBioAuth" name="IDP_BioAuth_Biometric_RightRingFinger_With_Valid_uin_Smoke_Pos" time="2.741"/>
  <testcase classname="io.mosip.testscripts.IdpBioAuth" name="IDP_BioAuth_Biometric_LeftThumb_With_Valid_vid_Smoke_Pos" time="2.487"/>
  <testcase classname="io.mosip.testscripts.IdpBioAuth" name="IDP_BioAuth_Biometric_LeftIris_With_Valid_uin_Smoke_Pos" time="1.998"/>
  <testcase classname="io.mosip.testscripts.IdpBioAuth" name="IDP_BioAuth_Biometric_RightIndexFinger_With_Valid_vid_Smoke_Pos" time="2.125"/>
  <testcase classname="io.mosip.testscripts.IdpBioAuth" name="IDP_BioAuth_Biometric_RightIris_With_Valid_uin_Smoke_Pos" time="2.742"/>
  <testcase classname="io.mosip.testscripts.IdpBioAuth" name="IDP_BioAuth_Biometric_LeftIris_With_Valid_vid_Smoke_Pos" time="2.039"/>
  <testcase classname="io.mosip.testscripts.IdpBioAuth" name="IDP_BioAuth_Biometric_LeftLittleFinger_With_Valid_vid_Smoke_Pos" time="2.032"/>
  <testcase classname="io.mosip.testscripts.IdpBioAuth" name="IDP_BioAuth_Biometric_RightIndexFinger_With_Valid_uin_Smoke_Pos" time="2.167"/>
  <testcase classname="io.mosip.testscripts.IdpBioAuth" name="IDP_BioAuth_Biometric_LeftLittleFinger_With_Valid_uin_Smoke_Pos" time="2.071"/>
  <testcase classname="io.mosip.testscripts.IdpBioAuth" name="IDP_BioAuth_Biometric_RightLittleFinger_With_Valid_vid_Smoke_Pos" time="2.056"/>
  <testcase classname="io.mosip.testscripts.IdpBioAuth" name="IDP_BioAuth_Biometric_RightMiddleFinger_With_Valid_vid_Smoke_Pos" time="1.894"/>
  <testcase classname="io.mosip.testscripts.IdpBioAuth" name="IDP_BioAuth_Biometric_LeftMiddleFingerr_With_Valid_uin_Smoke_Pos" time="2.105"/>
</testsuite> <!-- io.mosip.testscripts.IdpBioAuth -->
