<?xml version="1.0" encoding="UTF-8"?>
<!-- Generated by org.testng.reporters.JUnitReportReporter -->
<testsuite hostname="Techno-311" failures="0" tests="4" name="io.mosip.testscripts.PatchWithQueryParam" time="3.091" errors="0" timestamp="14 Jul 2023 17:24:05 GMT" skipped="0">
  <testcase classname="io.mosip.testscripts.PatchWithQueryParam" name="MasterData_UpdateDeviceStatus_All_Valid_Smoke_sid" time="0.771"/>
  <testcase classname="io.mosip.testscripts.PatchWithQueryParam" name="MasterData_UpdateMachineSpecification_All_Valid_Smoke_sid" time="0.767"/>
  <testcase classname="io.mosip.testscripts.PatchWithQueryParam" name="MasterData_UpdateMachineStatus_All_Valid_Smoke_sid" time="0.785"/>
  <testcase classname="io.mosip.testscripts.PatchWithQueryParam" name="MasterData_UpdateMachineTypeStatus_All_Valid_Smoke_sid" time="0.768"/>
</testsuite> <!-- io.mosip.testscripts.PatchWithQueryParam -->
