<?xml version="1.0" encoding="UTF-8"?>
<!-- Generated by org.testng.reporters.JUnitReportReporter -->
<testsuite hostname="Techno-311" failures="0" tests="4" name="io.mosip.testscripts.PostWithFormDataAndFileForNotificationAPI" time="0.021" errors="4" timestamp="14 Jul 2023 16:31:12 GMT" skipped="0">
  <testcase classname="io.mosip.testscripts.PostWithFormDataAndFileForNotificationAPI" name="Prereg_SendNotifications_InValid_preRegId" time="0.003">
    <error type="java.lang.NullPointerException">
      <![CDATA[java.lang.NullPointerException
	at java.base/java.lang.String.replace(String.java:2143)
	at io.mosip.admin.fw.util.AdminTestUtil.replaceIdWithAutogeneratedId(AdminTestUtil.java:3197)
	at io.mosip.admin.fw.util.AdminTestUtil.inputJsonKeyWordHandeler(AdminTestUtil.java:2619)
	at io.mosip.admin.fw.util.AdminTestUtil.postWithMultipartFormDataAndFile(AdminTestUtil.java:1311)
	at io.mosip.testscripts.PostWithFormDataAndFileForNotificationAPI.test(PostWithFormDataAndFileForNotificationAPI.java:76)
	at java.base/jdk.internal.reflect.NativeMethodAccessorImpl.invoke0(Native Method)
	at java.base/jdk.internal.reflect.NativeMethodAccessorImpl.invoke(NativeMethodAccessorImpl.java:62)
	at java.base/jdk.internal.reflect.DelegatingMethodAccessorImpl.invoke(DelegatingMethodAccessorImpl.java:43)
	at java.base/java.lang.reflect.Method.invoke(Method.java:566)
	at org.testng.internal.MethodInvocationHelper.invokeMethod(MethodInvocationHelper.java:108)
	at org.testng.internal.Invoker.invokeMethod(Invoker.java:661)
	at org.testng.internal.Invoker.invokeTestMethod(Invoker.java:869)
	at org.testng.internal.Invoker.invokeTestMethods(Invoker.java:1193)
	at org.testng.internal.TestMethodWorker.invokeTestMethods(TestMethodWorker.java:126)
	at org.testng.internal.TestMethodWorker.run(TestMethodWorker.java:109)
	at org.testng.TestRunner.privateRun(TestRunner.java:744)
	at org.testng.TestRunner.run(TestRunner.java:602)
	at org.testng.SuiteRunner.runTest(SuiteRunner.java:380)
	at org.testng.SuiteRunner.runSequentially(SuiteRunner.java:375)
	at org.testng.SuiteRunner.privateRun(SuiteRunner.java:340)
	at org.testng.SuiteRunner.run(SuiteRunner.java:289)
	at org.testng.SuiteRunnerWorker.runSuite(SuiteRunnerWorker.java:52)
	at org.testng.SuiteRunnerWorker.run(SuiteRunnerWorker.java:86)
	at org.testng.TestNG.runSuitesSequentially(TestNG.java:1301)
	at org.testng.TestNG.runSuitesLocally(TestNG.java:1226)
	at org.testng.TestNG.runSuites(TestNG.java:1144)
	at org.testng.TestNG.run(TestNG.java:1115)
	at io.mosip.testrunner.MosipTestRunner.startTestRunner(MosipTestRunner.java:161)
	at io.mosip.testrunner.MosipTestRunner.main(MosipTestRunner.java:114)
]]>
    </error>
  </testcase> <!-- Prereg_SendNotifications_InValid_preRegId -->
  <testcase classname="io.mosip.testscripts.PostWithFormDataAndFileForNotificationAPI" name="Prereg_SendNotifications_All_Valid_Smoke" time="0.007">
    <error type="java.lang.NullPointerException">
      <![CDATA[java.lang.NullPointerException
	at java.base/java.lang.String.replace(String.java:2143)
	at io.mosip.admin.fw.util.AdminTestUtil.replaceIdWithAutogeneratedId(AdminTestUtil.java:3197)
	at io.mosip.admin.fw.util.AdminTestUtil.replaceIdWithAutogeneratedId(AdminTestUtil.java:3205)
	at io.mosip.admin.fw.util.AdminTestUtil.inputJsonKeyWordHandeler(AdminTestUtil.java:2619)
	at io.mosip.admin.fw.util.AdminTestUtil.postWithMultipartFormDataAndFile(AdminTestUtil.java:1311)
	at io.mosip.testscripts.PostWithFormDataAndFileForNotificationAPI.test(PostWithFormDataAndFileForNotificationAPI.java:76)
	at java.base/jdk.internal.reflect.NativeMethodAccessorImpl.invoke0(Native Method)
	at java.base/jdk.internal.reflect.NativeMethodAccessorImpl.invoke(NativeMethodAccessorImpl.java:62)
	at java.base/jdk.internal.reflect.DelegatingMethodAccessorImpl.invoke(DelegatingMethodAccessorImpl.java:43)
	at java.base/java.lang.reflect.Method.invoke(Method.java:566)
	at org.testng.internal.MethodInvocationHelper.invokeMethod(MethodInvocationHelper.java:108)
	at org.testng.internal.Invoker.invokeMethod(Invoker.java:661)
	at org.testng.internal.Invoker.invokeTestMethod(Invoker.java:869)
	at org.testng.internal.Invoker.invokeTestMethods(Invoker.java:1193)
	at org.testng.internal.TestMethodWorker.invokeTestMethods(TestMethodWorker.java:126)
	at org.testng.internal.TestMethodWorker.run(TestMethodWorker.java:109)
	at org.testng.TestRunner.privateRun(TestRunner.java:744)
	at org.testng.TestRunner.run(TestRunner.java:602)
	at org.testng.SuiteRunner.runTest(SuiteRunner.java:380)
	at org.testng.SuiteRunner.runSequentially(SuiteRunner.java:375)
	at org.testng.SuiteRunner.privateRun(SuiteRunner.java:340)
	at org.testng.SuiteRunner.run(SuiteRunner.java:289)
	at org.testng.SuiteRunnerWorker.runSuite(SuiteRunnerWorker.java:52)
	at org.testng.SuiteRunnerWorker.run(SuiteRunnerWorker.java:86)
	at org.testng.TestNG.runSuitesSequentially(TestNG.java:1301)
	at org.testng.TestNG.runSuitesLocally(TestNG.java:1226)
	at org.testng.TestNG.runSuites(TestNG.java:1144)
	at org.testng.TestNG.run(TestNG.java:1115)
	at io.mosip.testrunner.MosipTestRunner.startTestRunner(MosipTestRunner.java:161)
	at io.mosip.testrunner.MosipTestRunner.main(MosipTestRunner.java:114)
]]>
    </error>
  </testcase> <!-- Prereg_SendNotifications_All_Valid_Smoke -->
  <testcase classname="io.mosip.testscripts.PostWithFormDataAndFileForNotificationAPI" name="Prereg_SendNotifications_Notify_All_Valid_Smoke" time="0.006">
    <error type="java.lang.NullPointerException">
      <![CDATA[java.lang.NullPointerException
	at java.base/java.lang.String.replace(String.java:2143)
	at io.mosip.admin.fw.util.AdminTestUtil.replaceIdWithAutogeneratedId(AdminTestUtil.java:3197)
	at io.mosip.admin.fw.util.AdminTestUtil.replaceIdWithAutogeneratedId(AdminTestUtil.java:3205)
	at io.mosip.admin.fw.util.AdminTestUtil.inputJsonKeyWordHandeler(AdminTestUtil.java:2619)
	at io.mosip.admin.fw.util.AdminTestUtil.postWithMultipartFormDataAndFile(AdminTestUtil.java:1311)
	at io.mosip.testscripts.PostWithFormDataAndFileForNotificationAPI.test(PostWithFormDataAndFileForNotificationAPI.java:76)
	at java.base/jdk.internal.reflect.NativeMethodAccessorImpl.invoke0(Native Method)
	at java.base/jdk.internal.reflect.NativeMethodAccessorImpl.invoke(NativeMethodAccessorImpl.java:62)
	at java.base/jdk.internal.reflect.DelegatingMethodAccessorImpl.invoke(DelegatingMethodAccessorImpl.java:43)
	at java.base/java.lang.reflect.Method.invoke(Method.java:566)
	at org.testng.internal.MethodInvocationHelper.invokeMethod(MethodInvocationHelper.java:108)
	at org.testng.internal.Invoker.invokeMethod(Invoker.java:661)
	at org.testng.internal.Invoker.invokeTestMethod(Invoker.java:869)
	at org.testng.internal.Invoker.invokeTestMethods(Invoker.java:1193)
	at org.testng.internal.TestMethodWorker.invokeTestMethods(TestMethodWorker.java:126)
	at org.testng.internal.TestMethodWorker.run(TestMethodWorker.java:109)
	at org.testng.TestRunner.privateRun(TestRunner.java:744)
	at org.testng.TestRunner.run(TestRunner.java:602)
	at org.testng.SuiteRunner.runTest(SuiteRunner.java:380)
	at org.testng.SuiteRunner.runSequentially(SuiteRunner.java:375)
	at org.testng.SuiteRunner.privateRun(SuiteRunner.java:340)
	at org.testng.SuiteRunner.run(SuiteRunner.java:289)
	at org.testng.SuiteRunnerWorker.runSuite(SuiteRunnerWorker.java:52)
	at org.testng.SuiteRunnerWorker.run(SuiteRunnerWorker.java:86)
	at org.testng.TestNG.runSuitesSequentially(TestNG.java:1301)
	at org.testng.TestNG.runSuitesLocally(TestNG.java:1226)
	at org.testng.TestNG.runSuites(TestNG.java:1144)
	at org.testng.TestNG.run(TestNG.java:1115)
	at io.mosip.testrunner.MosipTestRunner.startTestRunner(MosipTestRunner.java:161)
	at io.mosip.testrunner.MosipTestRunner.main(MosipTestRunner.java:114)
]]>
    </error>
  </testcase> <!-- Prereg_SendNotifications_Notify_All_Valid_Smoke -->
  <testcase classname="io.mosip.testscripts.PostWithFormDataAndFileForNotificationAPI" name="Prereg_SendNotifications_InValid_id" time="0.005">
    <error type="java.lang.NullPointerException">
      <![CDATA[java.lang.NullPointerException
	at java.base/java.lang.String.replace(String.java:2143)
	at io.mosip.admin.fw.util.AdminTestUtil.replaceIdWithAutogeneratedId(AdminTestUtil.java:3197)
	at io.mosip.admin.fw.util.AdminTestUtil.replaceIdWithAutogeneratedId(AdminTestUtil.java:3205)
	at io.mosip.admin.fw.util.AdminTestUtil.inputJsonKeyWordHandeler(AdminTestUtil.java:2619)
	at io.mosip.admin.fw.util.AdminTestUtil.postWithMultipartFormDataAndFile(AdminTestUtil.java:1311)
	at io.mosip.testscripts.PostWithFormDataAndFileForNotificationAPI.test(PostWithFormDataAndFileForNotificationAPI.java:76)
	at java.base/jdk.internal.reflect.NativeMethodAccessorImpl.invoke0(Native Method)
	at java.base/jdk.internal.reflect.NativeMethodAccessorImpl.invoke(NativeMethodAccessorImpl.java:62)
	at java.base/jdk.internal.reflect.DelegatingMethodAccessorImpl.invoke(DelegatingMethodAccessorImpl.java:43)
	at java.base/java.lang.reflect.Method.invoke(Method.java:566)
	at org.testng.internal.MethodInvocationHelper.invokeMethod(MethodInvocationHelper.java:108)
	at org.testng.internal.Invoker.invokeMethod(Invoker.java:661)
	at org.testng.internal.Invoker.invokeTestMethod(Invoker.java:869)
	at org.testng.internal.Invoker.invokeTestMethods(Invoker.java:1193)
	at org.testng.internal.TestMethodWorker.invokeTestMethods(TestMethodWorker.java:126)
	at org.testng.internal.TestMethodWorker.run(TestMethodWorker.java:109)
	at org.testng.TestRunner.privateRun(TestRunner.java:744)
	at org.testng.TestRunner.run(TestRunner.java:602)
	at org.testng.SuiteRunner.runTest(SuiteRunner.java:380)
	at org.testng.SuiteRunner.runSequentially(SuiteRunner.java:375)
	at org.testng.SuiteRunner.privateRun(SuiteRunner.java:340)
	at org.testng.SuiteRunner.run(SuiteRunner.java:289)
	at org.testng.SuiteRunnerWorker.runSuite(SuiteRunnerWorker.java:52)
	at org.testng.SuiteRunnerWorker.run(SuiteRunnerWorker.java:86)
	at org.testng.TestNG.runSuitesSequentially(TestNG.java:1301)
	at org.testng.TestNG.runSuitesLocally(TestNG.java:1226)
	at org.testng.TestNG.runSuites(TestNG.java:1144)
	at org.testng.TestNG.run(TestNG.java:1115)
	at io.mosip.testrunner.MosipTestRunner.startTestRunner(MosipTestRunner.java:161)
	at io.mosip.testrunner.MosipTestRunner.main(MosipTestRunner.java:114)
]]>
    </error>
  </testcase> <!-- Prereg_SendNotifications_InValid_id -->
</testsuite> <!-- io.mosip.testscripts.PostWithFormDataAndFileForNotificationAPI -->
