<?xml version="1.0" encoding="UTF-8"?>
<!-- Generated by org.testng.reporters.JUnitReportReporter -->
<testsuite hostname="Techno-311" failures="0" tests="1" name="io.mosip.testscripts.UpdateDraft" time="11.129" errors="0" timestamp="07 Nov 2022 05:29:49 GMT" skipped="0">
  <testcase classname="io.mosip.testscripts.UpdateDraft" name="IdRepository_UpdateDraft_Smoke_Pos" time="11.129"/>
</testsuite> <!-- io.mosip.testscripts.UpdateDraft -->
