<?xml version="1.0" encoding="UTF-8"?>
<!-- Generated by org.testng.reporters.JUnitReportReporter -->
<testsuite hostname="Techno-311" failures="0" tests="72" name="io.mosip.testscripts.MultiFactorAuth" time="306.068" errors="0" timestamp="09 Jun 2022 09:11:49 GMT" skipped="0">
  <testcase classname="io.mosip.testscripts.MultiFactorAuth" name="auth_MultiFactorAuth_Biometric_LeftThumb_With_Valid_VID_Smoke_Pos" time="4.984"/>
  <testcase classname="io.mosip.testscripts.MultiFactorAuth" name="auth_MultiFactorAuth_Biometric_LeftIris_With_UIN_BLANK_bioType" time="3.740"/>
  <testcase classname="io.mosip.testscripts.MultiFactorAuth" name="auth_MultiFactorAuth_Biometric_LeftIris_With_VID_blank_individualIdType" time="3.397"/>
  <testcase classname="io.mosip.testscripts.MultiFactorAuth" name="auth_MultiFactorAuth_Biometric_Face_With_blank_vid_transactionId" time="4.160"/>
  <testcase classname="io.mosip.testscripts.MultiFactorAuth" name="auth_MultiFactorAuth_Biometric_LeftIris_With_blank_individualIdType" time="3.666"/>
  <testcase classname="io.mosip.testscripts.MultiFactorAuth" name="auth_MultiFactorAuth_Biometric_LeftIris_With_VID_blank_transactionId" time="3.694"/>
  <testcase classname="io.mosip.testscripts.MultiFactorAuth" name="auth_MultiFactorAuth_Biometric_RightMiddleFinger_With_Valid_VID_Smoke_Pos" time="5.554"/>
  <testcase classname="io.mosip.testscripts.MultiFactorAuth" name="auth_MultiFactorAuth_Biometric_RightLittleFinger_With_Valid_Smoke_Pos" time="4.481"/>
  <testcase classname="io.mosip.testscripts.MultiFactorAuth" name="auth_MultiFactorAuth_Biometric_LeftIris_With_UIN_With_Finger_Invalid" time="4.752"/>
  <testcase classname="io.mosip.testscripts.MultiFactorAuth" name="auth_MultiFactorAuth_Biometric_RightIndexFinger_With_Valid_Smoke_Pos" time="5.169"/>
  <testcase classname="io.mosip.testscripts.MultiFactorAuth" name="auth_MultiFactorAuth_Biometric_LeftIris_With_VID_missing_bioType" time="3.516"/>
  <testcase classname="io.mosip.testscripts.MultiFactorAuth" name="auth_MultiFactorAuth_Biometric_LeftLittleFinger_With_Valid_Smoke_Pos" time="4.880"/>
  <testcase classname="io.mosip.testscripts.MultiFactorAuth" name="auth_MultiFactorAuth_Biometric_LeftIndexFingerr_With_Valid_vid_Smoke_Pos" time="4.825"/>
  <testcase classname="io.mosip.testscripts.MultiFactorAuth" name="auth_MultiFactorAuth_Biometric_RingFinger_With_missing_transactionId" time="4.796"/>
  <testcase classname="io.mosip.testscripts.MultiFactorAuth" name="auth_MultiFactorAuth_Biometric_LeftThumb_With_Valid_Smoke_Pos" time="4.511"/>
  <testcase classname="io.mosip.testscripts.MultiFactorAuth" name="auth_MultiFactorAuth_Biometric_LeftIris_With_VID_missing_bioSubType" time="3.712"/>
  <testcase classname="io.mosip.testscripts.MultiFactorAuth" name="auth_MultiFactorAuth_Biometric_With_VID_invalid_Bio-Type_value_as_FIR_instead_of_Finger" time="4.266"/>
  <testcase classname="io.mosip.testscripts.MultiFactorAuth" name="auth_MultiFactorAuth_with_invalid_partner" time="3.432"/>
  <testcase classname="io.mosip.testscripts.MultiFactorAuth" name="auth_MultiFactorAuth_Biometric_LeftIris_With_VID_InValid_transactionId" time="3.588"/>
  <testcase classname="io.mosip.testscripts.MultiFactorAuth" name="auth_MultiFactorAuth_Biometric_LeftLittleFinger_With_Valid_VID_Smoke_Pos" time="4.834"/>
  <testcase classname="io.mosip.testscripts.MultiFactorAuth" name="auth_MultiFactorAuth_Biometric_LeftIris_With_VID_invalid_bioSubType" time="4.197"/>
  <testcase classname="io.mosip.testscripts.MultiFactorAuth" name="auth_MultiFactorAuth_Biometric_LeftIris_With_VID_INvalid_bioValue" time="3.336"/>
  <testcase classname="io.mosip.testscripts.MultiFactorAuth" name="auth_MultiFactorAuth_Biometric_LeftIris_With_VID_invalid_Bio-Type_value_as_IR_instead_of_Iris" time="4.239"/>
  <testcase classname="io.mosip.testscripts.MultiFactorAuth" name="auth_MultiFactorAuth_Biometric_Face_With_InValid_transactionId" time="3.909"/>
  <testcase classname="io.mosip.testscripts.MultiFactorAuth" name="auth_MultiFactorAuth_Biometric_LeftIris_With_UIN_InValid_transactionId" time="3.892"/>
  <testcase classname="io.mosip.testscripts.MultiFactorAuth" name="auth_MultiFactorAuth_Biometric_LeftIris_With_VID_With_Face_Invalid" time="4.753"/>
  <testcase classname="io.mosip.testscripts.MultiFactorAuth" name="auth_MultiFactorAuth_Biometric_RightLittleFinger_With_Valid_VID_Smoke_Pos" time="4.161"/>
  <testcase classname="io.mosip.testscripts.MultiFactorAuth" name="auth_MultiFactorAuth_Biometric_LeftIris_With_UIN_blank_individualIdType" time="3.381"/>
  <testcase classname="io.mosip.testscripts.MultiFactorAuth" name="auth_MultiFactorAuth_Biometric_RingFinger_With_Valid_VID_Smoke_Pos" time="5.129"/>
  <testcase classname="io.mosip.testscripts.MultiFactorAuth" name="auth_MultiFactorAuth_Biometric_LeftIris_With_UIN_invalid_Bio-Type_value_as_IR_instead_of_Iris" time="4.700"/>
  <testcase classname="io.mosip.testscripts.MultiFactorAuth" name="auth_MultiFactorAuth_Biometric_Face_With_revoked_vid" time="3.795"/>
  <testcase classname="io.mosip.testscripts.MultiFactorAuth" name="auth_MultiFactorAuth_Biometric_LeftIris_With_UIN_invalid_bioSubType" time="3.767"/>
  <testcase classname="io.mosip.testscripts.MultiFactorAuth" name="auth_MultiFactorAuth_Biometric_RightMiddleFinger_With_Valid_Smoke_Pos" time="4.451"/>
  <testcase classname="io.mosip.testscripts.MultiFactorAuth" name="auth_MultiFactorAuth_Biometric_LeftIris_With_UIN_missing_bioType" time="3.517"/>
  <testcase classname="io.mosip.testscripts.MultiFactorAuth" name="auth_MultiFactorAuth_Biometric_RightIris_With_Valid_Smoke_Pos" time="4.442"/>
  <testcase classname="io.mosip.testscripts.MultiFactorAuth" name="auth_MultiFactorAuth_Biometric_RingFinger_With_Valid_Smoke_Pos" time="4.873"/>
  <testcase classname="io.mosip.testscripts.MultiFactorAuth" name="auth_MultiFactorAuth_Biometric_LeftIris_With_UIN_invalid_bioType" time="3.484"/>
  <testcase classname="io.mosip.testscripts.MultiFactorAuth" name="auth_MultiFactorAuth_Biometric_LeftIris_With_VID_With_Finger_Invalid" time="5.116"/>
  <testcase classname="io.mosip.testscripts.MultiFactorAuth" name="auth_MultiFactorAuth_Biometric_RingFinger_With_invalid_transactionId" time="4.481"/>
  <testcase classname="io.mosip.testscripts.MultiFactorAuth" name="auth_MultiFactorAuth_Biometric_RightThumb_With_Valid_Smoke_Pos" time="5.025"/>
  <testcase classname="io.mosip.testscripts.MultiFactorAuth" name="auth_MultiFactorAuth_Biometric_RightRingFinger_With_Valid_VID_Smoke_Pos" time="4.638"/>
  <testcase classname="io.mosip.testscripts.MultiFactorAuth" name="auth_MultiFactorAuth_Biometric_Face_With_Valid_Smoke_Pos" time="5.157"/>
  <testcase classname="io.mosip.testscripts.MultiFactorAuth" name="auth_MultiFactorAuth_Biometric_LeftIris_With_blank_transactionId" time="3.924"/>
  <testcase classname="io.mosip.testscripts.MultiFactorAuth" name="auth_MultiFactorAuth_Biometric_LeftMiddleFingerr_With_blank_transactionId" time="4.618"/>
  <testcase classname="io.mosip.testscripts.MultiFactorAuth" name="auth_MultiFactorAuth_Biometric_LeftIris_With_VID_BLANK_bioType" time="3.790"/>
  <testcase classname="io.mosip.testscripts.MultiFactorAuth" name="auth_MultiFactorAuth_Biometric_LeftIris_With_Valid_Smoke_Pos" time="4.380"/>
  <testcase classname="io.mosip.testscripts.MultiFactorAuth" name="auth_MultiFactorAuth_Biometric_LeftIris_With_UIN_valid_bioType_and_invalid_digitalId_type" time="3.630"/>
  <testcase classname="io.mosip.testscripts.MultiFactorAuth" name="auth_MultiFactorAuth_Biometric_RightThumb_With_Valid_VID_Smoke_Pos" time="5.217"/>
  <testcase classname="io.mosip.testscripts.MultiFactorAuth" name="auth_MultiFactorAuth_Biometric_RightIris_With_Valid_VID_Smoke_Pos" time="3.985"/>
  <testcase classname="io.mosip.testscripts.MultiFactorAuth" name="auth_MultiFactorAuth_Biometric_LeftIris_With_VID_blank_bioSubType" time="3.656"/>
  <testcase classname="io.mosip.testscripts.MultiFactorAuth" name="auth_MultiFactorAuth_Biometric_LeftIndexFingerr_With_Valid_Smoke_Pos" time="4.546"/>
  <testcase classname="io.mosip.testscripts.MultiFactorAuth" name="auth_MultiFactorAuth_Biometric_RingFinger_With_vid_InValid_transactionId" time="4.208"/>
  <testcase classname="io.mosip.testscripts.MultiFactorAuth" name="auth_MultiFactorAuth_Biometric_LeftMiddleFingerr_With_Valid_VID_Smoke_Pos" time="4.638"/>
  <testcase classname="io.mosip.testscripts.MultiFactorAuth" name="auth_MultiFactorAuth_Biometric_LeftIris_With_UIN_blank_bioSubType" time="3.780"/>
  <testcase classname="io.mosip.testscripts.MultiFactorAuth" name="auth_MultiFactorAuth_Biometric_Face_With_InValid_vid_transactionId" time="3.950"/>
  <testcase classname="io.mosip.testscripts.MultiFactorAuth" name="auth_MultiFactorAuth_Biometric_Face_With_Valid_vid_Smoke_Pos" time="4.917"/>
  <testcase classname="io.mosip.testscripts.MultiFactorAuth" name="auth_MultiFactorAuth_Biometric_LeftIris_With_VID_invalid_individualIdType" time="3.527"/>
  <testcase classname="io.mosip.testscripts.MultiFactorAuth" name="auth_MultiFactorAuth_Biometric_LeftIris_With_UIN_missing_bioSubType" time="3.648"/>
  <testcase classname="io.mosip.testscripts.MultiFactorAuth" name="auth_MultiFactorAuth_Biometric_LeftIris_With_VID_valid_bioType_and_invalid_digitalId_type" time="3.525"/>
  <testcase classname="io.mosip.testscripts.MultiFactorAuth" name="auth_MultiFactorAuth_Biometric_LeftIris_With_UIN_invalid_individualIdType" time="3.634"/>
  <testcase classname="io.mosip.testscripts.MultiFactorAuth" name="auth_MultiFactorAuth_Biometric_LeftIris_With_InValid_individualIdType" time="3.617"/>
  <testcase classname="io.mosip.testscripts.MultiFactorAuth" name="auth_MultiFactorAuth_Biometric_LeftIris_With_UIN_INvalid_bioValue" time="3.519"/>
  <testcase classname="io.mosip.testscripts.MultiFactorAuth" name="auth_MultiFactorAuth_Biometric_LeftIris_With__VID_Valid_Smoke_Pos" time="4.056"/>
  <testcase classname="io.mosip.testscripts.MultiFactorAuth" name="auth_MultiFactorAuth_Biometric_LeftMiddleFingerr_With_Valid_Smoke_Pos" time="4.889"/>
  <testcase classname="io.mosip.testscripts.MultiFactorAuth" name="auth_MultiFactorAuth_Biometric_LeftMiddleFingerr_With_InValid_transactionId" time="5.427"/>
  <testcase classname="io.mosip.testscripts.MultiFactorAuth" name="auth_MultiFactorAuth_Biometric_Face_With_Missing_transactionId" time="3.865"/>
  <testcase classname="io.mosip.testscripts.MultiFactorAuth" name="auth_MultiFactorAuth_Biometric_With_UIN_invalid_Bio-Type_value_as_FIR_instead_of_Finger" time="4.879"/>
  <testcase classname="io.mosip.testscripts.MultiFactorAuth" name="auth_MultiFactorAuth_Biometric_LeftIris_With_VID_invalid_bioType" time="3.851"/>
  <testcase classname="io.mosip.testscripts.MultiFactorAuth" name="auth_MultiFactorAuth_Biometric_RingFinger_With_vid_blank_transactionId" time="4.449"/>
  <testcase classname="io.mosip.testscripts.MultiFactorAuth" name="auth_MultiFactorAuth_Biometric_RightIndexFinger_With_Valid_VID_Smoke_Pos" time="5.072"/>
  <testcase classname="io.mosip.testscripts.MultiFactorAuth" name="auth_MultiFactorAuth_Biometric_RightRingFinger_With_Valid_Smoke_Pos" time="4.485"/>
  <testcase classname="io.mosip.testscripts.MultiFactorAuth" name="auth_MultiFactorAuth_Biometric_LeftIris_With_UIN_With_Face_Invalid" time="3.986"/>
</testsuite> <!-- io.mosip.testscripts.MultiFactorAuth -->
