<?xml version="1.0" encoding="UTF-8"?>
<!-- Generated by org.testng.reporters.JUnitReportReporter -->
<testsuite hostname="Techno-311" failures="0" tests="7" name="io.mosip.testrig.apirig.testscripts.PutWithPathParamsAndBody" time="6.384" errors="0" timestamp="04 Aug 2023 06:40:08 GMT" skipped="0">
  <testcase classname="io.mosip.testrig.apirig.testscripts.PutWithPathParamsAndBody" name="Esignet_UpdatePolicy__AfterPublished_Neg" time="1.119"/>
  <testcase classname="io.mosip.testrig.apirig.testscripts.PutWithPathParamsAndBody" name="Esignet_ApproveRejectPartnerAPIKeyReq_Misp_False_Valid_Smoke" time="0.929"/>
  <testcase classname="io.mosip.testrig.apirig.testscripts.PutWithPathParamsAndBody" name="Esignet_ApproveRejectPartnerAPIKeyReq_All_Valid_Smoke" time="0.742"/>
  <testcase classname="io.mosip.testrig.apirig.testscripts.PutWithPathParamsAndBody" name="Esignet_ApproveRejectPartnerAPIKeyReq_Kyc_All_Valid_Smoke" time="0.820"/>
  <testcase classname="io.mosip.testrig.apirig.testscripts.PutWithPathParamsAndBody" name="Esignet_ApproveRejectPartnerAPIKeyReq_Auth_False_Valid_Smoke" time="0.941"/>
  <testcase classname="io.mosip.testrig.apirig.testscripts.PutWithPathParamsAndBody" name="Esignet_ApproveRejectPartnerAPIKeyReq_NonAuth_All_Valid_Smoke" time="1.029"/>
  <testcase classname="io.mosip.testrig.apirig.testscripts.PutWithPathParamsAndBody" name="Esignet_ApproveRejectPartnerAPIKeyReq_Misp_Valid_Smoke" time="0.804"/>
</testsuite> <!-- io.mosip.testrig.apirig.testscripts.PutWithPathParamsAndBody -->
