<?xml version="1.0" encoding="UTF-8"?>
<!-- Generated by org.testng.reporters.JUnitReportReporter -->
<testsuite hostname="Techno-311" failures="0" tests="42" name="io.mosip.testscripts.OtpAuth" time="89.022" errors="0" timestamp="09 Jun 2022 09:11:49 GMT" skipped="0">
  <testcase classname="io.mosip.testscripts.OtpAuth" name="auth_OTP_Auth_With_Blank_individualId_VID_neg" time="1.721"/>
  <testcase classname="io.mosip.testscripts.OtpAuth" name="auth_EkycOtp_With_Blank_individualId_neg" time="2.245"/>
  <testcase classname="io.mosip.testscripts.OtpAuth" name="auth_OTP_Auth_With_different_transactionId_neg" time="1.894"/>
  <testcase classname="io.mosip.testscripts.OtpAuth" name="auth_EkycOtp_With_Missing_individualId_neg" time="2.182"/>
  <testcase classname="io.mosip.testscripts.OtpAuth" name="auth_EkycOtp_With_Invalid_individualIdType_VID_neg" time="2.201"/>
  <testcase classname="io.mosip.testscripts.OtpAuth" name="auth_EkycOtp_With_Blank_individualIdType_neg" time="2.153"/>
  <testcase classname="io.mosip.testscripts.OtpAuth" name="auth_EkycOtp_With_Valid_VID_Smoke_Pos" time="2.797"/>
  <testcase classname="io.mosip.testscripts.OtpAuth" name="auth_OTP_Auth_With_Valid_VID_Smoke_Pos" time="2.134"/>
  <testcase classname="io.mosip.testscripts.OtpAuth" name="auth_OTP_Auth_With_Missing_individualId_neg" time="2.020"/>
  <testcase classname="io.mosip.testscripts.OtpAuth" name="auth_OTP_Auth_With_Blank_individualIdType_VID_neg" time="2.179"/>
  <testcase classname="io.mosip.testscripts.OtpAuth" name="auth_EkycOtp_Auth_With_Valid_UIN_Smoke" time="2.762"/>
  <testcase classname="io.mosip.testscripts.OtpAuth" name="auth_EkycOtp_With_Invalid_individualIdType_neg" time="2.194"/>
  <testcase classname="io.mosip.testscripts.OtpAuth" name="auth_OTP_Auth_With_Invalid_transactionId_neg" time="1.915"/>
  <testcase classname="io.mosip.testscripts.OtpAuth" name="auth_OTP_Auth_With_revoke_VID_Smoke_Pos" time="1.808"/>
  <testcase classname="io.mosip.testscripts.OtpAuth" name="auth_OTP_Auth_With_Blank_transactionId_neg" time="1.929"/>
  <testcase classname="io.mosip.testscripts.OtpAuth" name="auth_OTP_Auth_With_Valid_UIN_Smoke_Pos" time="2.366"/>
  <testcase classname="io.mosip.testscripts.OtpAuth" name="auth_OTP_Auth_With_Invalid_transactionId_VID_neg" time="1.718"/>
  <testcase classname="io.mosip.testscripts.OtpAuth" name="auth_OTP_Auth_With_Invalid_partner" time="1.792"/>
  <testcase classname="io.mosip.testscripts.OtpAuth" name="auth_EkycOtp_With_Blank_individualId_VID_neg" time="2.333"/>
  <testcase classname="io.mosip.testscripts.OtpAuth" name="auth_OTP_Auth_With_Missing_Optional_Field_individualIdType" time="2.413"/>
  <testcase classname="io.mosip.testscripts.OtpAuth" name="auth_OTP_Auth_With_Blank_individualId_neg" time="1.876"/>
  <testcase classname="io.mosip.testscripts.OtpAuth" name="auth_EkycOtp_With_revoke_VID_Smoke_Pos" time="1.973"/>
  <testcase classname="io.mosip.testscripts.OtpAuth" name="auth_EkycOtp_With_invalid_partner" time="1.954"/>
  <testcase classname="io.mosip.testscripts.OtpAuth" name="auth_EkycOtp_With_Missing_individualIdType_smoke" time="2.951"/>
  <testcase classname="io.mosip.testscripts.OtpAuth" name="auth_EkycOtp_With_Blank_transactionId_neg" time="2.141"/>
  <testcase classname="io.mosip.testscripts.OtpAuth" name="auth_OTP_Auth_With_Invalid_individualId_VID_neg" time="1.805"/>
  <testcase classname="io.mosip.testscripts.OtpAuth" name="auth_EkycOtp_With_Invalid_transactionId_neg" time="2.429"/>
  <testcase classname="io.mosip.testscripts.OtpAuth" name="auth_EkycOtp_With_Different_transaction_id_uin_neg" time="2.452"/>
  <testcase classname="io.mosip.testscripts.OtpAuth" name="auth_OTP_Auth_With_Invalid_individualId_UIN_neg" time="2.024"/>
  <testcase classname="io.mosip.testscripts.OtpAuth" name="auth_EkycOtp_With_Different_transaction_id_VID_neg" time="2.246"/>
  <testcase classname="io.mosip.testscripts.OtpAuth" name="auth_EkycOtp_With_Invalid_transactionId_VID_neg" time="2.144"/>
  <testcase classname="io.mosip.testscripts.OtpAuth" name="auth_EkycOtp_With_Missing_individualId_VID_neg" time="2.496"/>
  <testcase classname="io.mosip.testscripts.OtpAuth" name="auth_OTP_Auth_With_Invalid_individualIdType_neg" time="1.736"/>
  <testcase classname="io.mosip.testscripts.OtpAuth" name="auth_EkycOtp_With_Invalid_individualId_VID_neg" time="2.324"/>
  <testcase classname="io.mosip.testscripts.OtpAuth" name="auth_EkycOtp_With_Invalid_individualId_neg" time="2.148"/>
  <testcase classname="io.mosip.testscripts.OtpAuth" name="auth_OTP_Auth_With_Blank_individualIdType_neg" time="1.817"/>
  <testcase classname="io.mosip.testscripts.OtpAuth" name="auth_OTP_Auth_With_Missing_Optional_Field_individualIdType_VID" time="2.089"/>
  <testcase classname="io.mosip.testscripts.OtpAuth" name="auth_OTP_Auth_With_Missing_individualId_VID_neg" time="1.853"/>
  <testcase classname="io.mosip.testscripts.OtpAuth" name="auth_OTP_Auth_With_Blank_transactionId_VID_neg" time="1.825"/>
  <testcase classname="io.mosip.testscripts.OtpAuth" name="auth_OTP_Auth_With_Invalid_individualIdType_VID_neg" time="1.749"/>
  <testcase classname="io.mosip.testscripts.OtpAuth" name="auth_EkycOtp_With_Blank_transactionId_VID_neg" time="2.141"/>
  <testcase classname="io.mosip.testscripts.OtpAuth" name="auth_EkycOtp_With_Blank_individualIdType_VID_neg" time="2.093"/>
</testsuite> <!-- io.mosip.testscripts.OtpAuth -->
