<?xml version="1.0" encoding="UTF-8"?>
<!-- Generated by org.testng.reporters.JUnitReportReporter -->
<testsuite hostname="Techno-311" failures="0" tests="10" name="io.mosip.testrig.apirig.testscripts.PostWithOnlyPathParam" time="7.073" errors="0" timestamp="12 Oct 2023 08:59:10 GMT" skipped="0">
  <testcase classname="io.mosip.testrig.apirig.testscripts.PostWithOnlyPathParam" name="IdRepository_CreateDraft_delete_Smoke_Pos" time="1.129"/>
  <testcase classname="io.mosip.testrig.apirig.testscripts.PostWithOnlyPathParam" name="IdRepository_CreateDraft_Smoke_Pos" time="1.504"/>
  <testcase classname="io.mosip.testrig.apirig.testscripts.PostWithOnlyPathParam" name="IdRepository_CreateDraft_invalid_rid" time="0.392"/>
  <testcase classname="io.mosip.testrig.apirig.testscripts.PostWithOnlyPathParam" name="IdRepository_RegenerateVid_Empty_Vid" time="0.831"/>
  <testcase classname="io.mosip.testrig.apirig.testscripts.PostWithOnlyPathParam" name="IdRepository_CreateDraft_blank_rid" time="0.344"/>
  <testcase classname="io.mosip.testrig.apirig.testscripts.PostWithOnlyPathParam" name="IdRepository_Verify_UIN_Only_One_Smoke_Pos" time="0.506"/>
  <testcase classname="io.mosip.testrig.apirig.testscripts.PostWithOnlyPathParam" name="IdRepository_RegenerateVid_Smoke_Pos" time="0.989"/>
  <testcase classname="io.mosip.testrig.apirig.testscripts.PostWithOnlyPathParam" name="IdRepository_RegenerateVid_Invalid_Vid" time="0.394"/>
  <testcase classname="io.mosip.testrig.apirig.testscripts.PostWithOnlyPathParam" name="IdRepository_RegenerateVid_Uin_Neg" time="0.619"/>
  <testcase classname="io.mosip.testrig.apirig.testscripts.PostWithOnlyPathParam" name="IdRepository_RegenerateVid_SpaceVal_Vid" time="0.365"/>
</testsuite> <!-- io.mosip.testrig.apirig.testscripts.PostWithOnlyPathParam -->
