<?xml version="1.0" encoding="UTF-8"?>
<!-- Generated by org.testng.reporters.JUnitReportReporter -->
<testsuite hostname="Techno-311" failures="0" tests="6" name="io.mosip.testrig.apirig.testscripts.GetWithParam" time="4.436" errors="0" timestamp="12 Jan 2024 10:59:13 GMT" skipped="0">
  <testcase classname="io.mosip.testrig.apirig.testscripts.GetWithParam" name="Mimoto_GetAllIssuers_Specific_Issuer_All_Valid_Smoke" time="0.286"/>
  <testcase classname="io.mosip.testrig.apirig.testscripts.GetWithParam" name="Mimoto_GetAllIssuers_Invalid_Issuer_Neg" time="0.481"/>
  <testcase classname="io.mosip.testrig.apirig.testscripts.GetWithParam" name="Mimoto_CredentialsStatus_euin_With_Invalid_RequestId_Neg" time="0.266"/>
  <testcase classname="io.mosip.testrig.apirig.testscripts.GetWithParam" name="Mimoto_GetAllIssuers_All_Valid_Smoke" time="1.112"/>
  <testcase classname="io.mosip.testrig.apirig.testscripts.GetWithParam" name="Mimoto_CredentialsStatus_euin_All_Valid_Smoke" time="1.316"/>
  <testcase classname="io.mosip.testrig.apirig.testscripts.GetWithParam" name="Mimoto_CredentialsStatus_euin_With_VID_All_Valid_Smoke" time="0.975"/>
</testsuite> <!-- io.mosip.testrig.apirig.testscripts.GetWithParam -->
