<?xml version="1.0" encoding="UTF-8"?>
<!-- Generated by org.testng.reporters.JUnitReportReporter -->
<testsuite hostname="Techno-311" failures="0" tests="1" name="io.mosip.testrig.apirig.testscripts.DeleteWithParam" time="0.640" errors="0" timestamp="12 Oct 2023 08:59:10 GMT" skipped="0">
  <testcase classname="io.mosip.testrig.apirig.testscripts.DeleteWithParam" name="IdRepository_DeleteDraft_Smoke_Pos" time="0.640"/>
</testsuite> <!-- io.mosip.testrig.apirig.testscripts.DeleteWithParam -->
