<?xml version="1.0" encoding="UTF-8"?>
<!-- Generated by org.testng.reporters.JUnitReportReporter -->
<testsuite hostname="Techno-311" failures="0" tests="125" name="io.mosip.testscripts.SimplePut" time="93.195" errors="8" timestamp="14 Jul 2023 17:24:05 GMT" skipped="0">
  <testcase classname="io.mosip.testscripts.SimplePut" name="MasterData_UpdateHoliday_Invalid_InputParameter_HolidayName_AboveMaxLen64" time="0.740"/>
  <testcase classname="io.mosip.testscripts.SimplePut" name="MasterData_UpdateHoliday_Invalid_InputParameter_HolidayDate_Missing" time="0.830"/>
  <testcase classname="io.mosip.testscripts.SimplePut" name="MasterData_UpdateHoliday_Invalid_InputParameter_HolidayName_Missing" time="0.708"/>
  <testcase classname="io.mosip.testscripts.SimplePut" name="Masterdata_UpdateBlockListedWords_with_spaces" time="0.751">
    <error message="Failed at output validation" type="io.mosip.admin.fw.util.AdminTestException">
      <![CDATA[io.mosip.admin.fw.util.AdminTestException: Failed at output validation
	at io.mosip.testscripts.SimplePut.test(SimplePut.java:96)
	at jdk.internal.reflect.GeneratedMethodAccessor187.invoke(Unknown Source)
	at java.base/jdk.internal.reflect.DelegatingMethodAccessorImpl.invoke(DelegatingMethodAccessorImpl.java:43)
	at java.base/java.lang.reflect.Method.invoke(Method.java:566)
	at org.testng.internal.MethodInvocationHelper.invokeMethod(MethodInvocationHelper.java:108)
	at org.testng.internal.Invoker.invokeMethod(Invoker.java:661)
	at org.testng.internal.Invoker.invokeTestMethod(Invoker.java:869)
	at org.testng.internal.Invoker.invokeTestMethods(Invoker.java:1193)
	at org.testng.internal.TestMethodWorker.invokeTestMethods(TestMethodWorker.java:126)
	at org.testng.internal.TestMethodWorker.run(TestMethodWorker.java:109)
	at org.testng.TestRunner.privateRun(TestRunner.java:744)
	at org.testng.TestRunner.run(TestRunner.java:602)
	at org.testng.SuiteRunner.runTest(SuiteRunner.java:380)
	at org.testng.SuiteRunner.runSequentially(SuiteRunner.java:375)
	at org.testng.SuiteRunner.privateRun(SuiteRunner.java:340)
	at org.testng.SuiteRunner.run(SuiteRunner.java:289)
	at org.testng.SuiteRunnerWorker.runSuite(SuiteRunnerWorker.java:52)
	at org.testng.SuiteRunnerWorker.run(SuiteRunnerWorker.java:86)
	at org.testng.TestNG.runSuitesSequentially(TestNG.java:1301)
	at org.testng.TestNG.runSuitesLocally(TestNG.java:1226)
	at org.testng.TestNG.runSuites(TestNG.java:1144)
	at org.testng.TestNG.run(TestNG.java:1115)
	at io.mosip.testrunner.MosipTestRunner.startTestRunner(MosipTestRunner.java:161)
	at io.mosip.testrunner.MosipTestRunner.main(MosipTestRunner.java:103)
]]>
    </error>
  </testcase> <!-- Masterdata_UpdateBlockListedWords_with_spaces -->
  <testcase classname="io.mosip.testscripts.SimplePut" name="MasterData_UpdateDeviceType_InputParameter_Name_Missing" time="0.764"/>
  <testcase classname="io.mosip.testscripts.SimplePut" name="Masterdata_UpdateBlockListedWordDetails_eng_All_Valid_Smoke" time="0.717">
    <error message="Failed at output validation" type="io.mosip.admin.fw.util.AdminTestException">
      <![CDATA[io.mosip.admin.fw.util.AdminTestException: Failed at output validation
	at io.mosip.testscripts.SimplePut.test(SimplePut.java:96)
	at jdk.internal.reflect.GeneratedMethodAccessor187.invoke(Unknown Source)
	at java.base/jdk.internal.reflect.DelegatingMethodAccessorImpl.invoke(DelegatingMethodAccessorImpl.java:43)
	at java.base/java.lang.reflect.Method.invoke(Method.java:566)
	at org.testng.internal.MethodInvocationHelper.invokeMethod(MethodInvocationHelper.java:108)
	at org.testng.internal.Invoker.invokeMethod(Invoker.java:661)
	at org.testng.internal.Invoker.invokeTestMethod(Invoker.java:869)
	at org.testng.internal.Invoker.invokeTestMethods(Invoker.java:1193)
	at org.testng.internal.TestMethodWorker.invokeTestMethods(TestMethodWorker.java:126)
	at org.testng.internal.TestMethodWorker.run(TestMethodWorker.java:109)
	at org.testng.TestRunner.privateRun(TestRunner.java:744)
	at org.testng.TestRunner.run(TestRunner.java:602)
	at org.testng.SuiteRunner.runTest(SuiteRunner.java:380)
	at org.testng.SuiteRunner.runSequentially(SuiteRunner.java:375)
	at org.testng.SuiteRunner.privateRun(SuiteRunner.java:340)
	at org.testng.SuiteRunner.run(SuiteRunner.java:289)
	at org.testng.SuiteRunnerWorker.runSuite(SuiteRunnerWorker.java:52)
	at org.testng.SuiteRunnerWorker.run(SuiteRunnerWorker.java:86)
	at org.testng.TestNG.runSuitesSequentially(TestNG.java:1301)
	at org.testng.TestNG.runSuitesLocally(TestNG.java:1226)
	at org.testng.TestNG.runSuites(TestNG.java:1144)
	at org.testng.TestNG.run(TestNG.java:1115)
	at io.mosip.testrunner.MosipTestRunner.startTestRunner(MosipTestRunner.java:161)
	at io.mosip.testrunner.MosipTestRunner.main(MosipTestRunner.java:103)
]]>
    </error>
  </testcase> <!-- Masterdata_UpdateBlockListedWordDetails_eng_All_Valid_Smoke -->
  <testcase classname="io.mosip.testscripts.SimplePut" name="Masterdata_UpdateBlockListedWords_Invalid_EmptyWord" time="0.719"/>
  <testcase classname="io.mosip.testscripts.SimplePut" name="MasterData_UpdateRegistrationCenter_allValid_smoke" time="0.905"/>
  <testcase classname="io.mosip.testscripts.SimplePut" name="Masterdata_UpdateMachineSpecification_InputParameter_MinDriverversion_Empty" time="0.733"/>
  <testcase classname="io.mosip.testscripts.SimplePut" name="Masterdata_UpdateBlockListedWords_inValid_descriptionBlank" time="0.743"/>
  <testcase classname="io.mosip.testscripts.SimplePut" name="Masterdata_UpdateMachine_inValid_SerialNumber_AboveMaxLen64" time="0.711"/>
  <testcase classname="io.mosip.testscripts.SimplePut" name="Masterdata_UpdateMachineSpecification_InputParameter_machineTypeCode_AboveMaxLen36" time="0.738"/>
  <testcase classname="io.mosip.testscripts.SimplePut" name="MasterData_UpdateDevice_Invalid_IPAddress_AboveMaxLen17" time="0.707"/>
  <testcase classname="io.mosip.testscripts.SimplePut" name="Masterdata_UpdateMachineSpecification_InputParameter_Model_Empty" time="0.724"/>
  <testcase classname="io.mosip.testscripts.SimplePut" name="Masterdata_UpdateMachineType_InputParameter_Description_AboveMaxLen128" time="0.845"/>
  <testcase classname="io.mosip.testscripts.SimplePut" name="MasterData_UpdateDeviceSpecification_InputParameter_DeviceTypeCode_AboveMaxLen36" time="0.708"/>
  <testcase classname="io.mosip.testscripts.SimplePut" name="Masterdata_UpdateMachineSpecification_InputParameter_machineTypeCode_Empty" time="0.724"/>
  <testcase classname="io.mosip.testscripts.SimplePut" name="Masterdata_UpdateMachine_Invalid_Machine_Name_Blank" time="0.700"/>
  <testcase classname="io.mosip.testscripts.SimplePut" name="Masterdata_UpdateMachine_inValid_MSpecID_AboveMaxLen36" time="0.805"/>
  <testcase classname="io.mosip.testscripts.SimplePut" name="Masterdata_UpdateMachineType_Invalid_InputParameter_Code_Empty" time="0.719"/>
  <testcase classname="io.mosip.testscripts.SimplePut" name="MasterData_UpdateDevice_Invalid_Zone_Code_Blank" time="0.740"/>
  <testcase classname="io.mosip.testscripts.SimplePut" name="MasterData_UpdateDeviceSpecification_InputParameter_MinDriverversion_Missing" time="0.694"/>
  <testcase classname="io.mosip.testscripts.SimplePut" name="MasterData_UpdateRegCenterType_InputParameter_isActive_Missing" time="0.832"/>
  <testcase classname="io.mosip.testscripts.SimplePut" name="Masterdata_UpdateMachineType_InputParameter_Name_Empty" time="0.732"/>
  <testcase classname="io.mosip.testscripts.SimplePut" name="MasterData_UpdateHoliday_All_Valid_Smoke" time="0.750">
    <error message="Failed at output validation" type="io.mosip.admin.fw.util.AdminTestException">
      <![CDATA[io.mosip.admin.fw.util.AdminTestException: Failed at output validation
	at io.mosip.testscripts.SimplePut.test(SimplePut.java:96)
	at jdk.internal.reflect.GeneratedMethodAccessor187.invoke(Unknown Source)
	at java.base/jdk.internal.reflect.DelegatingMethodAccessorImpl.invoke(DelegatingMethodAccessorImpl.java:43)
	at java.base/java.lang.reflect.Method.invoke(Method.java:566)
	at org.testng.internal.MethodInvocationHelper.invokeMethod(MethodInvocationHelper.java:108)
	at org.testng.internal.Invoker.invokeMethod(Invoker.java:661)
	at org.testng.internal.Invoker.invokeTestMethod(Invoker.java:869)
	at org.testng.internal.Invoker.invokeTestMethods(Invoker.java:1193)
	at org.testng.internal.TestMethodWorker.invokeTestMethods(TestMethodWorker.java:126)
	at org.testng.internal.TestMethodWorker.run(TestMethodWorker.java:109)
	at org.testng.TestRunner.privateRun(TestRunner.java:744)
	at org.testng.TestRunner.run(TestRunner.java:602)
	at org.testng.SuiteRunner.runTest(SuiteRunner.java:380)
	at org.testng.SuiteRunner.runSequentially(SuiteRunner.java:375)
	at org.testng.SuiteRunner.privateRun(SuiteRunner.java:340)
	at org.testng.SuiteRunner.run(SuiteRunner.java:289)
	at org.testng.SuiteRunnerWorker.runSuite(SuiteRunnerWorker.java:52)
	at org.testng.SuiteRunnerWorker.run(SuiteRunnerWorker.java:86)
	at org.testng.TestNG.runSuitesSequentially(TestNG.java:1301)
	at org.testng.TestNG.runSuitesLocally(TestNG.java:1226)
	at org.testng.TestNG.runSuites(TestNG.java:1144)
	at org.testng.TestNG.run(TestNG.java:1115)
	at io.mosip.testrunner.MosipTestRunner.startTestRunner(MosipTestRunner.java:161)
	at io.mosip.testrunner.MosipTestRunner.main(MosipTestRunner.java:103)
]]>
    </error>
  </testcase> <!-- MasterData_UpdateHoliday_All_Valid_Smoke -->
  <testcase classname="io.mosip.testscripts.SimplePut" name="MasterData_UpdateRegCenterType_InputParameter_Name_AboveMaxLen64" time="0.747"/>
  <testcase classname="io.mosip.testscripts.SimplePut" name="MasterData_UpdateDevice_Invalid_DSpecID_AboveMaxLen36" time="0.795"/>
  <testcase classname="io.mosip.testscripts.SimplePut" name="Masterdata_UpdateMachine_All_Valid_Smoke" time="0.971">
    <error message="Failed at output validation" type="io.mosip.admin.fw.util.AdminTestException">
      <![CDATA[io.mosip.admin.fw.util.AdminTestException: Failed at output validation
	at io.mosip.testscripts.SimplePut.test(SimplePut.java:96)
	at jdk.internal.reflect.GeneratedMethodAccessor187.invoke(Unknown Source)
	at java.base/jdk.internal.reflect.DelegatingMethodAccessorImpl.invoke(DelegatingMethodAccessorImpl.java:43)
	at java.base/java.lang.reflect.Method.invoke(Method.java:566)
	at org.testng.internal.MethodInvocationHelper.invokeMethod(MethodInvocationHelper.java:108)
	at org.testng.internal.Invoker.invokeMethod(Invoker.java:661)
	at org.testng.internal.Invoker.invokeTestMethod(Invoker.java:869)
	at org.testng.internal.Invoker.invokeTestMethods(Invoker.java:1193)
	at org.testng.internal.TestMethodWorker.invokeTestMethods(TestMethodWorker.java:126)
	at org.testng.internal.TestMethodWorker.run(TestMethodWorker.java:109)
	at org.testng.TestRunner.privateRun(TestRunner.java:744)
	at org.testng.TestRunner.run(TestRunner.java:602)
	at org.testng.SuiteRunner.runTest(SuiteRunner.java:380)
	at org.testng.SuiteRunner.runSequentially(SuiteRunner.java:375)
	at org.testng.SuiteRunner.privateRun(SuiteRunner.java:340)
	at org.testng.SuiteRunner.run(SuiteRunner.java:289)
	at org.testng.SuiteRunnerWorker.runSuite(SuiteRunnerWorker.java:52)
	at org.testng.SuiteRunnerWorker.run(SuiteRunnerWorker.java:86)
	at org.testng.TestNG.runSuitesSequentially(TestNG.java:1301)
	at org.testng.TestNG.runSuitesLocally(TestNG.java:1226)
	at org.testng.TestNG.runSuites(TestNG.java:1144)
	at org.testng.TestNG.run(TestNG.java:1115)
	at io.mosip.testrunner.MosipTestRunner.startTestRunner(MosipTestRunner.java:161)
	at io.mosip.testrunner.MosipTestRunner.main(MosipTestRunner.java:103)
]]>
    </error>
  </testcase> <!-- Masterdata_UpdateMachine_All_Valid_Smoke -->
  <testcase classname="io.mosip.testscripts.SimplePut" name="MasterData_UpdateDevice_Invalid_Device_Zone_notPresentInDB" time="0.784"/>
  <testcase classname="io.mosip.testscripts.SimplePut" name="MasterData_UpdateDocumentCategory_Valid_Smoke" time="0.811">
    <error message="Failed at output validation" type="io.mosip.admin.fw.util.AdminTestException">
      <![CDATA[io.mosip.admin.fw.util.AdminTestException: Failed at output validation
	at io.mosip.testscripts.SimplePut.test(SimplePut.java:96)
	at jdk.internal.reflect.GeneratedMethodAccessor187.invoke(Unknown Source)
	at java.base/jdk.internal.reflect.DelegatingMethodAccessorImpl.invoke(DelegatingMethodAccessorImpl.java:43)
	at java.base/java.lang.reflect.Method.invoke(Method.java:566)
	at org.testng.internal.MethodInvocationHelper.invokeMethod(MethodInvocationHelper.java:108)
	at org.testng.internal.Invoker.invokeMethod(Invoker.java:661)
	at org.testng.internal.Invoker.invokeTestMethod(Invoker.java:869)
	at org.testng.internal.Invoker.invokeTestMethods(Invoker.java:1193)
	at org.testng.internal.TestMethodWorker.invokeTestMethods(TestMethodWorker.java:126)
	at org.testng.internal.TestMethodWorker.run(TestMethodWorker.java:109)
	at org.testng.TestRunner.privateRun(TestRunner.java:744)
	at org.testng.TestRunner.run(TestRunner.java:602)
	at org.testng.SuiteRunner.runTest(SuiteRunner.java:380)
	at org.testng.SuiteRunner.runSequentially(SuiteRunner.java:375)
	at org.testng.SuiteRunner.privateRun(SuiteRunner.java:340)
	at org.testng.SuiteRunner.run(SuiteRunner.java:289)
	at org.testng.SuiteRunnerWorker.runSuite(SuiteRunnerWorker.java:52)
	at org.testng.SuiteRunnerWorker.run(SuiteRunnerWorker.java:86)
	at org.testng.TestNG.runSuitesSequentially(TestNG.java:1301)
	at org.testng.TestNG.runSuitesLocally(TestNG.java:1226)
	at org.testng.TestNG.runSuites(TestNG.java:1144)
	at org.testng.TestNG.run(TestNG.java:1115)
	at io.mosip.testrunner.MosipTestRunner.startTestRunner(MosipTestRunner.java:161)
	at io.mosip.testrunner.MosipTestRunner.main(MosipTestRunner.java:103)
]]>
    </error>
  </testcase> <!-- MasterData_UpdateDocumentCategory_Valid_Smoke -->
  <testcase classname="io.mosip.testscripts.SimplePut" name="MasterData_UpdateDeviceSpecification_InputParameter_Brand_Missing" time="0.734"/>
  <testcase classname="io.mosip.testscripts.SimplePut" name="MasterData_UpdateHoliday_Invalid_InputParameter_HolidayDate_Empty" time="0.721"/>
  <testcase classname="io.mosip.testscripts.SimplePut" name="MasterData_UpdateDocumentType_Invalid_Descr_Char129" time="0.754"/>
  <testcase classname="io.mosip.testscripts.SimplePut" name="Masterdata_UpdateMachineSpecification_InputParameter_machineTypeCode_Missing" time="0.724"/>
  <testcase classname="io.mosip.testscripts.SimplePut" name="Masterdata_UpdateBlockListedWords_Invalid_BlocklistedWordsLength129" time="0.716"/>
  <testcase classname="io.mosip.testscripts.SimplePut" name="MasterData_UpdateDocumentType_Invalid_Code_Blank" time="0.779"/>
  <testcase classname="io.mosip.testscripts.SimplePut" name="Masterdata_UpdateMachineSpecification_InputParameter_Brand_Empty" time="0.705"/>
  <testcase classname="io.mosip.testscripts.SimplePut" name="Masterdata_UpdateMachineSpecification_InputParameter_MinDriverversion_AboveMaxLen16" time="0.704"/>
  <testcase classname="io.mosip.testscripts.SimplePut" name="MasterData_UpdateHoliday_Invalid_HolidayDate_Format" time="0.706"/>
  <testcase classname="io.mosip.testscripts.SimplePut" name="Masterdata_UpdateMachineSpecification_InputParameter_Name_Missing" time="0.733"/>
  <testcase classname="io.mosip.testscripts.SimplePut" name="Masterdata_UpdateMachineSpecification_InputParameter_MinDriverversion_Missing" time="0.739"/>
  <testcase classname="io.mosip.testscripts.SimplePut" name="MasterData_UpdateDocumentCategory_Invalid_InputParameter_Code_AboveMaxLen36" time="0.721"/>
  <testcase classname="io.mosip.testscripts.SimplePut" name="Masterdata_UpdateMachineSpecification_All_Valid_Smoke" time="0.776"/>
  <testcase classname="io.mosip.testscripts.SimplePut" name="MasterData_UpdateDeviceSpecification_InputParameter_Name_Empty" time="0.717"/>
  <testcase classname="io.mosip.testscripts.SimplePut" name="MasterData_UpdateDeviceType_All_Valid_Mandatory_Fields" time="0.856"/>
  <testcase classname="io.mosip.testscripts.SimplePut" name="Masterdata_UpdateBlockListedWords_Valid_WordLength128" time="0.703"/>
  <testcase classname="io.mosip.testscripts.SimplePut" name="Masterdata_UpdateMachineSpecification_InputParameter_Name_Empty" time="0.732"/>
  <testcase classname="io.mosip.testscripts.SimplePut" name="MasterData_UpdateDeviceSpecification_InputParameter_Model_AboveMaxLen16" time="0.712"/>
  <testcase classname="io.mosip.testscripts.SimplePut" name="MasterData_UpdateHoliday_Invalid_InputParameter_LocationCode_NotInDB" time="0.738"/>
  <testcase classname="io.mosip.testscripts.SimplePut" name="MasterData_UpdateDeviceSpecification_InputParameter_Name_AboveMaxLen64" time="0.737"/>
  <testcase classname="io.mosip.testscripts.SimplePut" name="MasterData_UpdateDocumentCategory_Invalid_InputParameter_Name_Empty" time="0.766"/>
  <testcase classname="io.mosip.testscripts.SimplePut" name="Masterdata_UpdateBlockListedWords_inValid_descriptionBlank" time="0.819"/>
  <testcase classname="io.mosip.testscripts.SimplePut" name="Masterdata_UpdateMachineType_InputParameter_Name_Missing" time="0.751"/>
  <testcase classname="io.mosip.testscripts.SimplePut" name="MasterData_UpdateDeviceSpecification_InputParameter_MinDriverversion_AboveMaxLen16" time="0.709"/>
  <testcase classname="io.mosip.testscripts.SimplePut" name="MasterData_UpdateDeviceSpecification_InputParameter_Name_Missing" time="0.704"/>
  <testcase classname="io.mosip.testscripts.SimplePut" name="Masterdata_UpdateMachineSpecification_InputParameter_Brand_AboveMaxLen32" time="0.727"/>
  <testcase classname="io.mosip.testscripts.SimplePut" name="Masterdata_UpdateMachine_Invalid_MAC_Address_Blank" time="0.719"/>
  <testcase classname="io.mosip.testscripts.SimplePut" name="MasterData_UpdateDevice_Invalid_InputParameterInvalid_Format" time="0.762"/>
  <testcase classname="io.mosip.testscripts.SimplePut" name="MasterData_UpdateDeviceSpecification_InputParameter_DeviceTypeCode_Empty" time="0.753"/>
  <testcase classname="io.mosip.testscripts.SimplePut" name="MasterData_CreateRegCenter_Invalid_HolidayLocationCode_blank_eng" time="0.740"/>
  <testcase classname="io.mosip.testscripts.SimplePut" name="MasterData_UpdateDocumentCategory_Invalid_InputParameter_Code_Missing" time="0.727"/>
  <testcase classname="io.mosip.testscripts.SimplePut" name="MasterData_UpdateRegCenterType_InputParameter_Name_Missing" time="0.720"/>
  <testcase classname="io.mosip.testscripts.SimplePut" name="Masterdata_UpdateMachine_inValid_MacAddress_AboveMaxLen64" time="0.746"/>
  <testcase classname="io.mosip.testscripts.SimplePut" name="MasterData_UpdateDeviceSpecification_InputParameter_Description_AboveMaxLen256" time="0.697"/>
  <testcase classname="io.mosip.testscripts.SimplePut" name="MasterData_UpdateDocumentCategory_Invalid_InputParameter_Name_Missing" time="0.705"/>
  <testcase classname="io.mosip.testscripts.SimplePut" name="Masterdata_UpdateMachine_inValid_MachineName_AboveMaxLen64" time="0.733"/>
  <testcase classname="io.mosip.testscripts.SimplePut" name="MasterData_UpdateDeviceType_InputParameter_Name_Empty" time="0.739"/>
  <testcase classname="io.mosip.testscripts.SimplePut" name="MasterData_UpdateDeviceType_InputParameter_Code_Missing" time="0.720"/>
  <testcase classname="io.mosip.testscripts.SimplePut" name="MasterData_UpdateDeviceType_InputParameter_Code_Empty" time="0.711"/>
  <testcase classname="io.mosip.testscripts.SimplePut" name="MasterData_UpdateRegistrationCenterLang_Smoke" time="0.792"/>
  <testcase classname="io.mosip.testscripts.SimplePut" name="MasterData_UpdateDeviceType_All_Valid_Smoke" time="0.826"/>
  <testcase classname="io.mosip.testscripts.SimplePut" name="Masterdata_UpdateMachine_Invalid_validitydate_Format" time="0.737"/>
  <testcase classname="io.mosip.testscripts.SimplePut" name="MasterData_UpdateDeviceType_InputParameter_Description_AboveMaxLen128" time="0.751"/>
  <testcase classname="io.mosip.testscripts.SimplePut" name="MasterData_UpdateDeviceSpecification_InputParameter_Brand_AboveMaxLen32" time="0.682"/>
  <testcase classname="io.mosip.testscripts.SimplePut" name="MasterData_UpdateDevice_Invalid_MAC_Address_Blank" time="0.760"/>
  <testcase classname="io.mosip.testscripts.SimplePut" name="MasterData_UpdateDocumentCategory_All_Valid_Mandatory_Fields" time="0.758"/>
  <testcase classname="io.mosip.testscripts.SimplePut" name="Masterdata_UpdateMachineSpecification_InputParameter_Brand_Missing" time="0.701"/>
  <testcase classname="io.mosip.testscripts.SimplePut" name="MasterData_UpdateDeviceType_InputParameter_Code_AboveMaxLen36" time="0.795"/>
  <testcase classname="io.mosip.testscripts.SimplePut" name="Masterdata_UpdateMachine_Invalid_Zone_nonAccessable" time="0.759"/>
  <testcase classname="io.mosip.testscripts.SimplePut" name="MasterData_UpdateDocumentCategory_Invalid_InputParameter_Name_AboveMaxLen64" time="0.716"/>
  <testcase classname="io.mosip.testscripts.SimplePut" name="Masterdata_UpdateMachineType_Invalid_InputParameter_Code_Missing" time="0.802"/>
  <testcase classname="io.mosip.testscripts.SimplePut" name="Masterdata_UpdateMachine_Invalid_Zone_Code_Blank" time="0.747"/>
  <testcase classname="io.mosip.testscripts.SimplePut" name="MasterData_UpdateHoliday_Invalid_InputParameter_LocationCode_Missing" time="0.931"/>
  <testcase classname="io.mosip.testscripts.SimplePut" name="Masterdata_UpdateMachineType_All_Valid_Smoke" time="0.814"/>
  <testcase classname="io.mosip.testscripts.SimplePut" name="Masterdata_UpdateBlockListedWords_All_Valid_Smoke" time="0.753">
    <error message="Failed at output validation" type="io.mosip.admin.fw.util.AdminTestException">
      <![CDATA[io.mosip.admin.fw.util.AdminTestException: Failed at output validation
	at io.mosip.testscripts.SimplePut.test(SimplePut.java:96)
	at jdk.internal.reflect.GeneratedMethodAccessor187.invoke(Unknown Source)
	at java.base/jdk.internal.reflect.DelegatingMethodAccessorImpl.invoke(DelegatingMethodAccessorImpl.java:43)
	at java.base/java.lang.reflect.Method.invoke(Method.java:566)
	at org.testng.internal.MethodInvocationHelper.invokeMethod(MethodInvocationHelper.java:108)
	at org.testng.internal.Invoker.invokeMethod(Invoker.java:661)
	at org.testng.internal.Invoker.invokeTestMethod(Invoker.java:869)
	at org.testng.internal.Invoker.invokeTestMethods(Invoker.java:1193)
	at org.testng.internal.TestMethodWorker.invokeTestMethods(TestMethodWorker.java:126)
	at org.testng.internal.TestMethodWorker.run(TestMethodWorker.java:109)
	at org.testng.TestRunner.privateRun(TestRunner.java:744)
	at org.testng.TestRunner.run(TestRunner.java:602)
	at org.testng.SuiteRunner.runTest(SuiteRunner.java:380)
	at org.testng.SuiteRunner.runSequentially(SuiteRunner.java:375)
	at org.testng.SuiteRunner.privateRun(SuiteRunner.java:340)
	at org.testng.SuiteRunner.run(SuiteRunner.java:289)
	at org.testng.SuiteRunnerWorker.runSuite(SuiteRunnerWorker.java:52)
	at org.testng.SuiteRunnerWorker.run(SuiteRunnerWorker.java:86)
	at org.testng.TestNG.runSuitesSequentially(TestNG.java:1301)
	at org.testng.TestNG.runSuitesLocally(TestNG.java:1226)
	at org.testng.TestNG.runSuites(TestNG.java:1144)
	at org.testng.TestNG.run(TestNG.java:1115)
	at io.mosip.testrunner.MosipTestRunner.startTestRunner(MosipTestRunner.java:161)
	at io.mosip.testrunner.MosipTestRunner.main(MosipTestRunner.java:103)
]]>
    </error>
  </testcase> <!-- Masterdata_UpdateBlockListedWords_All_Valid_Smoke -->
  <testcase classname="io.mosip.testscripts.SimplePut" name="MasterData_UpdateDeviceSpecification_InputParameter_Model_Missing" time="0.743"/>
  <testcase classname="io.mosip.testscripts.SimplePut" name="MasterData_UpdateDocumentType_Invalid_Name_Char65" time="0.724"/>
  <testcase classname="io.mosip.testscripts.SimplePut" name="MasterData_UpdateDeviceSpecification_InputParameter_Invalid_DeviceTypeCode" time="0.737"/>
  <testcase classname="io.mosip.testscripts.SimplePut" name="Masterdata_UpdateMachineSpecification_InputParameter_Description_AboveMaxLen256" time="0.764"/>
  <testcase classname="io.mosip.testscripts.SimplePut" name="MasterData_UpdateRegCenterType_InputParameter_Name_Empty" time="0.734"/>
  <testcase classname="io.mosip.testscripts.SimplePut" name="Masterdata_UpdateMachineSpecification_InputParameter_Model_AboveMaxLen16" time="0.710"/>
  <testcase classname="io.mosip.testscripts.SimplePut" name="MasterData_UpdateHoliday_Invalid_InputParameter_LocationCode_AboveMaxLen128" time="0.725"/>
  <testcase classname="io.mosip.testscripts.SimplePut" name="MasterData_UpdateDeviceSpecification_InputParameter_MinDriverversion_Empty" time="0.710"/>
  <testcase classname="io.mosip.testscripts.SimplePut" name="MasterData_CreateRegCenter_Invalid_latitude_eng" time="0.884"/>
  <testcase classname="io.mosip.testscripts.SimplePut" name="MasterData_UpdateDeviceType_InputParameter_Name_AboveMaxLen64" time="0.781"/>
  <testcase classname="io.mosip.testscripts.SimplePut" name="MasterData_UpdateRegistrationCenterNonLanguage_Smoke" time="0.797"/>
  <testcase classname="io.mosip.testscripts.SimplePut" name="Masterdata_UpdateMachine_Invalid_Machine_Zone" time="0.733"/>
  <testcase classname="io.mosip.testscripts.SimplePut" name="MasterData_UpdateDeviceSpecification_InputParameter_DeviceTypeCode_Missing" time="0.774"/>
  <testcase classname="io.mosip.testscripts.SimplePut" name="MasterData_UpdateDocumentCategory_Invalid_InputParameter_Code_Empty" time="0.846"/>
  <testcase classname="io.mosip.testscripts.SimplePut" name="MasterData_UpdateDeviceSpecification_InputParameter_Model_Empty" time="0.711"/>
  <testcase classname="io.mosip.testscripts.SimplePut" name="Masterdata_UpdateMachineSpecification_InputParameter_Invalid_machineTypeCode" time="0.769"/>
  <testcase classname="io.mosip.testscripts.SimplePut" name="Masterdata_UpdateMachineType_InputParameter_Name_AboveMaxLen64" time="0.725"/>
  <testcase classname="io.mosip.testscripts.SimplePut" name="MasterData_UpdateDevice_Invalid_SerialNumber_AboveMaxLen64" time="0.713"/>
  <testcase classname="io.mosip.testscripts.SimplePut" name="MasterData_UpdateDocumentType_Valid_Smoke" time="0.769"/>
  <testcase classname="io.mosip.testscripts.SimplePut" name="Masterdata_CreateBlockListedWords_Invalid_DescriptionLength257" time="0.802"/>
  <testcase classname="io.mosip.testscripts.SimplePut" name="Masterdata_CreateBlockListedWords_Invalid_BlocklistedWordsLength129" time="0.702"/>
  <testcase classname="io.mosip.testscripts.SimplePut" name="Masterdata_UpdateBlockListedWords_Invalid_DescriptionLength257" time="0.667"/>
  <testcase classname="io.mosip.testscripts.SimplePut" name="MasterData_UpdateDevice_All_Valid_Smoke_sid" time="0.873"/>
  <testcase classname="io.mosip.testscripts.SimplePut" name="MasterData_UpdateDocumentType_Invalid_Name_Blank" time="0.751"/>
  <testcase classname="io.mosip.testscripts.SimplePut" name="Masterdata_UpdateMachineSpecification_InputParameter_Name_AboveMaxLen64" time="0.729"/>
  <testcase classname="io.mosip.testscripts.SimplePut" name="MasterData_CreateRegCenter_Invalid_latitude_blank_eng" time="0.801"/>
  <testcase classname="io.mosip.testscripts.SimplePut" name="MasterData_UpdateRegCenterType_All_Valid_Smoke" time="0.816">
    <error message="Failed at output validation" type="io.mosip.admin.fw.util.AdminTestException">
      <![CDATA[io.mosip.admin.fw.util.AdminTestException: Failed at output validation
	at io.mosip.testscripts.SimplePut.test(SimplePut.java:96)
	at jdk.internal.reflect.GeneratedMethodAccessor187.invoke(Unknown Source)
	at java.base/jdk.internal.reflect.DelegatingMethodAccessorImpl.invoke(DelegatingMethodAccessorImpl.java:43)
	at java.base/java.lang.reflect.Method.invoke(Method.java:566)
	at org.testng.internal.MethodInvocationHelper.invokeMethod(MethodInvocationHelper.java:108)
	at org.testng.internal.Invoker.invokeMethod(Invoker.java:661)
	at org.testng.internal.Invoker.invokeTestMethod(Invoker.java:869)
	at org.testng.internal.Invoker.invokeTestMethods(Invoker.java:1193)
	at org.testng.internal.TestMethodWorker.invokeTestMethods(TestMethodWorker.java:126)
	at org.testng.internal.TestMethodWorker.run(TestMethodWorker.java:109)
	at org.testng.TestRunner.privateRun(TestRunner.java:744)
	at org.testng.TestRunner.run(TestRunner.java:602)
	at org.testng.SuiteRunner.runTest(SuiteRunner.java:380)
	at org.testng.SuiteRunner.runSequentially(SuiteRunner.java:375)
	at org.testng.SuiteRunner.privateRun(SuiteRunner.java:340)
	at org.testng.SuiteRunner.run(SuiteRunner.java:289)
	at org.testng.SuiteRunnerWorker.runSuite(SuiteRunnerWorker.java:52)
	at org.testng.SuiteRunnerWorker.run(SuiteRunnerWorker.java:86)
	at org.testng.TestNG.runSuitesSequentially(TestNG.java:1301)
	at org.testng.TestNG.runSuitesLocally(TestNG.java:1226)
	at org.testng.TestNG.runSuites(TestNG.java:1144)
	at org.testng.TestNG.run(TestNG.java:1115)
	at io.mosip.testrunner.MosipTestRunner.startTestRunner(MosipTestRunner.java:161)
	at io.mosip.testrunner.MosipTestRunner.main(MosipTestRunner.java:103)
]]>
    </error>
  </testcase> <!-- MasterData_UpdateRegCenterType_All_Valid_Smoke -->
  <testcase classname="io.mosip.testscripts.SimplePut" name="Masterdata_UpdateMachine_inValid_IPAddress_AboveMaxLen17" time="0.692"/>
  <testcase classname="io.mosip.testscripts.SimplePut" name="Masterdata_CreateBlockListedWords_Invalid_EmptyWord" time="0.727"/>
  <testcase classname="io.mosip.testscripts.SimplePut" name="MasterData_UpdateDevice_Invalid_Machine_Name_Blank" time="0.708"/>
  <testcase classname="io.mosip.testscripts.SimplePut" name="MasterData_UpdateDeviceSpecification_All_Valid_Smoke" time="0.008">
    <error type="java.lang.NullPointerException">
      <![CDATA[java.lang.NullPointerException
]]>
    </error>
  </testcase> <!-- MasterData_UpdateDeviceSpecification_All_Valid_Smoke -->
  <testcase classname="io.mosip.testscripts.SimplePut" name="MasterData_UpdateDevice_Invalid_MacAddress_AboveMaxLen64" time="0.743"/>
  <testcase classname="io.mosip.testscripts.SimplePut" name="MasterData_UpdateDevice_Invalid_DeviceName_AboveMaxLen64" time="0.727"/>
  <testcase classname="io.mosip.testscripts.SimplePut" name="MasterData_UpdateDocumentType_Invalid_Code_Char37" time="0.692"/>
  <testcase classname="io.mosip.testscripts.SimplePut" name="Masterdata_UpdateMachineSpecification_InputParameter_Model_Missing" time="0.819"/>
  <testcase classname="io.mosip.testscripts.SimplePut" name="MasterData_UpdateRegCenterType_InputParameter_Description_AboveMaxLen256" time="0.780"/>
  <testcase classname="io.mosip.testscripts.SimplePut" name="MasterData_UpdateDeviceSpecification_InputParameter_Brand_Empty" time="0.713"/>
  <testcase classname="io.mosip.testscripts.SimplePut" name="MasterData_UpdateDevice_Valid_Smoke_decommison_sid" time="0.778"/>
  <testcase classname="io.mosip.testscripts.SimplePut" name="MasterData_UpdateDevice_Invalid_Serial_Number_Blank" time="0.743"/>
  <testcase classname="io.mosip.testscripts.SimplePut" name="MasterData_UpdateDocumentCategory_Invalid_InputParameter_Description_AboveMaxLen128" time="0.749"/>
</testsuite> <!-- io.mosip.testscripts.SimplePut -->
