<?xml version="1.0" encoding="UTF-8"?>
<!-- Generated by org.testng.reporters.JUnitReportReporter -->
<testsuite hostname="Techno-311" failures="0" tests="18" name="io.mosip.testscripts.CreatePreReg" time="40.080" errors="0" timestamp="14 Jul 2023 16:31:12 GMT" skipped="0">
  <testcase classname="io.mosip.testscripts.CreatePreReg" name="Prereg_CreatePrereg_Smoke_CancelApplicationsAppointment_sid" time="2.179"/>
  <testcase classname="io.mosip.testscripts.CreatePreReg" name="Prereg_CreatePrereg_invalid_version_sid" time="1.946"/>
  <testcase classname="io.mosip.testscripts.CreatePreReg" name="Prereg_CreatePrereg_All_Valid_Smoke_BookByPRID_sid" time="2.119"/>
  <testcase classname="io.mosip.testscripts.CreatePreReg" name="Prereg_CreatePrereg_Smoke_CancellAppointment_sid" time="2.313"/>
  <testcase classname="io.mosip.testscripts.CreatePreReg" name="Prereg_CreatePrereg_All_Valid_Smoke_sid" time="4.549"/>
  <testcase classname="io.mosip.testscripts.CreatePreReg" name="Prereg_CreatePrereg_in_Valid_id_sid" time="1.900"/>
  <testcase classname="io.mosip.testscripts.CreatePreReg" name="Prereg_CreatePrereg_invalid_requesttime_format_sid" time="1.794"/>
  <testcase classname="io.mosip.testscripts.CreatePreReg" name="Prereg_CreatePrereg_Smoke_alldel_sid" time="2.889"/>
  <testcase classname="io.mosip.testscripts.CreatePreReg" name="Prereg_CreatePrereg_missing_id_sid" time="2.018"/>
  <testcase classname="io.mosip.testscripts.CreatePreReg" name="Prereg_CreatePrereg_blank_id_sid" time="1.951"/>
  <testcase classname="io.mosip.testscripts.CreatePreReg" name="Prereg_CreatePrereg_Valid_Smoke_sid" time="2.234"/>
  <testcase classname="io.mosip.testscripts.CreatePreReg" name="Prereg_CreatePrereg_missing_version_sid" time="1.697"/>
  <testcase classname="io.mosip.testscripts.CreatePreReg" name="Prereg_CreatePrereg_All_Valid_Smoke_UpdateDocRefID_sid" time="2.232"/>
  <testcase classname="io.mosip.testscripts.CreatePreReg" name="Prereg_CreatePrereg_previous_date_sid" time="2.186"/>
  <testcase classname="io.mosip.testscripts.CreatePreReg" name="Prereg_CreatePrereg_missing_langCode_sid" time="2.205"/>
  <testcase classname="io.mosip.testscripts.CreatePreReg" name="Prereg_CreatePrereg_invalid_langCode_sid" time="1.987"/>
  <testcase classname="io.mosip.testscripts.CreatePreReg" name="Prereg_CreatePrereg_invalid_email_sid" time="1.906"/>
  <testcase classname="io.mosip.testscripts.CreatePreReg" name="Prereg_CreatePrereg_missing_requesttime_sid" time="1.975"/>
</testsuite> <!-- io.mosip.testscripts.CreatePreReg -->
