<?xml version="1.0" encoding="UTF-8"?>
<!-- Generated by org.testng.reporters.JUnitReportReporter -->
<testsuite hostname="Techno-311" failures="0" tests="59" name="io.mosip.testscripts.GetWithParam" time="46.416" errors="1" timestamp="14 Jul 2023 17:24:05 GMT" skipped="0">
  <testcase classname="io.mosip.testscripts.GetWithParam" name="MasterData_FetchRegCent_validateTimestamp_invalid_id" time="0.732"/>
  <testcase classname="io.mosip.testscripts.GetWithParam" name="MasterData_FetchAllRegCenterType_valid_smoke" time="0.691"/>
  <testcase classname="io.mosip.testscripts.GetWithParam" name="MasterData_FetchAllMachineType_valid_smoke_langcodeandCode" time="0.720"/>
  <testcase classname="io.mosip.testscripts.GetWithParam" name="MasterData_FetchDocumentTypes_invalid_documentcategorycode_notpresent" time="0.728"/>
  <testcase classname="io.mosip.testscripts.GetWithParam" name="Masterdata_FetchMachine_allValid_smoke_with_regCenterId" time="0.715"/>
  <testcase classname="io.mosip.testscripts.GetWithParam" name="MasterData_FetchRegCent_by_langCode_zoneCode_allValid_smoke" time="0.757"/>
  <testcase classname="io.mosip.testscripts.GetWithParam" name="MasterData_FetchMissingRegCenterDetails_valid_smoke" time="0.710"/>
  <testcase classname="io.mosip.testscripts.GetWithParam" name="MasterData_FetchDevice_allValid_smoke_with_lang" time="0.729"/>
  <testcase classname="io.mosip.testscripts.GetWithParam" name="MasterData_FetchAllDeviceTypes_valid_smoke" time="0.762"/>
  <testcase classname="io.mosip.testscripts.GetWithParam" name="MasterData_FetchRegCent_coordinate_specific_invalid_longitude" time="0.767"/>
  <testcase classname="io.mosip.testscripts.GetWithParam" name="MasterData_FetchRegCent_By_Pagenation_HierarchyLevel_Text_langCode_allValid_smoke" time="0.825"/>
  <testcase classname="io.mosip.testscripts.GetWithParam" name="MasterData_FetchDocumentTypes_invalid_langcode" time="0.733"/>
  <testcase classname="io.mosip.testscripts.GetWithParam" name="MasterData_FetchRegCent_By_HierarchyLevel_Text_langCode_invalid_name" time="0.731"/>
  <testcase classname="io.mosip.testscripts.GetWithParam" name="MasterData_FetchRegCent_Holidays_allValid_smoke" time="0.726"/>
  <testcase classname="io.mosip.testscripts.GetWithParam" name="MasterData_FetchRegCent_By_HierarchyLevel__ListText_langCode_allValid_smoke" time="0.690"/>
  <testcase classname="io.mosip.testscripts.GetWithParam" name="MasterData_FetchDeviceSpec_allValid_smoke_with_lang" time="0.710"/>
  <testcase classname="io.mosip.testscripts.GetWithParam" name="Masterdata_FetchBlockListedWordByLangcode_valid_eng_smoke" time="0.734"/>
  <testcase classname="io.mosip.testscripts.GetWithParam" name="MasterData_FetchRegCent_By_HierarchyLevel_Text_langCode_invalid_hierarchylevel" time="0.742"/>
  <testcase classname="io.mosip.testscripts.GetWithParam" name="MasterData_FetchDevice_invalid_regCentre" time="0.743"/>
  <testcase classname="io.mosip.testscripts.GetWithParam" name="MasterData_FetchAllDeviceTypes_valid_smoke" time="0.776"/>
  <testcase classname="io.mosip.testscripts.GetWithParam" name="MasterData_FetchRegCent_By_zoneCode" time="0.757"/>
  <testcase classname="io.mosip.testscripts.GetWithParam" name="MasterData_FetchDeviceSpec_invalid_devicetypecode_unexisting" time="0.681"/>
  <testcase classname="io.mosip.testscripts.GetWithParam" name="MasterData_FetchRegCent_By_Pagination_HierarchyLevel_Text_langCode_invalid_hierarchylevel" time="0.746"/>
  <testcase classname="io.mosip.testscripts.GetWithParam" name="Masterdata_FetchRegCentHistory_invalid_registrationCenterId" time="0.721"/>
  <testcase classname="io.mosip.testscripts.GetWithParam" name="MasterData_FetchRegCent_By_id_allValid_smoke" time="0.719"/>
  <testcase classname="io.mosip.testscripts.GetWithParam" name="MasterData_FetchRegCent_By_Pagination_HierarchyLevel_Text_langCode_invalid_name" time="0.719"/>
  <testcase classname="io.mosip.testscripts.GetWithParam" name="Masterdata_FetchMachine_inValid_regCenterId" time="0.703"/>
  <testcase classname="io.mosip.testscripts.GetWithParam" name="MasterData_FetchDocumentCategories_invalid_code_notpresent" time="0.720"/>
  <testcase classname="io.mosip.testscripts.GetWithParam" name="MasterData_FetchAllDocumentTypes_valid_smoke_langcodeandCode" time="0.754"/>
  <testcase classname="io.mosip.testscripts.GetWithParam" name="MasterData_FetchDeviceSpec_allValid_smoke_with_lang_and_deviceType" time="0.737"/>
  <testcase classname="io.mosip.testscripts.GetWithParam" name="MasterData_FetchMissingRegCenterTypeDetails_valid_smoke" time="0.731"/>
  <testcase classname="io.mosip.testscripts.GetWithParam" name="MasterData_FetchAllDocumentCategories_valid_smoke_langcodeandCode" time="0.817"/>
  <testcase classname="io.mosip.testscripts.GetWithParam" name="MasterData_FetchRegCent_By_LocationCode_allValid_smoke" time="0.704"/>
  <testcase classname="io.mosip.testscripts.GetWithParam" name="MasterData_FetchDocumentCategories_invalid_langcode" time="0.703"/>
  <testcase classname="io.mosip.testscripts.GetWithParam" name="Masterdata_FetchRegCentHistory_allValid_smoke" time="0.750"/>
  <testcase classname="io.mosip.testscripts.GetWithParam" name="MasterData_FetchRegCent_By_HierarchyLevel_Text_langCode_allValid_smoke" time="0.734"/>
  <testcase classname="io.mosip.testscripts.GetWithParam" name="MasterData_FetchDevice_invalid_deviceType_unexisting" time="0.724"/>
  <testcase classname="io.mosip.testscripts.GetWithParam" name="MasterData_FetchAllRegCent_valid_smoke" time="0.800"/>
  <testcase classname="io.mosip.testscripts.GetWithParam" name="MasterData_FetchRegCent_validateTimestamp_invalid_timestamp" time="0.744"/>
  <testcase classname="io.mosip.testscripts.GetWithParam" name="MasterData_FetchAllDeviceSpec_AllValid_smoke" time="0.709"/>
  <testcase classname="io.mosip.testscripts.GetWithParam" name="Masterdata_GetDeviceHistory_allValid_smoke" time="0.834">
    <error message="Failed at output validation" type="io.mosip.admin.fw.util.AdminTestException">
      <![CDATA[io.mosip.admin.fw.util.AdminTestException: Failed at output validation
	at io.mosip.testscripts.GetWithParam.test(GetWithParam.java:107)
	at jdk.internal.reflect.GeneratedMethodAccessor197.invoke(Unknown Source)
	at java.base/jdk.internal.reflect.DelegatingMethodAccessorImpl.invoke(DelegatingMethodAccessorImpl.java:43)
	at java.base/java.lang.reflect.Method.invoke(Method.java:566)
	at org.testng.internal.MethodInvocationHelper.invokeMethod(MethodInvocationHelper.java:108)
	at org.testng.internal.Invoker.invokeMethod(Invoker.java:661)
	at org.testng.internal.Invoker.invokeTestMethod(Invoker.java:869)
	at org.testng.internal.Invoker.invokeTestMethods(Invoker.java:1193)
	at org.testng.internal.TestMethodWorker.invokeTestMethods(TestMethodWorker.java:126)
	at org.testng.internal.TestMethodWorker.run(TestMethodWorker.java:109)
	at org.testng.TestRunner.privateRun(TestRunner.java:744)
	at org.testng.TestRunner.run(TestRunner.java:602)
	at org.testng.SuiteRunner.runTest(SuiteRunner.java:380)
	at org.testng.SuiteRunner.runSequentially(SuiteRunner.java:375)
	at org.testng.SuiteRunner.privateRun(SuiteRunner.java:340)
	at org.testng.SuiteRunner.run(SuiteRunner.java:289)
	at org.testng.SuiteRunnerWorker.runSuite(SuiteRunnerWorker.java:52)
	at org.testng.SuiteRunnerWorker.run(SuiteRunnerWorker.java:86)
	at org.testng.TestNG.runSuitesSequentially(TestNG.java:1301)
	at org.testng.TestNG.runSuitesLocally(TestNG.java:1226)
	at org.testng.TestNG.runSuites(TestNG.java:1144)
	at org.testng.TestNG.run(TestNG.java:1115)
	at io.mosip.testrunner.MosipTestRunner.startTestRunner(MosipTestRunner.java:161)
	at io.mosip.testrunner.MosipTestRunner.main(MosipTestRunner.java:103)
]]>
    </error>
  </testcase> <!-- Masterdata_GetDeviceHistory_allValid_smoke -->
  <testcase classname="io.mosip.testscripts.GetWithParam" name="MasterData_FetchDocumentTypes_invalid_langcode_notpresent" time="0.715"/>
  <testcase classname="io.mosip.testscripts.GetWithParam" name="MasterData_FetchRegCent_By_zoneCode_invalid_invalid_zonecode" time="0.700"/>
  <testcase classname="io.mosip.testscripts.GetWithParam" name="MasterData_FetchDocumentCategories_valid_smoke_langcode" time="0.819"/>
  <testcase classname="io.mosip.testscripts.GetWithParam" name="MasterData_FetchRegCent_coordinate_specific_allValid_smoke" time="0.814"/>
  <testcase classname="io.mosip.testscripts.GetWithParam" name="Masterdata_FetchBlackListedWord_invalid_langcode" time="0.703"/>
  <testcase classname="io.mosip.testscripts.GetWithParam" name="MasterData_FetchDeviceSpec_allValid_byDeviceTypeCode_smoke" time="0.720"/>
  <testcase classname="io.mosip.testscripts.GetWithParam" name="MasterData_FetchRegCent_by_langCode_zoneCode_InValid_zonecode" time="0.715"/>
  <testcase classname="io.mosip.testscripts.GetWithParam" name="Masterdata_FetchMachine_allValid_smoke" time="1.679"/>
  <testcase classname="io.mosip.testscripts.GetWithParam" name="MasterData_FetchRegCent_validateTimestamp_allValid_smoke" time="0.715"/>
  <testcase classname="io.mosip.testscripts.GetWithParam" name="MasterData_FetchRegCent_allValid_smoke" time="2.641"/>
  <testcase classname="io.mosip.testscripts.GetWithParam" name="MasterData_FetchRegCent_By_LocationCode_invalid_locationcode" time="0.714"/>
  <testcase classname="io.mosip.testscripts.GetWithParam" name="MasterData_FetchRegCent_Holidays_invalid_registrationcenterid" time="0.765"/>
  <testcase classname="io.mosip.testscripts.GetWithParam" name="Masterdata_FetchMachine_allValid_smoke_with_id" time="0.809"/>
  <testcase classname="io.mosip.testscripts.GetWithParam" name="MasterData_FetchRegCent_coordinate_specific_invalid_latitude" time="0.720"/>
  <testcase classname="io.mosip.testscripts.GetWithParam" name="MasterData_FetchDevice_allValid_smoke_with_lang_and_deviceType" time="0.742"/>
  <testcase classname="io.mosip.testscripts.GetWithParam" name="Masterdata_FetchRegCentHistory_invalid_langcode" time="0.756"/>
  <testcase classname="io.mosip.testscripts.GetWithParam" name="Kernel_FetchAllBlockListedWord_valid_smoke" time="0.728"/>
  <testcase classname="io.mosip.testscripts.GetWithParam" name="MasterData_FetchDevice_allValid_smoke_with_regCentre" time="0.733"/>
</testsuite> <!-- io.mosip.testscripts.GetWithParam -->
