<?xml version="1.0" encoding="UTF-8"?>
<!-- Generated by org.testng.reporters.JUnitReportReporter -->
<testsuite hostname="Techno-311" failures="0" tests="1" name="io.mosip.testscripts.PostWithAutogenIdWithOtpGenerate" time="308.266" errors="0" timestamp="28 Apr 2023 06:18:29 GMT" skipped="0">
  <testcase classname="io.mosip.testscripts.PostWithAutogenIdWithOtpGenerate" name="Resident_Generate_Perpetual_VID_Valid_Smoke_sid" time="308.266"/>
</testsuite> <!-- io.mosip.testscripts.PostWithAutogenIdWithOtpGenerate -->
