<?xml version="1.0" encoding="UTF-8"?>
<!-- Generated by org.testng.reporters.JUnitReportReporter -->
<testsuite hostname="Techno-311" failures="0" tests="23" name="io.mosip.testscripts.BookAppoinmentByPrid" time="87.328" errors="10" timestamp="14 Jul 2023 16:31:12 GMT" skipped="0">
  <testcase classname="io.mosip.testscripts.BookAppoinmentByPrid" name="Prereg_BookAppointmentByPRID_blank_preRegistrationId" time="3.940"/>
  <testcase classname="io.mosip.testscripts.BookAppoinmentByPrid" name="Prereg_BookAppointmentByPRID_Invalid_version" time="3.693"/>
  <testcase classname="io.mosip.testscripts.BookAppoinmentByPrid" name="Prereg_BookAppointmentByPRID_Missing_version" time="4.865"/>
  <testcase classname="io.mosip.testscripts.BookAppoinmentByPrid" name="Prereg_BookAppointmentByPRID_inValid_preRegistrationId" time="3.862"/>
  <testcase classname="io.mosip.testscripts.BookAppoinmentByPrid" name="Prereg_BookAppointmentByPRID_Invalid_requesttime" time="3.667"/>
  <testcase classname="io.mosip.testscripts.BookAppoinmentByPrid" name="Prereg_BookAppointmentByPRID_blank_time_slot_to" time="3.889">
    <error message="Failed at output validation" type="io.mosip.admin.fw.util.AdminTestException">
      <![CDATA[io.mosip.admin.fw.util.AdminTestException: Failed at output validation
	at io.mosip.testscripts.BookAppoinmentByPrid.test(BookAppoinmentByPrid.java:105)
	at java.base/jdk.internal.reflect.NativeMethodAccessorImpl.invoke0(Native Method)
	at java.base/jdk.internal.reflect.NativeMethodAccessorImpl.invoke(NativeMethodAccessorImpl.java:62)
	at java.base/jdk.internal.reflect.DelegatingMethodAccessorImpl.invoke(DelegatingMethodAccessorImpl.java:43)
	at java.base/java.lang.reflect.Method.invoke(Method.java:566)
	at org.testng.internal.MethodInvocationHelper.invokeMethod(MethodInvocationHelper.java:108)
	at org.testng.internal.Invoker.invokeMethod(Invoker.java:661)
	at org.testng.internal.Invoker.invokeTestMethod(Invoker.java:869)
	at org.testng.internal.Invoker.invokeTestMethods(Invoker.java:1193)
	at org.testng.internal.TestMethodWorker.invokeTestMethods(TestMethodWorker.java:126)
	at org.testng.internal.TestMethodWorker.run(TestMethodWorker.java:109)
	at org.testng.TestRunner.privateRun(TestRunner.java:744)
	at org.testng.TestRunner.run(TestRunner.java:602)
	at org.testng.SuiteRunner.runTest(SuiteRunner.java:380)
	at org.testng.SuiteRunner.runSequentially(SuiteRunner.java:375)
	at org.testng.SuiteRunner.privateRun(SuiteRunner.java:340)
	at org.testng.SuiteRunner.run(SuiteRunner.java:289)
	at org.testng.SuiteRunnerWorker.runSuite(SuiteRunnerWorker.java:52)
	at org.testng.SuiteRunnerWorker.run(SuiteRunnerWorker.java:86)
	at org.testng.TestNG.runSuitesSequentially(TestNG.java:1301)
	at org.testng.TestNG.runSuitesLocally(TestNG.java:1226)
	at org.testng.TestNG.runSuites(TestNG.java:1144)
	at org.testng.TestNG.run(TestNG.java:1115)
	at io.mosip.testrunner.MosipTestRunner.startTestRunner(MosipTestRunner.java:161)
	at io.mosip.testrunner.MosipTestRunner.main(MosipTestRunner.java:114)
]]>
    </error>
  </testcase> <!-- Prereg_BookAppointmentByPRID_blank_time_slot_to -->
  <testcase classname="io.mosip.testscripts.BookAppoinmentByPrid" name="Prereg_BookAppointmentByPRID_missing_preRegistrationId" time="4.204"/>
  <testcase classname="io.mosip.testscripts.BookAppoinmentByPrid" name="Prereg_BookAppointmentByPRID_Blank_Id" time="3.961"/>
  <testcase classname="io.mosip.testscripts.BookAppoinmentByPrid" name="Prereg_BookAppointmentByPRID_Blank_requesttime" time="3.575"/>
  <testcase classname="io.mosip.testscripts.BookAppoinmentByPrid" name="Prereg_BookAppointmentByPRID_Blank_registration_center_id" time="3.567">
    <error message="Failed at output validation" type="io.mosip.admin.fw.util.AdminTestException">
      <![CDATA[io.mosip.admin.fw.util.AdminTestException: Failed at output validation
	at io.mosip.testscripts.BookAppoinmentByPrid.test(BookAppoinmentByPrid.java:105)
	at java.base/jdk.internal.reflect.NativeMethodAccessorImpl.invoke0(Native Method)
	at java.base/jdk.internal.reflect.NativeMethodAccessorImpl.invoke(NativeMethodAccessorImpl.java:62)
	at java.base/jdk.internal.reflect.DelegatingMethodAccessorImpl.invoke(DelegatingMethodAccessorImpl.java:43)
	at java.base/java.lang.reflect.Method.invoke(Method.java:566)
	at org.testng.internal.MethodInvocationHelper.invokeMethod(MethodInvocationHelper.java:108)
	at org.testng.internal.Invoker.invokeMethod(Invoker.java:661)
	at org.testng.internal.Invoker.invokeTestMethod(Invoker.java:869)
	at org.testng.internal.Invoker.invokeTestMethods(Invoker.java:1193)
	at org.testng.internal.TestMethodWorker.invokeTestMethods(TestMethodWorker.java:126)
	at org.testng.internal.TestMethodWorker.run(TestMethodWorker.java:109)
	at org.testng.TestRunner.privateRun(TestRunner.java:744)
	at org.testng.TestRunner.run(TestRunner.java:602)
	at org.testng.SuiteRunner.runTest(SuiteRunner.java:380)
	at org.testng.SuiteRunner.runSequentially(SuiteRunner.java:375)
	at org.testng.SuiteRunner.privateRun(SuiteRunner.java:340)
	at org.testng.SuiteRunner.run(SuiteRunner.java:289)
	at org.testng.SuiteRunnerWorker.runSuite(SuiteRunnerWorker.java:52)
	at org.testng.SuiteRunnerWorker.run(SuiteRunnerWorker.java:86)
	at org.testng.TestNG.runSuitesSequentially(TestNG.java:1301)
	at org.testng.TestNG.runSuitesLocally(TestNG.java:1226)
	at org.testng.TestNG.runSuites(TestNG.java:1144)
	at org.testng.TestNG.run(TestNG.java:1115)
	at io.mosip.testrunner.MosipTestRunner.startTestRunner(MosipTestRunner.java:161)
	at io.mosip.testrunner.MosipTestRunner.main(MosipTestRunner.java:114)
]]>
    </error>
  </testcase> <!-- Prereg_BookAppointmentByPRID_Blank_registration_center_id -->
  <testcase classname="io.mosip.testscripts.BookAppoinmentByPrid" name="Prereg_BookAppointmentByPRID_All_Valid_Smoke" time="3.989">
    <error message="Failed at output validation" type="io.mosip.admin.fw.util.AdminTestException">
      <![CDATA[io.mosip.admin.fw.util.AdminTestException: Failed at output validation
	at io.mosip.testscripts.BookAppoinmentByPrid.test(BookAppoinmentByPrid.java:105)
	at java.base/jdk.internal.reflect.NativeMethodAccessorImpl.invoke0(Native Method)
	at java.base/jdk.internal.reflect.NativeMethodAccessorImpl.invoke(NativeMethodAccessorImpl.java:62)
	at java.base/jdk.internal.reflect.DelegatingMethodAccessorImpl.invoke(DelegatingMethodAccessorImpl.java:43)
	at java.base/java.lang.reflect.Method.invoke(Method.java:566)
	at org.testng.internal.MethodInvocationHelper.invokeMethod(MethodInvocationHelper.java:108)
	at org.testng.internal.Invoker.invokeMethod(Invoker.java:661)
	at org.testng.internal.Invoker.invokeTestMethod(Invoker.java:869)
	at org.testng.internal.Invoker.invokeTestMethods(Invoker.java:1193)
	at org.testng.internal.TestMethodWorker.invokeTestMethods(TestMethodWorker.java:126)
	at org.testng.internal.TestMethodWorker.run(TestMethodWorker.java:109)
	at org.testng.TestRunner.privateRun(TestRunner.java:744)
	at org.testng.TestRunner.run(TestRunner.java:602)
	at org.testng.SuiteRunner.runTest(SuiteRunner.java:380)
	at org.testng.SuiteRunner.runSequentially(SuiteRunner.java:375)
	at org.testng.SuiteRunner.privateRun(SuiteRunner.java:340)
	at org.testng.SuiteRunner.run(SuiteRunner.java:289)
	at org.testng.SuiteRunnerWorker.runSuite(SuiteRunnerWorker.java:52)
	at org.testng.SuiteRunnerWorker.run(SuiteRunnerWorker.java:86)
	at org.testng.TestNG.runSuitesSequentially(TestNG.java:1301)
	at org.testng.TestNG.runSuitesLocally(TestNG.java:1226)
	at org.testng.TestNG.runSuites(TestNG.java:1144)
	at org.testng.TestNG.run(TestNG.java:1115)
	at io.mosip.testrunner.MosipTestRunner.startTestRunner(MosipTestRunner.java:161)
	at io.mosip.testrunner.MosipTestRunner.main(MosipTestRunner.java:114)
]]>
    </error>
  </testcase> <!-- Prereg_BookAppointmentByPRID_All_Valid_Smoke -->
  <testcase classname="io.mosip.testscripts.BookAppoinmentByPrid" name="Prereg_BookAppointmentByPRID_Missing_appointment_date" time="3.379">
    <error message="Failed at output validation" type="io.mosip.admin.fw.util.AdminTestException">
      <![CDATA[io.mosip.admin.fw.util.AdminTestException: Failed at output validation
	at io.mosip.testscripts.BookAppoinmentByPrid.test(BookAppoinmentByPrid.java:105)
	at java.base/jdk.internal.reflect.NativeMethodAccessorImpl.invoke0(Native Method)
	at java.base/jdk.internal.reflect.NativeMethodAccessorImpl.invoke(NativeMethodAccessorImpl.java:62)
	at java.base/jdk.internal.reflect.DelegatingMethodAccessorImpl.invoke(DelegatingMethodAccessorImpl.java:43)
	at java.base/java.lang.reflect.Method.invoke(Method.java:566)
	at org.testng.internal.MethodInvocationHelper.invokeMethod(MethodInvocationHelper.java:108)
	at org.testng.internal.Invoker.invokeMethod(Invoker.java:661)
	at org.testng.internal.Invoker.invokeTestMethod(Invoker.java:869)
	at org.testng.internal.Invoker.invokeTestMethods(Invoker.java:1193)
	at org.testng.internal.TestMethodWorker.invokeTestMethods(TestMethodWorker.java:126)
	at org.testng.internal.TestMethodWorker.run(TestMethodWorker.java:109)
	at org.testng.TestRunner.privateRun(TestRunner.java:744)
	at org.testng.TestRunner.run(TestRunner.java:602)
	at org.testng.SuiteRunner.runTest(SuiteRunner.java:380)
	at org.testng.SuiteRunner.runSequentially(SuiteRunner.java:375)
	at org.testng.SuiteRunner.privateRun(SuiteRunner.java:340)
	at org.testng.SuiteRunner.run(SuiteRunner.java:289)
	at org.testng.SuiteRunnerWorker.runSuite(SuiteRunnerWorker.java:52)
	at org.testng.SuiteRunnerWorker.run(SuiteRunnerWorker.java:86)
	at org.testng.TestNG.runSuitesSequentially(TestNG.java:1301)
	at org.testng.TestNG.runSuitesLocally(TestNG.java:1226)
	at org.testng.TestNG.runSuites(TestNG.java:1144)
	at org.testng.TestNG.run(TestNG.java:1115)
	at io.mosip.testrunner.MosipTestRunner.startTestRunner(MosipTestRunner.java:161)
	at io.mosip.testrunner.MosipTestRunner.main(MosipTestRunner.java:114)
]]>
    </error>
  </testcase> <!-- Prereg_BookAppointmentByPRID_Missing_appointment_date -->
  <testcase classname="io.mosip.testscripts.BookAppoinmentByPrid" name="Prereg_BookAppointmentByPRID_Missing_time_slot_to" time="4.479">
    <error message="Failed at output validation" type="io.mosip.admin.fw.util.AdminTestException">
      <![CDATA[io.mosip.admin.fw.util.AdminTestException: Failed at output validation
	at io.mosip.testscripts.BookAppoinmentByPrid.test(BookAppoinmentByPrid.java:105)
	at jdk.internal.reflect.GeneratedMethodAccessor241.invoke(Unknown Source)
	at java.base/jdk.internal.reflect.DelegatingMethodAccessorImpl.invoke(DelegatingMethodAccessorImpl.java:43)
	at java.base/java.lang.reflect.Method.invoke(Method.java:566)
	at org.testng.internal.MethodInvocationHelper.invokeMethod(MethodInvocationHelper.java:108)
	at org.testng.internal.Invoker.invokeMethod(Invoker.java:661)
	at org.testng.internal.Invoker.invokeTestMethod(Invoker.java:869)
	at org.testng.internal.Invoker.invokeTestMethods(Invoker.java:1193)
	at org.testng.internal.TestMethodWorker.invokeTestMethods(TestMethodWorker.java:126)
	at org.testng.internal.TestMethodWorker.run(TestMethodWorker.java:109)
	at org.testng.TestRunner.privateRun(TestRunner.java:744)
	at org.testng.TestRunner.run(TestRunner.java:602)
	at org.testng.SuiteRunner.runTest(SuiteRunner.java:380)
	at org.testng.SuiteRunner.runSequentially(SuiteRunner.java:375)
	at org.testng.SuiteRunner.privateRun(SuiteRunner.java:340)
	at org.testng.SuiteRunner.run(SuiteRunner.java:289)
	at org.testng.SuiteRunnerWorker.runSuite(SuiteRunnerWorker.java:52)
	at org.testng.SuiteRunnerWorker.run(SuiteRunnerWorker.java:86)
	at org.testng.TestNG.runSuitesSequentially(TestNG.java:1301)
	at org.testng.TestNG.runSuitesLocally(TestNG.java:1226)
	at org.testng.TestNG.runSuites(TestNG.java:1144)
	at org.testng.TestNG.run(TestNG.java:1115)
	at io.mosip.testrunner.MosipTestRunner.startTestRunner(MosipTestRunner.java:161)
	at io.mosip.testrunner.MosipTestRunner.main(MosipTestRunner.java:114)
]]>
    </error>
  </testcase> <!-- Prereg_BookAppointmentByPRID_Missing_time_slot_to -->
  <testcase classname="io.mosip.testscripts.BookAppoinmentByPrid" name="Prereg_BookAppointmentByPRID_inValid_Id" time="4.006"/>
  <testcase classname="io.mosip.testscripts.BookAppoinmentByPrid" name="Prereg_BookAppointmentByPRID_Blank_version" time="3.451"/>
  <testcase classname="io.mosip.testscripts.BookAppoinmentByPrid" name="Prereg_BookAppointmentByPRID_blank_time_slot_from" time="3.840">
    <error message="Failed at output validation" type="io.mosip.admin.fw.util.AdminTestException">
      <![CDATA[io.mosip.admin.fw.util.AdminTestException: Failed at output validation
	at io.mosip.testscripts.BookAppoinmentByPrid.test(BookAppoinmentByPrid.java:105)
	at jdk.internal.reflect.GeneratedMethodAccessor241.invoke(Unknown Source)
	at java.base/jdk.internal.reflect.DelegatingMethodAccessorImpl.invoke(DelegatingMethodAccessorImpl.java:43)
	at java.base/java.lang.reflect.Method.invoke(Method.java:566)
	at org.testng.internal.MethodInvocationHelper.invokeMethod(MethodInvocationHelper.java:108)
	at org.testng.internal.Invoker.invokeMethod(Invoker.java:661)
	at org.testng.internal.Invoker.invokeTestMethod(Invoker.java:869)
	at org.testng.internal.Invoker.invokeTestMethods(Invoker.java:1193)
	at org.testng.internal.TestMethodWorker.invokeTestMethods(TestMethodWorker.java:126)
	at org.testng.internal.TestMethodWorker.run(TestMethodWorker.java:109)
	at org.testng.TestRunner.privateRun(TestRunner.java:744)
	at org.testng.TestRunner.run(TestRunner.java:602)
	at org.testng.SuiteRunner.runTest(SuiteRunner.java:380)
	at org.testng.SuiteRunner.runSequentially(SuiteRunner.java:375)
	at org.testng.SuiteRunner.privateRun(SuiteRunner.java:340)
	at org.testng.SuiteRunner.run(SuiteRunner.java:289)
	at org.testng.SuiteRunnerWorker.runSuite(SuiteRunnerWorker.java:52)
	at org.testng.SuiteRunnerWorker.run(SuiteRunnerWorker.java:86)
	at org.testng.TestNG.runSuitesSequentially(TestNG.java:1301)
	at org.testng.TestNG.runSuitesLocally(TestNG.java:1226)
	at org.testng.TestNG.runSuites(TestNG.java:1144)
	at org.testng.TestNG.run(TestNG.java:1115)
	at io.mosip.testrunner.MosipTestRunner.startTestRunner(MosipTestRunner.java:161)
	at io.mosip.testrunner.MosipTestRunner.main(MosipTestRunner.java:114)
]]>
    </error>
  </testcase> <!-- Prereg_BookAppointmentByPRID_blank_time_slot_from -->
  <testcase classname="io.mosip.testscripts.BookAppoinmentByPrid" name="Prereg_BookAppointmentByPRID_Missing_time_slot_from" time="4.010">
    <error message="Failed at output validation" type="io.mosip.admin.fw.util.AdminTestException">
      <![CDATA[io.mosip.admin.fw.util.AdminTestException: Failed at output validation
	at io.mosip.testscripts.BookAppoinmentByPrid.test(BookAppoinmentByPrid.java:105)
	at jdk.internal.reflect.GeneratedMethodAccessor241.invoke(Unknown Source)
	at java.base/jdk.internal.reflect.DelegatingMethodAccessorImpl.invoke(DelegatingMethodAccessorImpl.java:43)
	at java.base/java.lang.reflect.Method.invoke(Method.java:566)
	at org.testng.internal.MethodInvocationHelper.invokeMethod(MethodInvocationHelper.java:108)
	at org.testng.internal.Invoker.invokeMethod(Invoker.java:661)
	at org.testng.internal.Invoker.invokeTestMethod(Invoker.java:869)
	at org.testng.internal.Invoker.invokeTestMethods(Invoker.java:1193)
	at org.testng.internal.TestMethodWorker.invokeTestMethods(TestMethodWorker.java:126)
	at org.testng.internal.TestMethodWorker.run(TestMethodWorker.java:109)
	at org.testng.TestRunner.privateRun(TestRunner.java:744)
	at org.testng.TestRunner.run(TestRunner.java:602)
	at org.testng.SuiteRunner.runTest(SuiteRunner.java:380)
	at org.testng.SuiteRunner.runSequentially(SuiteRunner.java:375)
	at org.testng.SuiteRunner.privateRun(SuiteRunner.java:340)
	at org.testng.SuiteRunner.run(SuiteRunner.java:289)
	at org.testng.SuiteRunnerWorker.runSuite(SuiteRunnerWorker.java:52)
	at org.testng.SuiteRunnerWorker.run(SuiteRunnerWorker.java:86)
	at org.testng.TestNG.runSuitesSequentially(TestNG.java:1301)
	at org.testng.TestNG.runSuitesLocally(TestNG.java:1226)
	at org.testng.TestNG.runSuites(TestNG.java:1144)
	at org.testng.TestNG.run(TestNG.java:1115)
	at io.mosip.testrunner.MosipTestRunner.startTestRunner(MosipTestRunner.java:161)
	at io.mosip.testrunner.MosipTestRunner.main(MosipTestRunner.java:114)
]]>
    </error>
  </testcase> <!-- Prereg_BookAppointmentByPRID_Missing_time_slot_from -->
  <testcase classname="io.mosip.testscripts.BookAppoinmentByPrid" name="Prereg_BookAppointmentByPRID_Invalid_appointment_date" time="3.616"/>
  <testcase classname="io.mosip.testscripts.BookAppoinmentByPrid" name="Prereg_BookAppointmentByPRID_Invalid_registration_center_id" time="3.366">
    <error message="Failed at output validation" type="io.mosip.admin.fw.util.AdminTestException">
      <![CDATA[io.mosip.admin.fw.util.AdminTestException: Failed at output validation
	at io.mosip.testscripts.BookAppoinmentByPrid.test(BookAppoinmentByPrid.java:105)
	at java.base/jdk.internal.reflect.NativeMethodAccessorImpl.invoke0(Native Method)
	at java.base/jdk.internal.reflect.NativeMethodAccessorImpl.invoke(NativeMethodAccessorImpl.java:62)
	at java.base/jdk.internal.reflect.DelegatingMethodAccessorImpl.invoke(DelegatingMethodAccessorImpl.java:43)
	at java.base/java.lang.reflect.Method.invoke(Method.java:566)
	at org.testng.internal.MethodInvocationHelper.invokeMethod(MethodInvocationHelper.java:108)
	at org.testng.internal.Invoker.invokeMethod(Invoker.java:661)
	at org.testng.internal.Invoker.invokeTestMethod(Invoker.java:869)
	at org.testng.internal.Invoker.invokeTestMethods(Invoker.java:1193)
	at org.testng.internal.TestMethodWorker.invokeTestMethods(TestMethodWorker.java:126)
	at org.testng.internal.TestMethodWorker.run(TestMethodWorker.java:109)
	at org.testng.TestRunner.privateRun(TestRunner.java:744)
	at org.testng.TestRunner.run(TestRunner.java:602)
	at org.testng.SuiteRunner.runTest(SuiteRunner.java:380)
	at org.testng.SuiteRunner.runSequentially(SuiteRunner.java:375)
	at org.testng.SuiteRunner.privateRun(SuiteRunner.java:340)
	at org.testng.SuiteRunner.run(SuiteRunner.java:289)
	at org.testng.SuiteRunnerWorker.runSuite(SuiteRunnerWorker.java:52)
	at org.testng.SuiteRunnerWorker.run(SuiteRunnerWorker.java:86)
	at org.testng.TestNG.runSuitesSequentially(TestNG.java:1301)
	at org.testng.TestNG.runSuitesLocally(TestNG.java:1226)
	at org.testng.TestNG.runSuites(TestNG.java:1144)
	at org.testng.TestNG.run(TestNG.java:1115)
	at io.mosip.testrunner.MosipTestRunner.startTestRunner(MosipTestRunner.java:161)
	at io.mosip.testrunner.MosipTestRunner.main(MosipTestRunner.java:114)
]]>
    </error>
  </testcase> <!-- Prereg_BookAppointmentByPRID_Invalid_registration_center_id -->
  <testcase classname="io.mosip.testscripts.BookAppoinmentByPrid" name="Prereg_BookAppointmentByPRID_missing_requesttime" time="3.836"/>
  <testcase classname="io.mosip.testscripts.BookAppoinmentByPrid" name="Prereg_BookAppointmentByPRID_previous_requesttime" time="3.483"/>
  <testcase classname="io.mosip.testscripts.BookAppoinmentByPrid" name="Prereg_BookAppointmentByPRID_Blank_appointment_date" time="3.369">
    <error message="Failed at output validation" type="io.mosip.admin.fw.util.AdminTestException">
      <![CDATA[io.mosip.admin.fw.util.AdminTestException: Failed at output validation
	at io.mosip.testscripts.BookAppoinmentByPrid.test(BookAppoinmentByPrid.java:105)
	at java.base/jdk.internal.reflect.NativeMethodAccessorImpl.invoke0(Native Method)
	at java.base/jdk.internal.reflect.NativeMethodAccessorImpl.invoke(NativeMethodAccessorImpl.java:62)
	at java.base/jdk.internal.reflect.DelegatingMethodAccessorImpl.invoke(DelegatingMethodAccessorImpl.java:43)
	at java.base/java.lang.reflect.Method.invoke(Method.java:566)
	at org.testng.internal.MethodInvocationHelper.invokeMethod(MethodInvocationHelper.java:108)
	at org.testng.internal.Invoker.invokeMethod(Invoker.java:661)
	at org.testng.internal.Invoker.invokeTestMethod(Invoker.java:869)
	at org.testng.internal.Invoker.invokeTestMethods(Invoker.java:1193)
	at org.testng.internal.TestMethodWorker.invokeTestMethods(TestMethodWorker.java:126)
	at org.testng.internal.TestMethodWorker.run(TestMethodWorker.java:109)
	at org.testng.TestRunner.privateRun(TestRunner.java:744)
	at org.testng.TestRunner.run(TestRunner.java:602)
	at org.testng.SuiteRunner.runTest(SuiteRunner.java:380)
	at org.testng.SuiteRunner.runSequentially(SuiteRunner.java:375)
	at org.testng.SuiteRunner.privateRun(SuiteRunner.java:340)
	at org.testng.SuiteRunner.run(SuiteRunner.java:289)
	at org.testng.SuiteRunnerWorker.runSuite(SuiteRunnerWorker.java:52)
	at org.testng.SuiteRunnerWorker.run(SuiteRunnerWorker.java:86)
	at org.testng.TestNG.runSuitesSequentially(TestNG.java:1301)
	at org.testng.TestNG.runSuitesLocally(TestNG.java:1226)
	at org.testng.TestNG.runSuites(TestNG.java:1144)
	at org.testng.TestNG.run(TestNG.java:1115)
	at io.mosip.testrunner.MosipTestRunner.startTestRunner(MosipTestRunner.java:161)
	at io.mosip.testrunner.MosipTestRunner.main(MosipTestRunner.java:114)
]]>
    </error>
  </testcase> <!-- Prereg_BookAppointmentByPRID_Blank_appointment_date -->
  <testcase classname="io.mosip.testscripts.BookAppoinmentByPrid" name="Prereg_BookAppointmentByPRID_Missing_registration_center_id" time="3.281">
    <error message="Failed at output validation" type="io.mosip.admin.fw.util.AdminTestException">
      <![CDATA[io.mosip.admin.fw.util.AdminTestException: Failed at output validation
	at io.mosip.testscripts.BookAppoinmentByPrid.test(BookAppoinmentByPrid.java:105)
	at java.base/jdk.internal.reflect.NativeMethodAccessorImpl.invoke0(Native Method)
	at java.base/jdk.internal.reflect.NativeMethodAccessorImpl.invoke(NativeMethodAccessorImpl.java:62)
	at java.base/jdk.internal.reflect.DelegatingMethodAccessorImpl.invoke(DelegatingMethodAccessorImpl.java:43)
	at java.base/java.lang.reflect.Method.invoke(Method.java:566)
	at org.testng.internal.MethodInvocationHelper.invokeMethod(MethodInvocationHelper.java:108)
	at org.testng.internal.Invoker.invokeMethod(Invoker.java:661)
	at org.testng.internal.Invoker.invokeTestMethod(Invoker.java:869)
	at org.testng.internal.Invoker.invokeTestMethods(Invoker.java:1193)
	at org.testng.internal.TestMethodWorker.invokeTestMethods(TestMethodWorker.java:126)
	at org.testng.internal.TestMethodWorker.run(TestMethodWorker.java:109)
	at org.testng.TestRunner.privateRun(TestRunner.java:744)
	at org.testng.TestRunner.run(TestRunner.java:602)
	at org.testng.SuiteRunner.runTest(SuiteRunner.java:380)
	at org.testng.SuiteRunner.runSequentially(SuiteRunner.java:375)
	at org.testng.SuiteRunner.privateRun(SuiteRunner.java:340)
	at org.testng.SuiteRunner.run(SuiteRunner.java:289)
	at org.testng.SuiteRunnerWorker.runSuite(SuiteRunnerWorker.java:52)
	at org.testng.SuiteRunnerWorker.run(SuiteRunnerWorker.java:86)
	at org.testng.TestNG.runSuitesSequentially(TestNG.java:1301)
	at org.testng.TestNG.runSuitesLocally(TestNG.java:1226)
	at org.testng.TestNG.runSuites(TestNG.java:1144)
	at org.testng.TestNG.run(TestNG.java:1115)
	at io.mosip.testrunner.MosipTestRunner.startTestRunner(MosipTestRunner.java:161)
	at io.mosip.testrunner.MosipTestRunner.main(MosipTestRunner.java:114)
]]>
    </error>
  </testcase> <!-- Prereg_BookAppointmentByPRID_Missing_registration_center_id -->
</testsuite> <!-- io.mosip.testscripts.BookAppoinmentByPrid -->
