<?xml version="1.0" encoding="UTF-8"?>
<!-- Generated by org.testng.reporters.JUnitReportReporter -->
<testsuite hostname="Techno-311" failures="0" tests="9" name="io.mosip.testrig.apirig.testscripts.DemoAuth" time="0.000" errors="0" timestamp="05 Oct 2023 08:22:57 GMT" skipped="9">
  <testcase classname="io.mosip.testrig.apirig.testscripts.DemoAuth" name="auth_DemoAuth_blocked_UIN_Pos" time="0.000">
    <skipped/>
  </testcase> <!-- auth_DemoAuth_blocked_UIN_Pos -->
  <testcase classname="io.mosip.testrig.apirig.testscripts.DemoAuth" name="auth_DemoAuth_Locked_UIN_Pos" time="0.000">
    <skipped/>
  </testcase> <!-- auth_DemoAuth_Locked_UIN_Pos -->
  <testcase classname="io.mosip.testrig.apirig.testscripts.DemoAuth" name="auth_DemoAuth_blocked_VID_Pos" time="0.000">
    <skipped/>
  </testcase> <!-- auth_DemoAuth_blocked_VID_Pos -->
  <testcase classname="io.mosip.testrig.apirig.testscripts.DemoAuth" name="auth_EkycDemo_Auth_With_blocked_UIN_Pos" time="0.000">
    <skipped/>
  </testcase> <!-- auth_EkycDemo_Auth_With_blocked_UIN_Pos -->
  <testcase classname="io.mosip.testrig.apirig.testscripts.DemoAuth" name="auth_EkycDemo_Auth_With_blocked_VID" time="0.000">
    <skipped/>
  </testcase> <!-- auth_EkycDemo_Auth_With_blocked_VID -->
  <testcase classname="io.mosip.testrig.apirig.testscripts.DemoAuth" name="auth_DemoAuth_blocked_partnerid_Pos" time="0.000">
    <skipped/>
  </testcase> <!-- auth_DemoAuth_blocked_partnerid_Pos -->
  <testcase classname="io.mosip.testrig.apirig.testscripts.DemoAuth" name="auth_EkycDemo_Auth_With_blocked_UIN_Pos" time="0.000">
    <skipped/>
  </testcase> <!-- auth_EkycDemo_Auth_With_blocked_UIN_Pos -->
  <testcase classname="io.mosip.testrig.apirig.testscripts.DemoAuth" name="auth_DemoAuth_blocked_partnerid__VID_Pos" time="0.000">
    <skipped/>
  </testcase> <!-- auth_DemoAuth_blocked_partnerid__VID_Pos -->
  <testcase classname="io.mosip.testrig.apirig.testscripts.DemoAuth" name="auth_EkycDemo_Auth_With_blocked_VID" time="0.000">
    <skipped/>
  </testcase> <!-- auth_EkycDemo_Auth_With_blocked_VID -->
</testsuite> <!-- io.mosip.testrig.apirig.testscripts.DemoAuth -->
