<?xml version="1.0" encoding="UTF-8"?>
<!-- Generated by org.testng.reporters.JUnitReportReporter -->
<testsuite hostname="Techno-311" failures="0" tests="27" name="io.mosip.testrig.apirig.testscripts.SimplePatch" time="6.127" errors="2" timestamp="12 Jan 2024 13:39:43 GMT" skipped="12">
  <testcase classname="io.mosip.testrig.apirig.testscripts.SimplePatch" name="Resident_UpdateUINNew_vid_Missing_Requesttime_Neg" time="0.008">
    <skipped/>
  </testcase> <!-- Resident_UpdateUINNew_vid_Missing_Requesttime_Neg -->
  <testcase classname="io.mosip.testrig.apirig.testscripts.SimplePatch" name="Resident_UpdateUINNew_Invalid_User_Neg" time="0.676"/>
  <testcase classname="io.mosip.testrig.apirig.testscripts.SimplePatch" name="Resident_UpdateUINNew_vid_Invalid_Language_Neg" time="0.010">
    <skipped/>
  </testcase> <!-- Resident_UpdateUINNew_vid_Invalid_Language_Neg -->
  <testcase classname="io.mosip.testrig.apirig.testscripts.SimplePatch" name="Resident_UpdateUINNew_vid_Missing_Consent_Neg" time="0.007">
    <skipped/>
  </testcase> <!-- Resident_UpdateUINNew_vid_Missing_Consent_Neg -->
  <testcase classname="io.mosip.testrig.apirig.testscripts.SimplePatch" name="Resident_UpdateUINNew_Missing_Consent_Neg" time="0.324"/>
  <testcase classname="io.mosip.testrig.apirig.testscripts.SimplePatch" name="Resident_UpdateUINNew_Missing_Identity_Neg" time="0.326"/>
  <testcase classname="io.mosip.testrig.apirig.testscripts.SimplePatch" name="Resident_UpdateUINNew_vid_Empty_TransactionID_Neg" time="0.007">
    <skipped/>
  </testcase> <!-- Resident_UpdateUINNew_vid_Empty_TransactionID_Neg -->
  <testcase classname="io.mosip.testrig.apirig.testscripts.SimplePatch" name="Resident_UpdateUINNew_Empty_Requesttime_Neg" time="0.269"/>
  <testcase classname="io.mosip.testrig.apirig.testscripts.SimplePatch" name="Resident_UpdateUINNew_all_Valid_Smoke" time="0.955">
    <error message="Failed at output validation" type="io.mosip.testrig.apirig.admin.fw.util.AdminTestException">
      <![CDATA[io.mosip.testrig.apirig.admin.fw.util.AdminTestException: Failed at output validation
	at io.mosip.testrig.apirig.testscripts.SimplePatch.test(SimplePatch.java:137)
	at java.base/jdk.internal.reflect.NativeMethodAccessorImpl.invoke0(Native Method)
	at java.base/jdk.internal.reflect.NativeMethodAccessorImpl.invoke(NativeMethodAccessorImpl.java:62)
	at java.base/jdk.internal.reflect.DelegatingMethodAccessorImpl.invoke(DelegatingMethodAccessorImpl.java:43)
	at java.base/java.lang.reflect.Method.invoke(Method.java:566)
	at org.testng.internal.MethodInvocationHelper.invokeMethod(MethodInvocationHelper.java:108)
	at org.testng.internal.Invoker.invokeMethod(Invoker.java:661)
	at org.testng.internal.Invoker.invokeTestMethod(Invoker.java:869)
	at org.testng.internal.Invoker.invokeTestMethods(Invoker.java:1193)
	at org.testng.internal.TestMethodWorker.invokeTestMethods(TestMethodWorker.java:126)
	at org.testng.internal.TestMethodWorker.run(TestMethodWorker.java:109)
	at org.testng.TestRunner.privateRun(TestRunner.java:744)
	at org.testng.TestRunner.run(TestRunner.java:602)
	at org.testng.SuiteRunner.runTest(SuiteRunner.java:380)
	at org.testng.SuiteRunner.runSequentially(SuiteRunner.java:375)
	at org.testng.SuiteRunner.privateRun(SuiteRunner.java:340)
	at org.testng.SuiteRunner.run(SuiteRunner.java:289)
	at org.testng.SuiteRunnerWorker.runSuite(SuiteRunnerWorker.java:52)
	at org.testng.SuiteRunnerWorker.run(SuiteRunnerWorker.java:86)
	at org.testng.TestNG.runSuitesSequentially(TestNG.java:1301)
	at org.testng.TestNG.runSuitesLocally(TestNG.java:1226)
	at org.testng.TestNG.runSuites(TestNG.java:1144)
	at org.testng.TestNG.run(TestNG.java:1115)
	at io.mosip.testrig.apirig.testrunner.MosipTestRunner.startTestRunner(MosipTestRunner.java:197)
	at io.mosip.testrig.apirig.testrunner.MosipTestRunner.main(MosipTestRunner.java:140)
]]>
    </error>
  </testcase> <!-- Resident_UpdateUINNew_all_Valid_Smoke -->
  <testcase classname="io.mosip.testrig.apirig.testscripts.SimplePatch" name="Resident_UpdateUINNew_Missing_TransactionID_Pos" time="0.354"/>
  <testcase classname="io.mosip.testrig.apirig.testscripts.SimplePatch" name="Resident_UpdateUINNew_vid_Invalid_Requesttime_Neg" time="0.007">
    <skipped/>
  </testcase> <!-- Resident_UpdateUINNew_vid_Invalid_Requesttime_Neg -->
  <testcase classname="io.mosip.testrig.apirig.testscripts.SimplePatch" name="Resident_UpdateUINNew_Empty_TransactionID_Neg" time="0.295"/>
  <testcase classname="io.mosip.testrig.apirig.testscripts.SimplePatch" name="Resident_UpdateUINNew_vid_all_Valid_Smoke" time="0.014">
    <skipped/>
  </testcase> <!-- Resident_UpdateUINNew_vid_all_Valid_Smoke -->
  <testcase classname="io.mosip.testrig.apirig.testscripts.SimplePatch" name="Resident_UpdateUINNew_Invalid_Language_Neg" time="0.371"/>
  <testcase classname="io.mosip.testrig.apirig.testscripts.SimplePatch" name="Resident_UpdateUINNew_Invalid_Consent_Neg" time="0.359"/>
  <testcase classname="io.mosip.testrig.apirig.testscripts.SimplePatch" name="Resident_UpdateUINNew_Missing_Requesttime_Neg" time="0.426"/>
  <testcase classname="io.mosip.testrig.apirig.testscripts.SimplePatch" name="Resident_UpdateUINNew_Empty_Consent_Neg" time="0.302"/>
  <testcase classname="io.mosip.testrig.apirig.testscripts.SimplePatch" name="Resident_UpdateUINNew_vid_Empty_Consent_Neg" time="0.008">
    <skipped/>
  </testcase> <!-- Resident_UpdateUINNew_vid_Empty_Consent_Neg -->
  <testcase classname="io.mosip.testrig.apirig.testscripts.SimplePatch" name="Resident_UpdateUINNew_Invalid_TransactionID_Neg" time="0.794"/>
  <testcase classname="io.mosip.testrig.apirig.testscripts.SimplePatch" name="Resident_UpdateUINNew_Vid_Missing_Identity_Neg" time="0.007">
    <error type="java.lang.NullPointerException">
      <![CDATA[java.lang.NullPointerException
	at java.base/java.io.StringReader.<init>(StringReader.java:50)
	at org.json.JSONTokener.<init>(JSONTokener.java:94)
	at org.json.JSONObject.<init>(JSONObject.java:357)
	at io.mosip.testrig.apirig.kernel.util.KernelAuthentication.getAuthFromEsignet(KernelAuthentication.java:227)
	at io.mosip.testrig.apirig.kernel.util.KernelAuthentication.getTokenByRole(KernelAuthentication.java:186)
	at io.mosip.testrig.apirig.admin.fw.util.AdminTestUtil.patchWithBodyAndCookie(AdminTestUtil.java:1067)
	at io.mosip.testrig.apirig.testscripts.SimplePatch.test(SimplePatch.java:117)
	at jdk.internal.reflect.GeneratedMethodAccessor194.invoke(Unknown Source)
	at java.base/jdk.internal.reflect.DelegatingMethodAccessorImpl.invoke(DelegatingMethodAccessorImpl.java:43)
	at java.base/java.lang.reflect.Method.invoke(Method.java:566)
	at org.testng.internal.MethodInvocationHelper.invokeMethod(MethodInvocationHelper.java:108)
	at org.testng.internal.Invoker.invokeMethod(Invoker.java:661)
	at org.testng.internal.Invoker.invokeTestMethod(Invoker.java:869)
	at org.testng.internal.Invoker.invokeTestMethods(Invoker.java:1193)
	at org.testng.internal.TestMethodWorker.invokeTestMethods(TestMethodWorker.java:126)
	at org.testng.internal.TestMethodWorker.run(TestMethodWorker.java:109)
	at org.testng.TestRunner.privateRun(TestRunner.java:744)
	at org.testng.TestRunner.run(TestRunner.java:602)
	at org.testng.SuiteRunner.runTest(SuiteRunner.java:380)
	at org.testng.SuiteRunner.runSequentially(SuiteRunner.java:375)
	at org.testng.SuiteRunner.privateRun(SuiteRunner.java:340)
	at org.testng.SuiteRunner.run(SuiteRunner.java:289)
	at org.testng.SuiteRunnerWorker.runSuite(SuiteRunnerWorker.java:52)
	at org.testng.SuiteRunnerWorker.run(SuiteRunnerWorker.java:86)
	at org.testng.TestNG.runSuitesSequentially(TestNG.java:1301)
	at org.testng.TestNG.runSuitesLocally(TestNG.java:1226)
	at org.testng.TestNG.runSuites(TestNG.java:1144)
	at org.testng.TestNG.run(TestNG.java:1115)
	at io.mosip.testrig.apirig.testrunner.MosipTestRunner.startTestRunner(MosipTestRunner.java:197)
	at io.mosip.testrig.apirig.testrunner.MosipTestRunner.main(MosipTestRunner.java:140)
]]>
    </error>
  </testcase> <!-- Resident_UpdateUINNew_Vid_Missing_Identity_Neg -->
  <testcase classname="io.mosip.testrig.apirig.testscripts.SimplePatch" name="Resident_UpdateUINNew_vid_Empty_Requesttime_Neg" time="0.009">
    <skipped/>
  </testcase> <!-- Resident_UpdateUINNew_vid_Empty_Requesttime_Neg -->
  <testcase classname="io.mosip.testrig.apirig.testscripts.SimplePatch" name="Resident_UpdateUINNew_vid_Missing_TransactionID_Pos" time="0.008">
    <skipped/>
  </testcase> <!-- Resident_UpdateUINNew_vid_Missing_TransactionID_Pos -->
  <testcase classname="io.mosip.testrig.apirig.testscripts.SimplePatch" name="Resident_UpdateUINNew_Invalid_Identity_Neg" time="0.263"/>
  <testcase classname="io.mosip.testrig.apirig.testscripts.SimplePatch" name="Resident_UpdateUINNew_vid_Invalid_Consent_Neg" time="0.008">
    <skipped/>
  </testcase> <!-- Resident_UpdateUINNew_vid_Invalid_Consent_Neg -->
  <testcase classname="io.mosip.testrig.apirig.testscripts.SimplePatch" name="Resident_UpdateUINNew_Vid_Invalid_Identity_Neg" time="0.006">
    <skipped/>
  </testcase> <!-- Resident_UpdateUINNew_Vid_Invalid_Identity_Neg -->
  <testcase classname="io.mosip.testrig.apirig.testscripts.SimplePatch" name="Resident_UpdateUINNew_Invalid_Requesttime_Neg" time="0.307"/>
  <testcase classname="io.mosip.testrig.apirig.testscripts.SimplePatch" name="Resident_UpdateUINNew_vid_Invalid_TransactionID_Neg" time="0.007">
    <skipped/>
  </testcase> <!-- Resident_UpdateUINNew_vid_Invalid_TransactionID_Neg -->
</testsuite> <!-- io.mosip.testrig.apirig.testscripts.SimplePatch -->
