<?xml version="1.0" encoding="UTF-8"?>
<!-- Generated by org.testng.reporters.JUnitReportReporter -->
<testsuite hostname="Techno-311" failures="0" tests="16" name="io.mosip.testscripts.SimplePatch" time="11.921" errors="0" timestamp="14 Jul 2023 17:04:34 GMT" skipped="0">
  <testcase classname="io.mosip.testscripts.SimplePatch" name="Partner_ApproveSecureBiometricInterface_Missing_InputParameter_approvalStatus" time="0.723"/>
  <testcase classname="io.mosip.testscripts.SimplePatch" name="Partner_ApproveFtpChipDetail_All_Valid_Smoke" time="0.777"/>
  <testcase classname="io.mosip.testscripts.SimplePatch" name="Partner_RejectSecureBiometricInterface_Valid_Smoke" time="0.755"/>
  <testcase classname="io.mosip.testscripts.SimplePatch" name="Partner_ApproveFtpChipDetail_Missing_InputParameter_ftpChipDetailId" time="0.688"/>
  <testcase classname="io.mosip.testscripts.SimplePatch" name="Partner_ApproveRejectDeviceDetail_All_Valid_Smoke" time="0.733"/>
  <testcase classname="io.mosip.testscripts.SimplePatch" name="Partner_rejectDeviceDetail_Missing_InputParameter_approvalStatus" time="0.722"/>
  <testcase classname="io.mosip.testscripts.SimplePatch" name="Partner_ApproveRejectDeviceDetail_Missing_InputParameter_deviceId" time="0.728"/>
  <testcase classname="io.mosip.testscripts.SimplePatch" name="Partner_ApproveRejectDeviceDetail_Missing_InputParameter_approvalStatus" time="0.677"/>
  <testcase classname="io.mosip.testscripts.SimplePatch" name="Partner_RejectSecureBiometricInterface_Missing_InputParameter_approvalStatus" time="0.683"/>
  <testcase classname="io.mosip.testscripts.SimplePatch" name="Partner_rejectFtpChipDetail_All_Valid_Smoke" time="0.873"/>
  <testcase classname="io.mosip.testscripts.SimplePatch" name="Partner_ApproveSecureBiometricInterface_All_Valid_Smoke" time="0.750"/>
  <testcase classname="io.mosip.testscripts.SimplePatch" name="Partner_rejectDeviceDetail_All_Valid_Smoke" time="0.793"/>
  <testcase classname="io.mosip.testscripts.SimplePatch" name="Partner_RejectSecureBiometricInterface_All_Valid_Smoke" time="0.739"/>
  <testcase classname="io.mosip.testscripts.SimplePatch" name="Partner_rejectDeviceDetail_Missing_InputParameter_deviceId" time="0.783"/>
  <testcase classname="io.mosip.testscripts.SimplePatch" name="Partner_rejectFtpChipDetail_Missing_InputParameter_ftpChipDetailId" time="0.711"/>
  <testcase classname="io.mosip.testscripts.SimplePatch" name="Partner_rejectDeviceDetail_Valid_Smoke" time="0.786"/>
</testsuite> <!-- io.mosip.testscripts.SimplePatch -->
