<?xml version="1.0" encoding="UTF-8"?>
<!-- Generated by org.testng.reporters.JUnitReportReporter -->
<testsuite hostname="Techno-311" failures="0" tests="5" name="io.mosip.testscripts.PostWithBodyAndPathParams" time="3.856" errors="0" timestamp="14 Jul 2023 17:04:34 GMT" skipped="0">
  <testcase classname="io.mosip.testscripts.PostWithBodyAndPathParams" name="Partner_AddBioExtractors_invalid_policyId" time="0.793"/>
  <testcase classname="io.mosip.testscripts.PostWithBodyAndPathParams" name="Partner_CreateBioExtractors_InValid_partnerId" time="0.743"/>
  <testcase classname="io.mosip.testscripts.PostWithBodyAndPathParams" name="Partner_AddBioExtractors_invalid_partnerId" time="0.737"/>
  <testcase classname="io.mosip.testscripts.PostWithBodyAndPathParams" name="Partner_AddBioExtractors_MosipDataSharePolicy_All_Valid_Smoke" time="0.776"/>
  <testcase classname="io.mosip.testscripts.PostWithBodyAndPathParams" name="Partner_AddBioExtractors_MosipPolicy_All_Valid_Smoke" time="0.807"/>
</testsuite> <!-- io.mosip.testscripts.PostWithBodyAndPathParams -->
